@!@!@STARTMSG 2262:0 @!@!@
TLC2 Version 2.13 of 18 July 2018
@!@!@ENDMSG 2262 @!@!@
@!@!@STARTMSG 2187:0 @!@!@
Running breadth-first search Model-Checking with fp 125 and seed 6768708307994041622 with 4 workers on 8 cores with 583MB heap and 1309MB offheap memory [pid: 2011] (Linux 5.1.7-arch1-1-ARCH amd64, AdoptOpenJDK 11.0.3 x86_64, OffHeapDiskFPSet, DiskStateQueue).
@!@!@ENDMSG 2187 @!@!@
@!@!@STARTMSG 2220:0 @!@!@
Starting SANY...
@!@!@ENDMSG 2220 @!@!@
Parsing file /home/jb567/VicUniFiles/2019/T1/SWEN421/Assignments/A3/ass3.toolbox/Safety/MC.tla
Parsing file /home/jb567/VicUniFiles/2019/T1/SWEN421/Assignments/A3/ass3.toolbox/Safety/ass3.tla
Parsing file /usr/share/java/tla-toolbox/plugins/org.lamport.tlatools_1.0.0.201905151637/tla2sany/StandardModules/TLC.tla
Parsing file /usr/share/java/tla-toolbox/plugins/org.lamport.tlatools_1.0.0.201905151637/tla2sany/StandardModules/Sequences.tla
Parsing file /usr/share/java/tla-toolbox/plugins/org.lamport.tlatools_1.0.0.201905151637/tla2sany/StandardModules/Naturals.tla
Parsing file /home/jb567/VicUniFiles/2019/T1/SWEN421/Assignments/A3/ass3.toolbox/Safety/slidingSender.tla
Parsing file /home/jb567/VicUniFiles/2019/T1/SWEN421/Assignments/A3/ass3.toolbox/Safety/dataWire.tla
Parsing file /home/jb567/VicUniFiles/2019/T1/SWEN421/Assignments/A3/ass3.toolbox/Safety/gbnReceiver.tla
Parsing file /home/jb567/VicUniFiles/2019/T1/SWEN421/Assignments/A3/ass3.toolbox/Safety/mpb.tla
Parsing file /usr/share/java/tla-toolbox/plugins/org.lamport.tlatools_1.0.0.201905151637/tla2sany/StandardModules/FiniteSets.tla
Semantic processing of module Naturals
Semantic processing of module Sequences
Semantic processing of module FiniteSets
Semantic processing of module TLC
Semantic processing of module slidingSender
Semantic processing of module dataWire
Semantic processing of module gbnReceiver
Semantic processing of module mpb
Semantic processing of module ass3
Semantic processing of module MC
@!@!@STARTMSG 2219:0 @!@!@
SANY finished.
@!@!@ENDMSG 2219 @!@!@
@!@!@STARTMSG 2185:0 @!@!@
Starting... (2019-06-17 00:19:02)
@!@!@ENDMSG 2185 @!@!@
@!@!@STARTMSG 2212:0 @!@!@
Implied-temporal checking--satisfiability problem has 1 branches.
@!@!@ENDMSG 2212 @!@!@
@!@!@STARTMSG 2189:0 @!@!@
Computing initial states...
@!@!@ENDMSG 2189 @!@!@
@!@!@STARTMSG 2102:1 @!@!@
current state is not a legal state
While working on the initial state:
/\ senderState = "WAITING"
/\ ackWireIn = <<>>
/\ ackWireOut = <<>>
/\ dataWireOut = <<>>
/\ n = null
/\ dataWireIn = <<>>
/\ output = <<>>
/\ ackSeqNum = 0
/\ senderIdx = 1
/\ buffer = null
/\ senderPc = [ SendSynAck |-> "A_S",
  SynAck |-> "A_",
  ReceiveButFirst |-> "A_R",
  Sender |-> "A_s",
  ACK |-> "A" ]
/\ receiverState = "WAITING"

@!@!@ENDMSG 2102 @!@!@
@!@!@STARTMSG 2186:0 @!@!@
Finished in 1166ms at (2019-06-17 00:19:03)
@!@!@ENDMSG 2186 @!@!@
