@!@!@STARTMSG 2262:0 @!@!@
TLC2 Version 2.13 of 18 July 2018
@!@!@ENDMSG 2262 @!@!@
@!@!@STARTMSG 2187:0 @!@!@
Running breadth-first search Model-Checking with fp 108 and seed -6901000313304585062 with 4 workers on 8 cores with 583MB heap and 1309MB offheap memory [pid: 7882] (Linux 5.1.7-arch1-1-ARCH amd64, AdoptOpenJDK 11.0.3 x86_64, OffHeapDiskFPSet, DiskStateQueue).
@!@!@ENDMSG 2187 @!@!@
@!@!@STARTMSG 2220:0 @!@!@
Starting SANY...
@!@!@ENDMSG 2220 @!@!@
Parsing file /home/jb567/projects/tla-go-back-n/goBackN.toolbox/Properties/MC.tla
Parsing file /home/jb567/projects/tla-go-back-n/goBackN.toolbox/Properties/ass3.tla
Parsing file /usr/share/java/tla-toolbox/plugins/org.lamport.tlatools_1.0.0.201905151637/tla2sany/StandardModules/TLC.tla
Parsing file /usr/share/java/tla-toolbox/plugins/org.lamport.tlatools_1.0.0.201905151637/tla2sany/StandardModules/Sequences.tla
Parsing file /usr/share/java/tla-toolbox/plugins/org.lamport.tlatools_1.0.0.201905151637/tla2sany/StandardModules/Naturals.tla
Parsing file /home/jb567/projects/tla-go-back-n/goBackN.toolbox/Properties/slidingSender.tla
Parsing file /home/jb567/projects/tla-go-back-n/goBackN.toolbox/Properties/Util.tla
Parsing file /home/jb567/projects/tla-go-back-n/goBackN.toolbox/Properties/dataWire.tla
Parsing file /home/jb567/projects/tla-go-back-n/goBackN.toolbox/Properties/gbnReceiver.tla
Parsing file /home/jb567/projects/tla-go-back-n/goBackN.toolbox/Properties/mpb.tla
Parsing file /home/jb567/projects/tla-go-back-n/goBackN.toolbox/Properties/tcp.tla
Parsing file /usr/share/java/tla-toolbox/plugins/org.lamport.tlatools_1.0.0.201905151637/tla2sany/StandardModules/FiniteSets.tla
Semantic processing of module Naturals
Semantic processing of module Sequences
Semantic processing of module FiniteSets
Semantic processing of module TLC
Semantic processing of module Util
Semantic processing of module slidingSender
Semantic processing of module dataWire
Semantic processing of module gbnReceiver
Semantic processing of module mpb
Semantic processing of module tcp
Semantic processing of module ass3
Semantic processing of module MC
@!@!@STARTMSG 2219:0 @!@!@
SANY finished.
@!@!@ENDMSG 2219 @!@!@
@!@!@STARTMSG 2185:0 @!@!@
Starting... (2019-06-18 22:00:04)
@!@!@ENDMSG 2185 @!@!@
@!@!@STARTMSG 2140:3 @!@!@
The subscript of the next-state relation specified by the specification
does not seem to contain the state variable senderStartNum
@!@!@ENDMSG 2140 @!@!@
@!@!@STARTMSG 2140:3 @!@!@
The subscript of the next-state relation specified by the specification
does not seem to contain the state variable receiverStartNum
@!@!@ENDMSG 2140 @!@!@
@!@!@STARTMSG 2212:0 @!@!@
Implied-temporal checking--satisfiability problem has 1 branches.
@!@!@ENDMSG 2212 @!@!@
@!@!@STARTMSG 2189:0 @!@!@
Computing initial states...
@!@!@ENDMSG 2189 @!@!@
@!@!@STARTMSG 2269:0 @!@!@
Computed 2 initial states...
@!@!@ENDMSG 2269 @!@!@
@!@!@STARTMSG 2269:0 @!@!@
Computed 4 initial states...
@!@!@ENDMSG 2269 @!@!@
@!@!@STARTMSG 2269:0 @!@!@
Computed 8 initial states...
@!@!@ENDMSG 2269 @!@!@
@!@!@STARTMSG 2269:0 @!@!@
Computed 16 initial states...
@!@!@ENDMSG 2269 @!@!@
@!@!@STARTMSG 2190:0 @!@!@
Finished computing initial states: 25 distinct states generated at 2019-06-18 22:00:04.
@!@!@ENDMSG 2190 @!@!@
@!@!@STARTMSG 2200:0 @!@!@
Progress(14) at 2019-06-18 22:00:07: 40,800 states generated, 9,800 distinct states found, 0 states left on queue.
@!@!@ENDMSG 2200 @!@!@
@!@!@STARTMSG 2192:0 @!@!@
Checking temporal properties for the complete state space with 9800 total distinct states at (2019-06-18 22:00:07)
@!@!@ENDMSG 2192 @!@!@
@!@!@STARTMSG 2116:1 @!@!@
Temporal properties were violated.

@!@!@ENDMSG 2116 @!@!@
@!@!@STARTMSG 2264:1 @!@!@
The following behavior constitutes a counter-example:

@!@!@ENDMSG 2264 @!@!@
@!@!@STARTMSG 2217:4 @!@!@
1: <Initial predicate>
/\ senderState = "WAITING"
/\ ackWireIn = <<>>
/\ ackWireOut = <<>>
/\ dataWireOut = <<>>
/\ n = 0
/\ senderStartNum = 1
/\ dataWireIn = <<>>
/\ output = <<>>
/\ ackSeqNum = 1
/\ senderIdx = 1
/\ receiverStartNum = 1
/\ buffer = <<>>
/\ senderPc = [ SendSynAck |-> "A_S",
  ACK |-> "A",
  SynAck |-> "A_",
  ReceiveButFirst |-> "A_R",
  Sender |-> "A_s" ]
/\ receiverState = "WAITING"

@!@!@ENDMSG 2217 @!@!@
@!@!@STARTMSG 2217:4 @!@!@
2: <Next line 40, col 9 to line 44, col 34 of module ass3>
/\ senderState = "WAITING"
/\ ackWireIn = <<<<"SYN", 1>>>>
/\ ackWireOut = <<>>
/\ dataWireOut = <<>>
/\ n = 0
/\ senderStartNum = 1
/\ dataWireIn = <<>>
/\ output = <<>>
/\ ackSeqNum = 1
/\ senderIdx = 1
/\ receiverStartNum = 1
/\ buffer = <<>>
/\ senderPc = [ SendSynAck |-> "A_S",
  ACK |-> "A",
  SynAck |-> "A_",
  ReceiveButFirst |-> "A_R",
  Sender |-> "A_s" ]
/\ receiverState = "WAITING"

@!@!@ENDMSG 2217 @!@!@
@!@!@STARTMSG 2217:4 @!@!@
3: <Next line 40, col 9 to line 44, col 34 of module ass3>
/\ senderState = "WAITING"
/\ ackWireIn = <<>>
/\ ackWireOut = <<<<"SYN", 1>>, CORRUPT_DATA>>
/\ dataWireOut = <<>>
/\ n = 0
/\ senderStartNum = 1
/\ dataWireIn = <<>>
/\ output = <<>>
/\ ackSeqNum = 1
/\ senderIdx = 1
/\ receiverStartNum = 1
/\ buffer = <<>>
/\ senderPc = [ SendSynAck |-> "A_S",
  ACK |-> "A",
  SynAck |-> "A_",
  ReceiveButFirst |-> "A_R",
  Sender |-> "A_s" ]
/\ receiverState = "WAITING"

@!@!@ENDMSG 2217 @!@!@
@!@!@STARTMSG 2217:4 @!@!@
4: <Next line 40, col 9 to line 44, col 34 of module ass3>
/\ senderState = "OPENING"
/\ ackWireIn = <<>>
/\ ackWireOut = <<CORRUPT_DATA>>
/\ dataWireOut = <<>>
/\ n = 0
/\ senderStartNum = 1
/\ dataWireIn = <<>>
/\ output = <<>>
/\ ackSeqNum = 1
/\ senderIdx = 1
/\ receiverStartNum = 1
/\ buffer = <<>>
/\ senderPc = [ SendSynAck |-> "A_S",
  ACK |-> "A",
  SynAck |-> "A_",
  ReceiveButFirst |-> "A_R",
  Sender |-> "A_s" ]
/\ receiverState = "WAITING"

@!@!@ENDMSG 2217 @!@!@
@!@!@STARTMSG 2217:4 @!@!@
5: <Next line 40, col 9 to line 44, col 34 of module ass3>
/\ senderState = "OPENING"
/\ ackWireIn = <<>>
/\ ackWireOut = <<CORRUPT_DATA>>
/\ dataWireOut = <<>>
/\ n = 0
/\ senderStartNum = 1
/\ dataWireIn = <<<<0, "SYNACK">>>>
/\ output = <<>>
/\ ackSeqNum = 1
/\ senderIdx = 1
/\ receiverStartNum = 1
/\ buffer = <<>>
/\ senderPc = [ SendSynAck |-> "A_S",
  ACK |-> "A",
  SynAck |-> "A_",
  ReceiveButFirst |-> "A_R",
  Sender |-> "A_s" ]
/\ receiverState = "WAITING"

@!@!@ENDMSG 2217 @!@!@
@!@!@STARTMSG 2217:4 @!@!@
6: <Next line 40, col 9 to line 44, col 34 of module ass3>
/\ senderState = "OPENING"
/\ ackWireIn = <<>>
/\ ackWireOut = <<CORRUPT_DATA>>
/\ dataWireOut = <<<<0, "SYNACK">>>>
/\ n = 0
/\ senderStartNum = 1
/\ dataWireIn = <<>>
/\ output = <<>>
/\ ackSeqNum = 1
/\ senderIdx = 1
/\ receiverStartNum = 1
/\ buffer = <<>>
/\ senderPc = [ SendSynAck |-> "A_S",
  ACK |-> "A",
  SynAck |-> "A_",
  ReceiveButFirst |-> "A_R",
  Sender |-> "A_s" ]
/\ receiverState = "WAITING"

@!@!@ENDMSG 2217 @!@!@
@!@!@STARTMSG 2217:4 @!@!@
7: <Next line 40, col 9 to line 44, col 34 of module ass3>
/\ senderState = "OPENING"
/\ ackWireIn = <<>>
/\ ackWireOut = <<CORRUPT_DATA>>
/\ dataWireOut = <<>>
/\ n = 0
/\ senderStartNum = 1
/\ dataWireIn = <<>>
/\ output = <<>>
/\ ackSeqNum = 1
/\ senderIdx = 1
/\ receiverStartNum = 1
/\ buffer = <<>>
/\ senderPc = [ SendSynAck |-> "A_S",
  ACK |-> "A",
  SynAck |-> "A_",
  ReceiveButFirst |-> "A_R",
  Sender |-> "A_s" ]
/\ receiverState = "OPEN"

@!@!@ENDMSG 2217 @!@!@
@!@!@STARTMSG 2217:4 @!@!@
8: <Next line 40, col 9 to line 44, col 34 of module ass3>
/\ senderState = "OPENING"
/\ ackWireIn = <<>>
/\ ackWireOut = <<CORRUPT_DATA>>
/\ dataWireOut = <<>>
/\ n = 0
/\ senderStartNum = 1
/\ dataWireIn = <<>>
/\ output = <<>>
/\ ackSeqNum = 1
/\ senderIdx = 1
/\ receiverStartNum = 1
/\ buffer = <<>>
/\ senderPc = [ SendSynAck |-> "A_S",
  ACK |-> "A",
  SynAck |-> "Done",
  ReceiveButFirst |-> "A_R",
  Sender |-> "A_s" ]
/\ receiverState = "OPEN"

@!@!@ENDMSG 2217 @!@!@
@!@!@STARTMSG 2217:4 @!@!@
9: <Next line 40, col 9 to line 44, col 34 of module ass3>
/\ senderState = "OPENING"
/\ ackWireIn = <<>>
/\ ackWireOut = <<>>
/\ dataWireOut = <<>>
/\ n = 0
/\ senderStartNum = 1
/\ dataWireIn = <<>>
/\ output = <<>>
/\ ackSeqNum = 1
/\ senderIdx = 1
/\ receiverStartNum = 1
/\ buffer = <<>>
/\ senderPc = [ SendSynAck |-> "A_S",
  ACK |-> "A",
  SynAck |-> "Done",
  ReceiveButFirst |-> "A_R",
  Sender |-> "A_s" ]
/\ receiverState = "OPEN"

@!@!@ENDMSG 2217 @!@!@
@!@!@STARTMSG 2217:4 @!@!@
10: <Next line 40, col 9 to line 44, col 34 of module ass3>
/\ senderState = "OPENING"
/\ ackWireIn = <<>>
/\ ackWireOut = <<>>
/\ dataWireOut = <<>>
/\ n = 0
/\ senderStartNum = 1
/\ dataWireIn = <<<<0, "SYNACK">>>>
/\ output = <<>>
/\ ackSeqNum = 1
/\ senderIdx = 1
/\ receiverStartNum = 1
/\ buffer = <<>>
/\ senderPc = [ SendSynAck |-> "A_S",
  ACK |-> "A",
  SynAck |-> "Done",
  ReceiveButFirst |-> "A_R",
  Sender |-> "A_s" ]
/\ receiverState = "OPEN"

@!@!@ENDMSG 2217 @!@!@
@!@!@STARTMSG 2217:4 @!@!@
11: <Next line 40, col 9 to line 44, col 34 of module ass3>
/\ senderState = "OPENING"
/\ ackWireIn = <<<<"ACK", 1>>>>
/\ ackWireOut = <<>>
/\ dataWireOut = <<>>
/\ n = 0
/\ senderStartNum = 1
/\ dataWireIn = <<<<0, "SYNACK">>>>
/\ output = <<>>
/\ ackSeqNum = 1
/\ senderIdx = 1
/\ receiverStartNum = 1
/\ buffer = <<>>
/\ senderPc = [ SendSynAck |-> "A_S",
  ACK |-> "A",
  SynAck |-> "Done",
  ReceiveButFirst |-> "A_R",
  Sender |-> "A_s" ]
/\ receiverState = "OPEN"

@!@!@ENDMSG 2217 @!@!@
@!@!@STARTMSG 2217:4 @!@!@
12: <Next line 40, col 9 to line 44, col 34 of module ass3>
/\ senderState = "OPENING"
/\ ackWireIn = <<>>
/\ ackWireOut = <<<<"ACK", 1>>>>
/\ dataWireOut = <<>>
/\ n = 0
/\ senderStartNum = 1
/\ dataWireIn = <<<<0, "SYNACK">>>>
/\ output = <<>>
/\ ackSeqNum = 1
/\ senderIdx = 1
/\ receiverStartNum = 1
/\ buffer = <<>>
/\ senderPc = [ SendSynAck |-> "A_S",
  ACK |-> "A",
  SynAck |-> "Done",
  ReceiveButFirst |-> "A_R",
  Sender |-> "A_s" ]
/\ receiverState = "OPEN"

@!@!@ENDMSG 2217 @!@!@
@!@!@STARTMSG 2217:4 @!@!@
13: <Next line 40, col 9 to line 44, col 34 of module ass3>
/\ senderState = "OPENING"
/\ ackWireIn = <<>>
/\ ackWireOut = <<<<"ACK", 1>>>>
/\ dataWireOut = <<<<0, "SYNACK">>>>
/\ n = 0
/\ senderStartNum = 1
/\ dataWireIn = <<>>
/\ output = <<>>
/\ ackSeqNum = 1
/\ senderIdx = 1
/\ receiverStartNum = 1
/\ buffer = <<>>
/\ senderPc = [ SendSynAck |-> "A_S",
  ACK |-> "A",
  SynAck |-> "Done",
  ReceiveButFirst |-> "A_R",
  Sender |-> "A_s" ]
/\ receiverState = "OPEN"

@!@!@ENDMSG 2217 @!@!@
@!@!@STARTMSG 2217:4 @!@!@
14: <Next line 40, col 9 to line 44, col 34 of module ass3>
/\ senderState = "OPENING"
/\ ackWireIn = <<<<"ACK", 1>>>>
/\ ackWireOut = <<<<"ACK", 1>>>>
/\ dataWireOut = <<<<0, "SYNACK">>>>
/\ n = 0
/\ senderStartNum = 1
/\ dataWireIn = <<>>
/\ output = <<>>
/\ ackSeqNum = 1
/\ senderIdx = 1
/\ receiverStartNum = 1
/\ buffer = <<>>
/\ senderPc = [ SendSynAck |-> "A_S",
  ACK |-> "A",
  SynAck |-> "Done",
  ReceiveButFirst |-> "A_R",
  Sender |-> "A_s" ]
/\ receiverState = "OPEN"

@!@!@ENDMSG 2217 @!@!@
@!@!@STARTMSG 2217:4 @!@!@
15: <Next line 40, col 9 to line 44, col 34 of module ass3>
/\ senderState = "OPENING"
/\ ackWireIn = <<<<"ACK", 1>>>>
/\ ackWireOut = <<<<"ACK", 1>>>>
/\ dataWireOut = <<>>
/\ n = 0
/\ senderStartNum = 1
/\ dataWireIn = <<>>
/\ output = <<>>
/\ ackSeqNum = 1
/\ senderIdx = 1
/\ receiverStartNum = 1
/\ buffer = <<>>
/\ senderPc = [ SendSynAck |-> "A_S",
  ACK |-> "A",
  SynAck |-> "Done",
  ReceiveButFirst |-> "A_R",
  Sender |-> "A_s" ]
/\ receiverState = "OPEN"

@!@!@ENDMSG 2217 @!@!@
@!@!@STARTMSG 2217:4 @!@!@
16: <Next line 40, col 9 to line 44, col 34 of module ass3>
/\ senderState = "OPENING"
/\ ackWireIn = <<<<"ACK", 1>>>>
/\ ackWireOut = <<>>
/\ dataWireOut = <<>>
/\ n = 0
/\ senderStartNum = 1
/\ dataWireIn = <<>>
/\ output = <<>>
/\ ackSeqNum = 1
/\ senderIdx = 1
/\ receiverStartNum = 1
/\ buffer = <<>>
/\ senderPc = [ SendSynAck |-> "A_S",
  ACK |-> "A",
  SynAck |-> "Done",
  ReceiveButFirst |-> "A_R",
  Sender |-> "A_s" ]
/\ receiverState = "OPEN"

@!@!@ENDMSG 2217 @!@!@
@!@!@STARTMSG 2122:4 @!@!@
8: Back to state: <Next line 40, col 9 to line 44, col 34 of module ass3>

@!@!@ENDMSG 2122 @!@!@
@!@!@STARTMSG 2267:0 @!@!@
Finished checking temporal properties in 00s at 2019-06-18 22:00:07
@!@!@ENDMSG 2267 @!@!@
@!@!@STARTMSG 2201:0 @!@!@
The coverage statistics at 2019-06-18 22:00:07
@!@!@ENDMSG 2201 @!@!@
@!@!@STARTMSG 2773:0 @!@!@
<Init line 34, col 1 to line 34, col 4 of module ass3>: 50
@!@!@ENDMSG 2773 @!@!@
@!@!@STARTMSG 2221:0 @!@!@
  line 105, col 12 to line 105, col 28 of module slidingSender: 2
@!@!@ENDMSG 2221 @!@!@
@!@!@STARTMSG 2221:0 @!@!@
  line 106, col 12 to line 106, col 27 of module slidingSender: 2
@!@!@ENDMSG 2221 @!@!@
@!@!@STARTMSG 2221:0 @!@!@
  line 107, col 12 to line 107, col 28 of module slidingSender: 2
@!@!@ENDMSG 2221 @!@!@
@!@!@STARTMSG 2221:0 @!@!@
  line 109, col 12 to line 113, col 63 of module slidingSender: 10
@!@!@ENDMSG 2221 @!@!@
@!@!@STARTMSG 2221:0 @!@!@
  line 148, col 12 to line 148, col 24 of module gbnReceiver: 10
@!@!@ENDMSG 2221 @!@!@
@!@!@STARTMSG 2221:0 @!@!@
  line 149, col 12 to line 149, col 28 of module gbnReceiver: 10
@!@!@ENDMSG 2221 @!@!@
@!@!@STARTMSG 2221:0 @!@!@
  line 150, col 12 to line 150, col 28 of module gbnReceiver: 10
@!@!@ENDMSG 2221 @!@!@
@!@!@STARTMSG 2221:0 @!@!@
  line 151, col 12 to line 151, col 31 of module gbnReceiver: 50
@!@!@ENDMSG 2221 @!@!@
@!@!@STARTMSG 2221:0 @!@!@
  line 153, col 12 to line 153, col 27 of module gbnReceiver: 50
@!@!@ENDMSG 2221 @!@!@
@!@!@STARTMSG 2221:0 @!@!@
  line 36, col 12 to line 36, col 24 of module ass3: 50
@!@!@ENDMSG 2221 @!@!@
@!@!@STARTMSG 2221:0 @!@!@
  line 37, col 12 to line 37, col 23 of module ass3: 50
@!@!@ENDMSG 2221 @!@!@
@!@!@STARTMSG 2221:0 @!@!@
  line 38, col 12 to line 38, col 26 of module ass3: 50
@!@!@ENDMSG 2221 @!@!@
@!@!@STARTMSG 2772:0 @!@!@
<Next line 40, col 1 to line 40, col 4 of module ass3>: 9775:40847
@!@!@ENDMSG 2772 @!@!@
@!@!@STARTMSG 2221:0 @!@!@
  line 24, col 1 to line 25, col 79 of module ass3: 7760
@!@!@ENDMSG 2221 @!@!@
@!@!@STARTMSG 2221:0 @!@!@
  line 24, col 1 to line 25, col 79 of module ass3: 5012
@!@!@ENDMSG 2221 @!@!@
@!@!@STARTMSG 2221:0 @!@!@
  line 24, col 52 to line 24, col 61 of module ass3: 42461
@!@!@ENDMSG 2221 @!@!@
@!@!@STARTMSG 2221:0 @!@!@
  line 24, col 79 to line 24, col 88 of module ass3: 19429
@!@!@ENDMSG 2221 @!@!@
@!@!@STARTMSG 2221:0 @!@!@
  line 24, col 100 to line 24, col 110 of module ass3: 45070
@!@!@ENDMSG 2221 @!@!@
@!@!@STARTMSG 2221:0 @!@!@
  line 25, col 27 to line 25, col 35 of module ass3: 6616
@!@!@ENDMSG 2221 @!@!@
@!@!@STARTMSG 2221:0 @!@!@
  line 25, col 44 to line 25, col 51 of module ass3: 66453
@!@!@ENDMSG 2221 @!@!@
@!@!@STARTMSG 2221:0 @!@!@
  line 115, col 10 to line 115, col 28 of module slidingSender: 14771
@!@!@ENDMSG 2221 @!@!@
@!@!@STARTMSG 2221:0 @!@!@
  |line 115, col 10 to line 115, col 21 of module slidingSender: 9816
@!@!@ENDMSG 2221 @!@!@
@!@!@STARTMSG 2221:0 @!@!@
  line 116, col 13 to line 116, col 29 of module slidingSender: 5007
@!@!@ENDMSG 2221 @!@!@
@!@!@STARTMSG 2221:0 @!@!@
  line 117, col 21 to line 117, col 36 of module slidingSender: 354
@!@!@ENDMSG 2221 @!@!@
@!@!@STARTMSG 2221:0 @!@!@
  |line 117, col 21 to line 117, col 29 of module slidingSender: 203
@!@!@ENDMSG 2221 @!@!@
@!@!@STARTMSG 2221:0 @!@!@
  |line 117, col 33 to line 117, col 36 of module slidingSender: 203
@!@!@ENDMSG 2221 @!@!@
@!@!@STARTMSG 2221:0 @!@!@
  line 118, col 24 to line 118, col 80 of module slidingSender: 151
@!@!@ENDMSG 2221 @!@!@
@!@!@STARTMSG 2221:0 @!@!@
  |line 118, col 24 to line 118, col 50 of module slidingSender: 151
@!@!@ENDMSG 2221 @!@!@
@!@!@STARTMSG 2221:0 @!@!@
  |line 118, col 55 to line 118, col 80 of module slidingSender: 101
@!@!@ENDMSG 2221 @!@!@
@!@!@STARTMSG 2221:0 @!@!@
  line 119, col 29 to line 119, col 49 of module slidingSender: 101
@!@!@ENDMSG 2221 @!@!@
@!@!@STARTMSG 2221:0 @!@!@
  line 120, col 29 to line 121, col 45 of module slidingSender: 50
@!@!@ENDMSG 2221 @!@!@
@!@!@STARTMSG 2221:0 @!@!@
  line 122, col 21 to line 122, col 48 of module slidingSender: 151
@!@!@ENDMSG 2221 @!@!@
@!@!@STARTMSG 2221:0 @!@!@
  line 123, col 21 to line 123, col 56 of module slidingSender: 151
@!@!@ENDMSG 2221 @!@!@
@!@!@STARTMSG 2221:0 @!@!@
  line 124, col 21 to line 124, col 58 of module slidingSender: 4804
@!@!@ENDMSG 2221 @!@!@
@!@!@STARTMSG 2221:0 @!@!@
  line 125, col 21 to line 125, col 52 of module slidingSender: 4804
@!@!@ENDMSG 2221 @!@!@
@!@!@STARTMSG 2221:0 @!@!@
  line 126, col 10 to line 126, col 57 of module slidingSender: 4955
@!@!@ENDMSG 2221 @!@!@
@!@!@STARTMSG 2221:0 @!@!@
  line 130, col 11 to line 130, col 34 of module slidingSender: 14625
@!@!@ENDMSG 2221 @!@!@
@!@!@STARTMSG 2221:0 @!@!@
  |line 130, col 11 to line 130, col 26 of module slidingSender: 9816
@!@!@ENDMSG 2221 @!@!@
@!@!@STARTMSG 2221:0 @!@!@
  line 131, col 11 to line 131, col 27 of module slidingSender: 14625
@!@!@ENDMSG 2221 @!@!@
@!@!@STARTMSG 2221:0 @!@!@
  |line 131, col 11 to line 131, col 15 of module slidingSender: 9816
@!@!@ENDMSG 2221 @!@!@
@!@!@STARTMSG 2221:0 @!@!@
  line 131, col 32 to line 131, col 48 of module slidingSender: 14422
@!@!@ENDMSG 2221 @!@!@
@!@!@STARTMSG 2221:0 @!@!@
  |line 131, col 32 to line 131, col 41 of module slidingSender: 9613
@!@!@ENDMSG 2221 @!@!@
@!@!@STARTMSG 2221:0 @!@!@
  |line 131, col 45 to line 131, col 48 of module slidingSender: 9613
@!@!@ENDMSG 2221 @!@!@
@!@!@STARTMSG 2221:0 @!@!@
  line 132, col 11 to line 132, col 43 of module slidingSender: 4809
@!@!@ENDMSG 2221 @!@!@
@!@!@STARTMSG 2221:0 @!@!@
  line 133, col 11 to line 133, col 51 of module slidingSender: 4809
@!@!@ENDMSG 2221 @!@!@
@!@!@STARTMSG 2221:0 @!@!@
  line 134, col 11 to line 134, col 64 of module slidingSender: 4809
@!@!@ENDMSG 2221 @!@!@
@!@!@STARTMSG 2221:0 @!@!@
  line 138, col 11 to line 138, col 39 of module slidingSender: 17425
@!@!@ENDMSG 2221 @!@!@
@!@!@STARTMSG 2221:0 @!@!@
  |line 138, col 11 to line 138, col 31 of module slidingSender: 9816
@!@!@ENDMSG 2221 @!@!@
@!@!@STARTMSG 2221:0 @!@!@
  line 139, col 11 to line 139, col 27 of module slidingSender: 17425
@!@!@ENDMSG 2221 @!@!@
@!@!@STARTMSG 2221:0 @!@!@
  |line 139, col 11 to line 139, col 15 of module slidingSender: 9816
@!@!@ENDMSG 2221 @!@!@
@!@!@STARTMSG 2221:0 @!@!@
  line 139, col 32 to line 139, col 47 of module slidingSender: 17222
@!@!@ENDMSG 2221 @!@!@
@!@!@STARTMSG 2221:0 @!@!@
  |line 139, col 32 to line 139, col 40 of module slidingSender: 9613
@!@!@ENDMSG 2221 @!@!@
@!@!@STARTMSG 2221:0 @!@!@
  |line 139, col 44 to line 139, col 47 of module slidingSender: 9613
@!@!@ENDMSG 2221 @!@!@
@!@!@STARTMSG 2221:0 @!@!@
  line 140, col 14 to line 140, col 110 of module slidingSender: 7609
@!@!@ENDMSG 2221 @!@!@
@!@!@STARTMSG 2221:0 @!@!@
  |line 140, col 14 to line 140, col 73 of module slidingSender: 7609
@!@!@ENDMSG 2221 @!@!@
@!@!@STARTMSG 2221:0 @!@!@
  ||line 140, col 14 to line 140, col 43 of module slidingSender: 7609
@!@!@ENDMSG 2221 @!@!@
@!@!@STARTMSG 2221:0 @!@!@
  ||line 140, col 48 to line 140, col 73 of module slidingSender: 5604
@!@!@ENDMSG 2221 @!@!@
@!@!@STARTMSG 2221:0 @!@!@
  |line 140, col 78 to line 140, col 110 of module slidingSender: 1604
@!@!@ENDMSG 2221 @!@!@
@!@!@STARTMSG 2221:0 @!@!@
  line 142, col 19 to line 143, col 35 of module slidingSender: 7609
@!@!@ENDMSG 2221 @!@!@
@!@!@STARTMSG 2221:0 @!@!@
  line 144, col 11 to line 144, col 38 of module slidingSender: 7609
@!@!@ENDMSG 2221 @!@!@
@!@!@STARTMSG 2221:0 @!@!@
  line 145, col 11 to line 145, col 56 of module slidingSender: 7609
@!@!@ENDMSG 2221 @!@!@
@!@!@STARTMSG 2221:0 @!@!@
  line 146, col 11 to line 146, col 58 of module slidingSender: 7609
@!@!@ENDMSG 2221 @!@!@
@!@!@STARTMSG 2221:0 @!@!@
  line 150, col 11 to line 150, col 30 of module slidingSender: 9816
@!@!@ENDMSG 2221 @!@!@
@!@!@STARTMSG 2221:0 @!@!@
  line 151, col 14 to line 151, col 30 of module slidingSender: 9816
@!@!@ENDMSG 2221 @!@!@
@!@!@STARTMSG 2221:0 @!@!@
  line 152, col 14 to line 152, col 39 of module slidingSender: 5012
@!@!@ENDMSG 2221 @!@!@
@!@!@STARTMSG 2221:0 @!@!@
  line 153, col 14 to line 153, col 27 of module slidingSender: 5012
@!@!@ENDMSG 2221 @!@!@
@!@!@STARTMSG 2221:0 @!@!@
  line 156, col 11 to line 156, col 64 of module slidingSender: 0
@!@!@ENDMSG 2221 @!@!@
@!@!@STARTMSG 2221:0 @!@!@
  line 160, col 9 to line 160, col 23 of module slidingSender: 9816
@!@!@ENDMSG 2221 @!@!@
@!@!@STARTMSG 2221:0 @!@!@
  line 161, col 12 to line 161, col 27 of module slidingSender: 9816
@!@!@ENDMSG 2221 @!@!@
@!@!@STARTMSG 2221:0 @!@!@
  line 162, col 12 to line 162, col 25 of module slidingSender: 7760
@!@!@ENDMSG 2221 @!@!@
@!@!@STARTMSG 2221:0 @!@!@
  line 166, col 20 to line 166, col 39 of module slidingSender: 0
@!@!@ENDMSG 2221 @!@!@
@!@!@STARTMSG 2221:0 @!@!@
  line 169, col 9 to line 169, col 51 of module slidingSender: 0
@!@!@ENDMSG 2221 @!@!@
@!@!@STARTMSG 2221:0 @!@!@
  line 40, col 30 to line 40, col 135 of module ass3: 17373
@!@!@ENDMSG 2221 @!@!@
@!@!@STARTMSG 2221:0 @!@!@
  line 27, col 67 to line 27, col 77 of module ass3: 196870
@!@!@ENDMSG 2221 @!@!@
@!@!@STARTMSG 2221:0 @!@!@
  line 27, col 1 to line 27, col 77 of module ass3: 24758
@!@!@ENDMSG 2221 @!@!@
@!@!@STARTMSG 2221:0 @!@!@
  line 27, col 45 to line 27, col 54 of module ass3: 455296
@!@!@ENDMSG 2221 @!@!@
@!@!@STARTMSG 2221:0 @!@!@
  line 103, col 20 to line 103, col 31 of module dataWire: 11020
@!@!@ENDMSG 2221 @!@!@
@!@!@STARTMSG 2221:0 @!@!@
  |line 103, col 20 to line 103, col 24 of module dataWire: 9816
@!@!@ENDMSG 2221 @!@!@
@!@!@STARTMSG 2221:0 @!@!@
  |line 103, col 28 to line 103, col 31 of module dataWire: 9816
@!@!@ENDMSG 2221 @!@!@
@!@!@STARTMSG 2221:0 @!@!@
  line 103, col 36 to line 103, col 48 of module dataWire: 6008
@!@!@ENDMSG 2221 @!@!@
@!@!@STARTMSG 2221:0 @!@!@
  |line 103, col 36 to line 103, col 41 of module dataWire: 4804
@!@!@ENDMSG 2221 @!@!@
@!@!@STARTMSG 2221:0 @!@!@
  |line 103, col 45 to line 103, col 48 of module dataWire: 4804
@!@!@ENDMSG 2221 @!@!@
@!@!@STARTMSG 2221:0 @!@!@
  line 104, col 20 to line 104, col 34 of module dataWire: 1204
@!@!@ENDMSG 2221 @!@!@
@!@!@STARTMSG 2221:0 @!@!@
  line 105, col 20 to line 105, col 32 of module dataWire: 1204
@!@!@ENDMSG 2221 @!@!@
@!@!@STARTMSG 2221:0 @!@!@
  line 107, col 24 to line 107, col 35 of module dataWire: 11020
@!@!@ENDMSG 2221 @!@!@
@!@!@STARTMSG 2221:0 @!@!@
  |line 107, col 24 to line 107, col 28 of module dataWire: 9816
@!@!@ENDMSG 2221 @!@!@
@!@!@STARTMSG 2221:0 @!@!@
  |line 107, col 32 to line 107, col 35 of module dataWire: 9816
@!@!@ENDMSG 2221 @!@!@
@!@!@STARTMSG 2221:0 @!@!@
  line 107, col 40 to line 107, col 52 of module dataWire: 6008
@!@!@ENDMSG 2221 @!@!@
@!@!@STARTMSG 2221:0 @!@!@
  |line 107, col 40 to line 107, col 45 of module dataWire: 4804
@!@!@ENDMSG 2221 @!@!@
@!@!@STARTMSG 2221:0 @!@!@
  |line 107, col 49 to line 107, col 52 of module dataWire: 4804
@!@!@ENDMSG 2221 @!@!@
@!@!@STARTMSG 2221:0 @!@!@
  line 108, col 24 to line 108, col 50 of module dataWire: 1204
@!@!@ENDMSG 2221 @!@!@
@!@!@STARTMSG 2221:0 @!@!@
  line 109, col 24 to line 109, col 36 of module dataWire: 1204
@!@!@ENDMSG 2221 @!@!@
@!@!@STARTMSG 2221:0 @!@!@
  line 111, col 22 to line 111, col 33 of module dataWire: 11020
@!@!@ENDMSG 2221 @!@!@
@!@!@STARTMSG 2221:0 @!@!@
  |line 111, col 22 to line 111, col 26 of module dataWire: 9816
@!@!@ENDMSG 2221 @!@!@
@!@!@STARTMSG 2221:0 @!@!@
  |line 111, col 30 to line 111, col 33 of module dataWire: 9816
@!@!@ENDMSG 2221 @!@!@
@!@!@STARTMSG 2221:0 @!@!@
  line 111, col 38 to line 111, col 50 of module dataWire: 6008
@!@!@ENDMSG 2221 @!@!@
@!@!@STARTMSG 2221:0 @!@!@
  |line 111, col 38 to line 111, col 43 of module dataWire: 4804
@!@!@ENDMSG 2221 @!@!@
@!@!@STARTMSG 2221:0 @!@!@
  |line 111, col 47 to line 111, col 50 of module dataWire: 4804
@!@!@ENDMSG 2221 @!@!@
@!@!@STARTMSG 2221:0 @!@!@
  line 112, col 22 to line 112, col 34 of module dataWire: 1204
@!@!@ENDMSG 2221 @!@!@
@!@!@STARTMSG 2221:0 @!@!@
  line 113, col 22 to line 113, col 37 of module dataWire: 1204
@!@!@ENDMSG 2221 @!@!@
@!@!@STARTMSG 2221:0 @!@!@
  line 115, col 21 to line 115, col 32 of module dataWire: 11020
@!@!@ENDMSG 2221 @!@!@
@!@!@STARTMSG 2221:0 @!@!@
  |line 115, col 21 to line 115, col 25 of module dataWire: 9816
@!@!@ENDMSG 2221 @!@!@
@!@!@STARTMSG 2221:0 @!@!@
  |line 115, col 29 to line 115, col 32 of module dataWire: 9816
@!@!@ENDMSG 2221 @!@!@
@!@!@STARTMSG 2221:0 @!@!@
  line 115, col 37 to line 115, col 49 of module dataWire: 6008
@!@!@ENDMSG 2221 @!@!@
@!@!@STARTMSG 2221:0 @!@!@
  |line 115, col 37 to line 115, col 42 of module dataWire: 4804
@!@!@ENDMSG 2221 @!@!@
@!@!@STARTMSG 2221:0 @!@!@
  |line 115, col 46 to line 115, col 49 of module dataWire: 4804
@!@!@ENDMSG 2221 @!@!@
@!@!@STARTMSG 2221:0 @!@!@
  line 116, col 21 to line 116, col 50 of module dataWire: 1204
@!@!@ENDMSG 2221 @!@!@
@!@!@STARTMSG 2221:0 @!@!@
  line 117, col 21 to line 117, col 33 of module dataWire: 1204
@!@!@ENDMSG 2221 @!@!@
@!@!@STARTMSG 2221:0 @!@!@
  line 119, col 25 to line 119, col 36 of module dataWire: 11020
@!@!@ENDMSG 2221 @!@!@
@!@!@STARTMSG 2221:0 @!@!@
  |line 119, col 25 to line 119, col 29 of module dataWire: 9816
@!@!@ENDMSG 2221 @!@!@
@!@!@STARTMSG 2221:0 @!@!@
  |line 119, col 33 to line 119, col 36 of module dataWire: 9816
@!@!@ENDMSG 2221 @!@!@
@!@!@STARTMSG 2221:0 @!@!@
  line 119, col 41 to line 119, col 53 of module dataWire: 6008
@!@!@ENDMSG 2221 @!@!@
@!@!@STARTMSG 2221:0 @!@!@
  |line 119, col 41 to line 119, col 46 of module dataWire: 4804
@!@!@ENDMSG 2221 @!@!@
@!@!@STARTMSG 2221:0 @!@!@
  |line 119, col 50 to line 119, col 53 of module dataWire: 4804
@!@!@ENDMSG 2221 @!@!@
@!@!@STARTMSG 2221:0 @!@!@
  line 120, col 25 to line 120, col 51 of module dataWire: 1204
@!@!@ENDMSG 2221 @!@!@
@!@!@STARTMSG 2221:0 @!@!@
  |line 120, col 35 to line 120, col 51 of module dataWire: 1204
@!@!@ENDMSG 2221 @!@!@
@!@!@STARTMSG 2221:0 @!@!@
  ||line 92, col 23 to line 92, col 46 of module dataWire: 1204
@!@!@ENDMSG 2221 @!@!@
@!@!@STARTMSG 2221:0 @!@!@
  |||line 90, col 19 to line 91, col 59 of module dataWire: 2408
@!@!@ENDMSG 2221 @!@!@
@!@!@STARTMSG 2221:0 @!@!@
  ||||line 90, col 22 to line 90, col 26 of module dataWire: 2408
@!@!@ENDMSG 2221 @!@!@
@!@!@STARTMSG 2221:0 @!@!@
  ||||line 90, col 33 to line 90, col 36 of module dataWire: 1204
@!@!@ENDMSG 2221 @!@!@
@!@!@STARTMSG 2221:0 @!@!@
  ||||line 91, col 24 to line 91, col 59 of module dataWire: 1204
@!@!@ENDMSG 2221 @!@!@
@!@!@STARTMSG 2221:0 @!@!@
  |||line 92, col 35 to line 92, col 45 of module dataWire: 1204
@!@!@ENDMSG 2221 @!@!@
@!@!@STARTMSG 2221:0 @!@!@
  ||line 120, col 46 to line 120, col 50 of module dataWire: 1204
@!@!@ENDMSG 2221 @!@!@
@!@!@STARTMSG 2221:0 @!@!@
  line 121, col 25 to line 121, col 37 of module dataWire: 1204
@!@!@ENDMSG 2221 @!@!@
@!@!@STARTMSG 2221:0 @!@!@
  line 41, col 32 to line 41, col 168 of module ass3: 6020
@!@!@ENDMSG 2221 @!@!@
@!@!@STARTMSG 2221:0 @!@!@
  line 28, col 65 to line 28, col 74 of module ass3: 28525
@!@!@ENDMSG 2221 @!@!@
@!@!@STARTMSG 2221:0 @!@!@
  line 28, col 1 to line 28, col 74 of module ass3: 2456
@!@!@ENDMSG 2221 @!@!@
@!@!@STARTMSG 2221:0 @!@!@
  line 28, col 44 to line 28, col 52 of module ass3: 53992
@!@!@ENDMSG 2221 @!@!@
@!@!@STARTMSG 2221:0 @!@!@
  line 103, col 20 to line 103, col 31 of module dataWire: 11044
@!@!@ENDMSG 2221 @!@!@
@!@!@STARTMSG 2221:0 @!@!@
  |line 103, col 20 to line 103, col 24 of module dataWire: 9816
@!@!@ENDMSG 2221 @!@!@
@!@!@STARTMSG 2221:0 @!@!@
  |line 103, col 28 to line 103, col 31 of module dataWire: 9816
@!@!@ENDMSG 2221 @!@!@
@!@!@STARTMSG 2221:0 @!@!@
  line 103, col 36 to line 103, col 48 of module dataWire: 6933
@!@!@ENDMSG 2221 @!@!@
@!@!@STARTMSG 2221:0 @!@!@
  |line 103, col 36 to line 103, col 41 of module dataWire: 5705
@!@!@ENDMSG 2221 @!@!@
@!@!@STARTMSG 2221:0 @!@!@
  |line 103, col 45 to line 103, col 48 of module dataWire: 5705
@!@!@ENDMSG 2221 @!@!@
@!@!@STARTMSG 2221:0 @!@!@
  line 104, col 20 to line 104, col 34 of module dataWire: 1228
@!@!@ENDMSG 2221 @!@!@
@!@!@STARTMSG 2221:0 @!@!@
  line 105, col 20 to line 105, col 32 of module dataWire: 1228
@!@!@ENDMSG 2221 @!@!@
@!@!@STARTMSG 2221:0 @!@!@
  line 107, col 24 to line 107, col 35 of module dataWire: 11044
@!@!@ENDMSG 2221 @!@!@
@!@!@STARTMSG 2221:0 @!@!@
  |line 107, col 24 to line 107, col 28 of module dataWire: 9816
@!@!@ENDMSG 2221 @!@!@
@!@!@STARTMSG 2221:0 @!@!@
  |line 107, col 32 to line 107, col 35 of module dataWire: 9816
@!@!@ENDMSG 2221 @!@!@
@!@!@STARTMSG 2221:0 @!@!@
  line 107, col 40 to line 107, col 52 of module dataWire: 6933
@!@!@ENDMSG 2221 @!@!@
@!@!@STARTMSG 2221:0 @!@!@
  |line 107, col 40 to line 107, col 45 of module dataWire: 5705
@!@!@ENDMSG 2221 @!@!@
@!@!@STARTMSG 2221:0 @!@!@
  |line 107, col 49 to line 107, col 52 of module dataWire: 5705
@!@!@ENDMSG 2221 @!@!@
@!@!@STARTMSG 2221:0 @!@!@
  line 108, col 24 to line 108, col 50 of module dataWire: 1228
@!@!@ENDMSG 2221 @!@!@
@!@!@STARTMSG 2221:0 @!@!@
  line 109, col 24 to line 109, col 36 of module dataWire: 1228
@!@!@ENDMSG 2221 @!@!@
@!@!@STARTMSG 2221:0 @!@!@
  line 111, col 22 to line 111, col 33 of module dataWire: 11044
@!@!@ENDMSG 2221 @!@!@
@!@!@STARTMSG 2221:0 @!@!@
  |line 111, col 22 to line 111, col 26 of module dataWire: 9816
@!@!@ENDMSG 2221 @!@!@
@!@!@STARTMSG 2221:0 @!@!@
  |line 111, col 30 to line 111, col 33 of module dataWire: 9816
@!@!@ENDMSG 2221 @!@!@
@!@!@STARTMSG 2221:0 @!@!@
  line 111, col 38 to line 111, col 50 of module dataWire: 6933
@!@!@ENDMSG 2221 @!@!@
@!@!@STARTMSG 2221:0 @!@!@
  |line 111, col 38 to line 111, col 43 of module dataWire: 5705
@!@!@ENDMSG 2221 @!@!@
@!@!@STARTMSG 2221:0 @!@!@
  |line 111, col 47 to line 111, col 50 of module dataWire: 5705
@!@!@ENDMSG 2221 @!@!@
@!@!@STARTMSG 2221:0 @!@!@
  line 112, col 22 to line 112, col 34 of module dataWire: 1228
@!@!@ENDMSG 2221 @!@!@
@!@!@STARTMSG 2221:0 @!@!@
  line 113, col 22 to line 113, col 37 of module dataWire: 1228
@!@!@ENDMSG 2221 @!@!@
@!@!@STARTMSG 2221:0 @!@!@
  line 115, col 21 to line 115, col 32 of module dataWire: 11044
@!@!@ENDMSG 2221 @!@!@
@!@!@STARTMSG 2221:0 @!@!@
  |line 115, col 21 to line 115, col 25 of module dataWire: 9816
@!@!@ENDMSG 2221 @!@!@
@!@!@STARTMSG 2221:0 @!@!@
  |line 115, col 29 to line 115, col 32 of module dataWire: 9816
@!@!@ENDMSG 2221 @!@!@
@!@!@STARTMSG 2221:0 @!@!@
  line 115, col 37 to line 115, col 49 of module dataWire: 6933
@!@!@ENDMSG 2221 @!@!@
@!@!@STARTMSG 2221:0 @!@!@
  |line 115, col 37 to line 115, col 42 of module dataWire: 5705
@!@!@ENDMSG 2221 @!@!@
@!@!@STARTMSG 2221:0 @!@!@
  |line 115, col 46 to line 115, col 49 of module dataWire: 5705
@!@!@ENDMSG 2221 @!@!@
@!@!@STARTMSG 2221:0 @!@!@
  line 116, col 21 to line 116, col 50 of module dataWire: 1228
@!@!@ENDMSG 2221 @!@!@
@!@!@STARTMSG 2221:0 @!@!@
  line 117, col 21 to line 117, col 33 of module dataWire: 1228
@!@!@ENDMSG 2221 @!@!@
@!@!@STARTMSG 2221:0 @!@!@
  line 119, col 25 to line 119, col 36 of module dataWire: 11044
@!@!@ENDMSG 2221 @!@!@
@!@!@STARTMSG 2221:0 @!@!@
  |line 119, col 25 to line 119, col 29 of module dataWire: 9816
@!@!@ENDMSG 2221 @!@!@
@!@!@STARTMSG 2221:0 @!@!@
  |line 119, col 33 to line 119, col 36 of module dataWire: 9816
@!@!@ENDMSG 2221 @!@!@
@!@!@STARTMSG 2221:0 @!@!@
  line 119, col 41 to line 119, col 53 of module dataWire: 6933
@!@!@ENDMSG 2221 @!@!@
@!@!@STARTMSG 2221:0 @!@!@
  |line 119, col 41 to line 119, col 46 of module dataWire: 5705
@!@!@ENDMSG 2221 @!@!@
@!@!@STARTMSG 2221:0 @!@!@
  |line 119, col 50 to line 119, col 53 of module dataWire: 5705
@!@!@ENDMSG 2221 @!@!@
@!@!@STARTMSG 2221:0 @!@!@
  line 120, col 25 to line 120, col 51 of module dataWire: 1228
@!@!@ENDMSG 2221 @!@!@
@!@!@STARTMSG 2221:0 @!@!@
  |line 120, col 35 to line 120, col 51 of module dataWire: 1228
@!@!@ENDMSG 2221 @!@!@
@!@!@STARTMSG 2221:0 @!@!@
  ||line 92, col 23 to line 92, col 46 of module dataWire: 1228
@!@!@ENDMSG 2221 @!@!@
@!@!@STARTMSG 2221:0 @!@!@
  |||line 90, col 19 to line 91, col 59 of module dataWire: 2456
@!@!@ENDMSG 2221 @!@!@
@!@!@STARTMSG 2221:0 @!@!@
  ||||line 90, col 22 to line 90, col 26 of module dataWire: 2456
@!@!@ENDMSG 2221 @!@!@
@!@!@STARTMSG 2221:0 @!@!@
  ||||line 90, col 33 to line 90, col 36 of module dataWire: 1228
@!@!@ENDMSG 2221 @!@!@
@!@!@STARTMSG 2221:0 @!@!@
  ||||line 91, col 24 to line 91, col 59 of module dataWire: 1228
@!@!@ENDMSG 2221 @!@!@
@!@!@STARTMSG 2221:0 @!@!@
  |||line 92, col 35 to line 92, col 45 of module dataWire: 1228
@!@!@ENDMSG 2221 @!@!@
@!@!@STARTMSG 2221:0 @!@!@
  ||line 120, col 46 to line 120, col 50 of module dataWire: 1228
@!@!@ENDMSG 2221 @!@!@
@!@!@STARTMSG 2221:0 @!@!@
  line 121, col 25 to line 121, col 37 of module dataWire: 1228
@!@!@ENDMSG 2221 @!@!@
@!@!@STARTMSG 2221:0 @!@!@
  line 42, col 31 to line 42, col 169 of module ass3: 6140
@!@!@ENDMSG 2221 @!@!@
@!@!@STARTMSG 2221:0 @!@!@
  line 30, col 1 to line 30, col 141 of module ass3: 4802
@!@!@ENDMSG 2221 @!@!@
@!@!@STARTMSG 2221:0 @!@!@
  line 30, col 1 to line 30, col 141 of module ass3: 13612
@!@!@ENDMSG 2221 @!@!@
@!@!@STARTMSG 2221:0 @!@!@
  line 30, col 1 to line 30, col 141 of module ass3: 21607
@!@!@ENDMSG 2221 @!@!@
@!@!@STARTMSG 2221:0 @!@!@
  line 30, col 1 to line 30, col 141 of module ass3: 8810
@!@!@ENDMSG 2221 @!@!@
@!@!@STARTMSG 2221:0 @!@!@
  line 30, col 52 to line 30, col 62 of module ass3: 31630
@!@!@ENDMSG 2221 @!@!@
@!@!@STARTMSG 2221:0 @!@!@
  line 30, col 79 to line 30, col 87 of module ass3: 13222
@!@!@ENDMSG 2221 @!@!@
@!@!@STARTMSG 2221:0 @!@!@
  line 30, col 99 to line 30, col 111 of module ass3: 31746
@!@!@ENDMSG 2221 @!@!@
@!@!@STARTMSG 2221:0 @!@!@
  line 30, col 126 to line 30, col 141 of module ass3: 1755
@!@!@ENDMSG 2221 @!@!@
@!@!@STARTMSG 2221:0 @!@!@
  line 155, col 14 to line 155, col 30 of module gbnReceiver: 11521
@!@!@ENDMSG 2221 @!@!@
@!@!@STARTMSG 2221:0 @!@!@
  |line 155, col 14 to line 155, col 18 of module gbnReceiver: 9816
@!@!@ENDMSG 2221 @!@!@
@!@!@STARTMSG 2221:0 @!@!@
  line 156, col 14 to line 156, col 30 of module gbnReceiver: 5111
@!@!@ENDMSG 2221 @!@!@
@!@!@STARTMSG 2221:0 @!@!@
  |line 156, col 14 to line 156, col 23 of module gbnReceiver: 3406
@!@!@ENDMSG 2221 @!@!@
@!@!@STARTMSG 2221:0 @!@!@
  |line 156, col 27 to line 156, col 30 of module gbnReceiver: 3406
@!@!@ENDMSG 2221 @!@!@
@!@!@STARTMSG 2221:0 @!@!@
  line 157, col 11 to line 157, col 47 of module gbnReceiver: 1705
@!@!@ENDMSG 2221 @!@!@
@!@!@STARTMSG 2221:0 @!@!@
  line 158, col 11 to line 158, col 71 of module gbnReceiver: 1705
@!@!@ENDMSG 2221 @!@!@
@!@!@STARTMSG 2221:0 @!@!@
  line 160, col 19 to line 160, col 35 of module gbnReceiver: 12217
@!@!@ENDMSG 2221 @!@!@
@!@!@STARTMSG 2221:0 @!@!@
  |line 160, col 19 to line 160, col 23 of module gbnReceiver: 9816
@!@!@ENDMSG 2221 @!@!@
@!@!@STARTMSG 2221:0 @!@!@
  line 161, col 19 to line 161, col 34 of module gbnReceiver: 5807
@!@!@ENDMSG 2221 @!@!@
@!@!@STARTMSG 2221:0 @!@!@
  |line 161, col 19 to line 161, col 27 of module gbnReceiver: 3406
@!@!@ENDMSG 2221 @!@!@
@!@!@STARTMSG 2221:0 @!@!@
  |line 161, col 31 to line 161, col 34 of module gbnReceiver: 3406
@!@!@ENDMSG 2221 @!@!@
@!@!@STARTMSG 2221:0 @!@!@
  line 162, col 19 to line 162, col 81 of module gbnReceiver: 2401
@!@!@ENDMSG 2221 @!@!@
@!@!@STARTMSG 2221:0 @!@!@
  |line 162, col 19 to line 162, col 48 of module gbnReceiver: 2401
@!@!@ENDMSG 2221 @!@!@
@!@!@STARTMSG 2221:0 @!@!@
  |line 162, col 53 to line 162, col 81 of module gbnReceiver: 1601
@!@!@ENDMSG 2221 @!@!@
@!@!@STARTMSG 2221:0 @!@!@
  line 163, col 24 to line 163, col 41 of module gbnReceiver: 1601
@!@!@ENDMSG 2221 @!@!@
@!@!@STARTMSG 2221:0 @!@!@
  line 164, col 24 to line 165, col 40 of module gbnReceiver: 800
@!@!@ENDMSG 2221 @!@!@
@!@!@STARTMSG 2221:0 @!@!@
  line 166, col 16 to line 166, col 32 of module gbnReceiver: 2401
@!@!@ENDMSG 2221 @!@!@
@!@!@STARTMSG 2221:0 @!@!@
  line 167, col 16 to line 167, col 70 of module gbnReceiver: 2401
@!@!@ENDMSG 2221 @!@!@
@!@!@STARTMSG 2221:0 @!@!@
  line 169, col 19 to line 169, col 34 of module gbnReceiver: 14618
@!@!@ENDMSG 2221 @!@!@
@!@!@STARTMSG 2221:0 @!@!@
  |line 169, col 19 to line 169, col 27 of module gbnReceiver: 9816
@!@!@ENDMSG 2221 @!@!@
@!@!@STARTMSG 2221:0 @!@!@
  |line 169, col 31 to line 169, col 34 of module gbnReceiver: 9816
@!@!@ENDMSG 2221 @!@!@
@!@!@STARTMSG 2221:0 @!@!@
  line 170, col 19 to line 170, col 32 of module gbnReceiver: 12005
@!@!@ENDMSG 2221 @!@!@
@!@!@STARTMSG 2221:0 @!@!@
  |line 170, col 19 to line 170, col 23 of module gbnReceiver: 7203
@!@!@ENDMSG 2221 @!@!@
@!@!@STARTMSG 2221:0 @!@!@
  line 171, col 16 to line 178, col 26 of module gbnReceiver: 4802
@!@!@ENDMSG 2221 @!@!@
@!@!@STARTMSG 2221:0 @!@!@
  |line 171, col 32 to line 178, col 26 of module gbnReceiver: 4802
@!@!@ENDMSG 2221 @!@!@
@!@!@STARTMSG 2221:0 @!@!@
  ||line 171, col 32 to line 171, col 37 of module gbnReceiver: 4802
@!@!@ENDMSG 2221 @!@!@
@!@!@STARTMSG 2221:0 @!@!@
  ||line 173, col 26 to line 178, col 26 of module gbnReceiver: 4802
@!@!@ENDMSG 2221 @!@!@
@!@!@STARTMSG 2221:0 @!@!@
  |||line 129, col 23 to line 130, col 69 of module gbnReceiver: 4802
@!@!@ENDMSG 2221 @!@!@
@!@!@STARTMSG 2221:0 @!@!@
  |||line 176, col 30 to line 177, col 78 of module gbnReceiver: 4802
@!@!@ENDMSG 2221 @!@!@
@!@!@STARTMSG 2221:0 @!@!@
  ||||line 176, col 37 to line 176, col 58 of module gbnReceiver: 4802
@!@!@ENDMSG 2221 @!@!@
@!@!@STARTMSG 2221:0 @!@!@
  |||||line 122, col 25 to line 124, col 76 of module gbnReceiver: 11204
@!@!@ENDMSG 2221 @!@!@
@!@!@STARTMSG 2221:0 @!@!@
  ||||||line 122, col 28 to line 122, col 41 of module gbnReceiver: 11204
@!@!@ENDMSG 2221 @!@!@
@!@!@STARTMSG 2221:0 @!@!@
  ||||||line 122, col 48 to line 122, col 51 of module gbnReceiver: 4802
@!@!@ENDMSG 2221 @!@!@
@!@!@STARTMSG 2221:0 @!@!@
  ||||||line 123, col 30 to line 124, col 76 of module gbnReceiver: 6402
@!@!@ENDMSG 2221 @!@!@
@!@!@STARTMSG 2221:0 @!@!@
  |||||||line 123, col 33 to line 123, col 60 of module gbnReceiver: 6402
@!@!@ENDMSG 2221 @!@!@
@!@!@STARTMSG 2221:0 @!@!@
  |||||||line 123, col 67 to line 123, col 92 of module gbnReceiver: 3200
@!@!@ENDMSG 2221 @!@!@
@!@!@STARTMSG 2221:0 @!@!@
  |||||||line 124, col 30 to line 124, col 76 of module gbnReceiver: 3202
@!@!@ENDMSG 2221 @!@!@
@!@!@STARTMSG 2221:0 @!@!@
  |||||line 176, col 49 to line 176, col 57 of module gbnReceiver: 4802
@!@!@ENDMSG 2221 @!@!@
@!@!@STARTMSG 2221:0 @!@!@
  ||||line 177, col 34 to line 177, col 77 of module gbnReceiver: 4802
@!@!@ENDMSG 2221 @!@!@
@!@!@STARTMSG 2221:0 @!@!@
  |||||line 137, col 33 to line 140, col 34 of module gbnReceiver: 4802
@!@!@ENDMSG 2221 @!@!@
@!@!@STARTMSG 2221:0 @!@!@
  ||||||line 137, col 36 to line 137, col 49 of module gbnReceiver: 4802
@!@!@ENDMSG 2221 @!@!@
@!@!@STARTMSG 2221:0 @!@!@
  ||||||line 138, col 34 to line 140, col 34 of module gbnReceiver: 3202
@!@!@ENDMSG 2221 @!@!@
@!@!@STARTMSG 2221:0 @!@!@
  |||||line 177, col 44 to line 177, col 65 of module gbnReceiver: 4802
@!@!@ENDMSG 2221 @!@!@
@!@!@STARTMSG 2221:0 @!@!@
  ||||||line 122, col 25 to line 124, col 76 of module gbnReceiver: 11204
@!@!@ENDMSG 2221 @!@!@
@!@!@STARTMSG 2221:0 @!@!@
  |||||||line 122, col 28 to line 122, col 41 of module gbnReceiver: 11204
@!@!@ENDMSG 2221 @!@!@
@!@!@STARTMSG 2221:0 @!@!@
  |||||||line 122, col 48 to line 122, col 51 of module gbnReceiver: 4802
@!@!@ENDMSG 2221 @!@!@
@!@!@STARTMSG 2221:0 @!@!@
  |||||||line 123, col 30 to line 124, col 76 of module gbnReceiver: 6402
@!@!@ENDMSG 2221 @!@!@
@!@!@STARTMSG 2221:0 @!@!@
  ||||||||line 123, col 33 to line 123, col 60 of module gbnReceiver: 6402
@!@!@ENDMSG 2221 @!@!@
@!@!@STARTMSG 2221:0 @!@!@
  ||||||||line 123, col 67 to line 123, col 92 of module gbnReceiver: 3200
@!@!@ENDMSG 2221 @!@!@
@!@!@STARTMSG 2221:0 @!@!@
  ||||||||line 124, col 30 to line 124, col 76 of module gbnReceiver: 3202
@!@!@ENDMSG 2221 @!@!@
@!@!@STARTMSG 2221:0 @!@!@
  ||||||line 177, col 56 to line 177, col 64 of module gbnReceiver: 4802
@!@!@ENDMSG 2221 @!@!@
@!@!@STARTMSG 2221:0 @!@!@
  |||||line 177, col 68 to line 177, col 76 of module gbnReceiver: 3202
@!@!@ENDMSG 2221 @!@!@
@!@!@STARTMSG 2221:0 @!@!@
  line 179, col 16 to line 179, col 84 of module gbnReceiver: 4802
@!@!@ENDMSG 2221 @!@!@
@!@!@STARTMSG 2221:0 @!@!@
  |line 179, col 29 to line 179, col 84 of module gbnReceiver: 4802
@!@!@ENDMSG 2221 @!@!@
@!@!@STARTMSG 2221:0 @!@!@
  ||line 179, col 29 to line 179, col 37 of module gbnReceiver: 4802
@!@!@ENDMSG 2221 @!@!@
@!@!@STARTMSG 2221:0 @!@!@
  ||line 179, col 41 to line 179, col 84 of module gbnReceiver: 4802
@!@!@ENDMSG 2221 @!@!@
@!@!@STARTMSG 2221:0 @!@!@
  |||line 137, col 33 to line 140, col 34 of module gbnReceiver: 4802
@!@!@ENDMSG 2221 @!@!@
@!@!@STARTMSG 2221:0 @!@!@
  ||||line 137, col 36 to line 137, col 49 of module gbnReceiver: 4802
@!@!@ENDMSG 2221 @!@!@
@!@!@STARTMSG 2221:0 @!@!@
  ||||line 138, col 34 to line 140, col 34 of module gbnReceiver: 3202
@!@!@ENDMSG 2221 @!@!@
@!@!@STARTMSG 2221:0 @!@!@
  |||line 179, col 51 to line 179, col 72 of module gbnReceiver: 4802
@!@!@ENDMSG 2221 @!@!@
@!@!@STARTMSG 2221:0 @!@!@
  ||||line 122, col 25 to line 124, col 76 of module gbnReceiver: 11204
@!@!@ENDMSG 2221 @!@!@
@!@!@STARTMSG 2221:0 @!@!@
  |||||line 122, col 28 to line 122, col 41 of module gbnReceiver: 11204
@!@!@ENDMSG 2221 @!@!@
@!@!@STARTMSG 2221:0 @!@!@
  |||||line 122, col 48 to line 122, col 51 of module gbnReceiver: 4802
@!@!@ENDMSG 2221 @!@!@
@!@!@STARTMSG 2221:0 @!@!@
  |||||line 123, col 30 to line 124, col 76 of module gbnReceiver: 6402
@!@!@ENDMSG 2221 @!@!@
@!@!@STARTMSG 2221:0 @!@!@
  ||||||line 123, col 33 to line 123, col 60 of module gbnReceiver: 6402
@!@!@ENDMSG 2221 @!@!@
@!@!@STARTMSG 2221:0 @!@!@
  ||||||line 123, col 67 to line 123, col 92 of module gbnReceiver: 3200
@!@!@ENDMSG 2221 @!@!@
@!@!@STARTMSG 2221:0 @!@!@
  ||||||line 124, col 30 to line 124, col 76 of module gbnReceiver: 3202
@!@!@ENDMSG 2221 @!@!@
@!@!@STARTMSG 2221:0 @!@!@
  ||||line 179, col 63 to line 179, col 71 of module gbnReceiver: 4802
@!@!@ENDMSG 2221 @!@!@
@!@!@STARTMSG 2221:0 @!@!@
  |||line 179, col 75 to line 179, col 83 of module gbnReceiver: 3202
@!@!@ENDMSG 2221 @!@!@
@!@!@STARTMSG 2221:0 @!@!@
  line 180, col 16 to line 180, col 32 of module gbnReceiver: 4802
@!@!@ENDMSG 2221 @!@!@
@!@!@STARTMSG 2221:0 @!@!@
  line 181, col 16 to line 181, col 58 of module gbnReceiver: 4802
@!@!@ENDMSG 2221 @!@!@
@!@!@STARTMSG 2221:0 @!@!@
  line 183, col 17 to line 183, col 33 of module gbnReceiver: 12222
@!@!@ENDMSG 2221 @!@!@
@!@!@STARTMSG 2221:0 @!@!@
  |line 183, col 17 to line 183, col 26 of module gbnReceiver: 9816
@!@!@ENDMSG 2221 @!@!@
@!@!@STARTMSG 2221:0 @!@!@
  |line 183, col 30 to line 183, col 33 of module gbnReceiver: 9816
@!@!@ENDMSG 2221 @!@!@
@!@!@STARTMSG 2221:0 @!@!@
  line 184, col 17 to line 184, col 30 of module gbnReceiver: 6517
@!@!@ENDMSG 2221 @!@!@
@!@!@STARTMSG 2221:0 @!@!@
  |line 184, col 17 to line 184, col 21 of module gbnReceiver: 4111
@!@!@ENDMSG 2221 @!@!@
@!@!@STARTMSG 2221:0 @!@!@
  line 185, col 14 to line 185, col 67 of module gbnReceiver: 2406
@!@!@ENDMSG 2221 @!@!@
@!@!@STARTMSG 2221:0 @!@!@
  line 186, col 14 to line 186, col 74 of module gbnReceiver: 2406
@!@!@ENDMSG 2221 @!@!@
@!@!@STARTMSG 2221:0 @!@!@
  line 43, col 32 to line 43, col 135 of module ass3: 11314
@!@!@ENDMSG 2221 @!@!@
@!@!@STARTMSG 2221:0 @!@!@
  line 44, col 12 to line 44, col 34 of module ass3: 40847
@!@!@ENDMSG 2221 @!@!@
@!@!@STARTMSG 2774:0 @!@!@
<Action line 63, col 21 to line 63, col 95 of module ass3>
@!@!@ENDMSG 2774 @!@!@
@!@!@STARTMSG 2221:0 @!@!@
  line 63, col 21 to line 63, col 95 of module ass3: 9800
@!@!@ENDMSG 2221 @!@!@
@!@!@STARTMSG 2202:0 @!@!@
End of statistics.
@!@!@ENDMSG 2202 @!@!@
@!@!@STARTMSG 2200:0 @!@!@
Progress(14) at 2019-06-18 22:00:07: 40,800 states generated (620,217 s/min), 9,800 distinct states found (148,973 ds/min), 0 states left on queue.
@!@!@ENDMSG 2200 @!@!@
@!@!@STARTMSG 2199:0 @!@!@
40800 states generated, 9800 distinct states found, 0 states left on queue.
@!@!@ENDMSG 2199 @!@!@
@!@!@STARTMSG 2186:0 @!@!@
Finished in 4160ms at (2019-06-18 22:00:07)
@!@!@ENDMSG 2186 @!@!@
