@!@!@STARTMSG 2262:0 @!@!@
TLC2 Version 2.13 of 18 July 2018
@!@!@ENDMSG 2262 @!@!@
@!@!@STARTMSG 2187:0 @!@!@
Running breadth-first search Model-Checking with fp 96 and seed 4866588856179961022 with 4 workers on 8 cores with 583MB heap and 1309MB offheap memory [pid: 26041] (Linux 5.1.7-arch1-1-ARCH amd64, AdoptOpenJDK 11.0.3 x86_64, OffHeapDiskFPSet, DiskStateQueue).
@!@!@ENDMSG 2187 @!@!@
@!@!@STARTMSG 2220:0 @!@!@
Starting SANY...
@!@!@ENDMSG 2220 @!@!@
Parsing file /home/jb567/projects/tla-go-back-n/goBackN.toolbox/Properties/MC.tla
Parsing file /home/jb567/projects/tla-go-back-n/goBackN.toolbox/Properties/ass3.tla
Parsing file /usr/share/java/tla-toolbox/plugins/org.lamport.tlatools_1.0.0.201905151637/tla2sany/StandardModules/TLC.tla
Parsing file /usr/share/java/tla-toolbox/plugins/org.lamport.tlatools_1.0.0.201905151637/tla2sany/StandardModules/Sequences.tla
Parsing file /usr/share/java/tla-toolbox/plugins/org.lamport.tlatools_1.0.0.201905151637/tla2sany/StandardModules/Naturals.tla
Parsing file /home/jb567/projects/tla-go-back-n/goBackN.toolbox/Properties/slidingSender.tla
Parsing file /home/jb567/projects/tla-go-back-n/goBackN.toolbox/Properties/dataWire.tla
Parsing file /home/jb567/projects/tla-go-back-n/goBackN.toolbox/Properties/gbnReceiver.tla
Parsing file /home/jb567/projects/tla-go-back-n/goBackN.toolbox/Properties/mpb.tla
Parsing file /home/jb567/projects/tla-go-back-n/goBackN.toolbox/Properties/tcp.tla
Parsing file /usr/share/java/tla-toolbox/plugins/org.lamport.tlatools_1.0.0.201905151637/tla2sany/StandardModules/FiniteSets.tla
Semantic processing of module Naturals
Semantic processing of module Sequences
Semantic processing of module FiniteSets
Semantic processing of module TLC
Semantic processing of module slidingSender
Semantic processing of module dataWire
Semantic processing of module gbnReceiver
Semantic processing of module mpb
Semantic processing of module tcp
Semantic processing of module ass3
Semantic processing of module MC
@!@!@STARTMSG 2219:0 @!@!@
SANY finished.
@!@!@ENDMSG 2219 @!@!@
@!@!@STARTMSG 2185:0 @!@!@
Starting... (2019-06-17 02:08:21)
@!@!@ENDMSG 2185 @!@!@
@!@!@STARTMSG 2212:0 @!@!@
Implied-temporal checking--satisfiability problem has 1 branches.
@!@!@ENDMSG 2212 @!@!@
@!@!@STARTMSG 2189:0 @!@!@
Computing initial states...
@!@!@ENDMSG 2189 @!@!@
@!@!@STARTMSG 2190:0 @!@!@
Finished computing initial states: 1 distinct state generated at 2019-06-17 02:08:21.
@!@!@ENDMSG 2190 @!@!@
@!@!@STARTMSG 2192:0 @!@!@
Checking temporal properties for the current state space with 22534 total distinct states at (2019-06-17 02:08:24)
@!@!@ENDMSG 2192 @!@!@
@!@!@STARTMSG 2116:1 @!@!@
Temporal properties were violated.

@!@!@ENDMSG 2116 @!@!@
@!@!@STARTMSG 2264:1 @!@!@
The following behavior constitutes a counter-example:

@!@!@ENDMSG 2264 @!@!@
@!@!@STARTMSG 2217:4 @!@!@
1: <Initial predicate>
/\ senderState = "WAITING"
/\ ackWireIn = <<>>
/\ ackWireOut = <<>>
/\ dataWireOut = <<>>
/\ n = 0
/\ dataWireIn = <<>>
/\ output = <<>>
/\ ackSeqNum = 0
/\ senderIdx = 1
/\ buffer = <<>>
/\ senderPc = [ SendSynAck |-> "A_S",
  ACK |-> "A",
  SynAck |-> "A_",
  ReceiveButFirst |-> "A_R",
  Sender |-> "A_s" ]
/\ receiverState = "WAITING"

@!@!@ENDMSG 2217 @!@!@
@!@!@STARTMSG 2217:4 @!@!@
2: <Next line 39, col 9 to line 43, col 34 of module ass3>
/\ senderState = "WAITING"
/\ ackWireIn = <<<<"SYN", 0>>>>
/\ ackWireOut = <<>>
/\ dataWireOut = <<>>
/\ n = 0
/\ dataWireIn = <<>>
/\ output = <<>>
/\ ackSeqNum = 0
/\ senderIdx = 1
/\ buffer = <<>>
/\ senderPc = [ SendSynAck |-> "A_S",
  ACK |-> "A",
  SynAck |-> "A_",
  ReceiveButFirst |-> "A_R",
  Sender |-> "A_s" ]
/\ receiverState = "WAITING"

@!@!@ENDMSG 2217 @!@!@
@!@!@STARTMSG 2217:4 @!@!@
3: <Next line 39, col 9 to line 43, col 34 of module ass3>
/\ senderState = "WAITING"
/\ ackWireIn = <<>>
/\ ackWireOut = <<<<"SYN", 0>>>>
/\ dataWireOut = <<>>
/\ n = 0
/\ dataWireIn = <<>>
/\ output = <<>>
/\ ackSeqNum = 0
/\ senderIdx = 1
/\ buffer = <<>>
/\ senderPc = [ SendSynAck |-> "A_S",
  ACK |-> "A",
  SynAck |-> "A_",
  ReceiveButFirst |-> "A_R",
  Sender |-> "A_s" ]
/\ receiverState = "WAITING"

@!@!@ENDMSG 2217 @!@!@
@!@!@STARTMSG 2217:4 @!@!@
4: <Next line 39, col 9 to line 43, col 34 of module ass3>
/\ senderState = "OPENING"
/\ ackWireIn = <<>>
/\ ackWireOut = <<>>
/\ dataWireOut = <<>>
/\ n = 0
/\ dataWireIn = <<>>
/\ output = <<>>
/\ ackSeqNum = 0
/\ senderIdx = 1
/\ buffer = <<>>
/\ senderPc = [ SendSynAck |-> "A_S",
  ACK |-> "A",
  SynAck |-> "A_",
  ReceiveButFirst |-> "A_R",
  Sender |-> "A_s" ]
/\ receiverState = "WAITING"

@!@!@ENDMSG 2217 @!@!@
@!@!@STARTMSG 2217:4 @!@!@
5: <Next line 39, col 9 to line 43, col 34 of module ass3>
/\ senderState = "OPENING"
/\ ackWireIn = <<>>
/\ ackWireOut = <<>>
/\ dataWireOut = <<>>
/\ n = 0
/\ dataWireIn = <<>>
/\ output = <<>>
/\ ackSeqNum = 0
/\ senderIdx = 1
/\ buffer = <<>>
/\ senderPc = [ SendSynAck |-> "A_S",
  ACK |-> "A",
  SynAck |-> "Done",
  ReceiveButFirst |-> "A_R",
  Sender |-> "A_s" ]
/\ receiverState = "WAITING"

@!@!@ENDMSG 2217 @!@!@
@!@!@STARTMSG 2217:4 @!@!@
6: <Next line 39, col 9 to line 43, col 34 of module ass3>
/\ senderState = "OPENING"
/\ ackWireIn = <<>>
/\ ackWireOut = <<>>
/\ dataWireOut = <<>>
/\ n = 0
/\ dataWireIn = <<<<0, "SYNACK">>>>
/\ output = <<>>
/\ ackSeqNum = 0
/\ senderIdx = 1
/\ buffer = <<>>
/\ senderPc = [ SendSynAck |-> "A_S",
  ACK |-> "A",
  SynAck |-> "Done",
  ReceiveButFirst |-> "A_R",
  Sender |-> "A_s" ]
/\ receiverState = "WAITING"

@!@!@ENDMSG 2217 @!@!@
@!@!@STARTMSG 2217:4 @!@!@
7: <Next line 39, col 9 to line 43, col 34 of module ass3>
/\ senderState = "OPENING"
/\ ackWireIn = <<>>
/\ ackWireOut = <<>>
/\ dataWireOut = <<<<0, "SYNACK">>>>
/\ n = 0
/\ dataWireIn = <<>>
/\ output = <<>>
/\ ackSeqNum = 0
/\ senderIdx = 1
/\ buffer = <<>>
/\ senderPc = [ SendSynAck |-> "A_S",
  ACK |-> "A",
  SynAck |-> "Done",
  ReceiveButFirst |-> "A_R",
  Sender |-> "A_s" ]
/\ receiverState = "WAITING"

@!@!@ENDMSG 2217 @!@!@
@!@!@STARTMSG 2217:4 @!@!@
8: <Next line 39, col 9 to line 43, col 34 of module ass3>
/\ senderState = "OPENING"
/\ ackWireIn = <<>>
/\ ackWireOut = <<>>
/\ dataWireOut = <<>>
/\ n = 0
/\ dataWireIn = <<>>
/\ output = <<>>
/\ ackSeqNum = 0
/\ senderIdx = 1
/\ buffer = <<>>
/\ senderPc = [ SendSynAck |-> "A_S",
  ACK |-> "A",
  SynAck |-> "Done",
  ReceiveButFirst |-> "A_R",
  Sender |-> "A_s" ]
/\ receiverState = "OPEN"

@!@!@ENDMSG 2217 @!@!@
@!@!@STARTMSG 2217:4 @!@!@
9: <Next line 39, col 9 to line 43, col 34 of module ass3>
/\ senderState = "OPENING"
/\ ackWireIn = <<<<"ACK", 0>>>>
/\ ackWireOut = <<>>
/\ dataWireOut = <<>>
/\ n = 0
/\ dataWireIn = <<>>
/\ output = <<>>
/\ ackSeqNum = 0
/\ senderIdx = 1
/\ buffer = <<>>
/\ senderPc = [ SendSynAck |-> "A_S",
  ACK |-> "A",
  SynAck |-> "Done",
  ReceiveButFirst |-> "A_R",
  Sender |-> "A_s" ]
/\ receiverState = "OPEN"

@!@!@ENDMSG 2217 @!@!@
@!@!@STARTMSG 2217:4 @!@!@
10: <Next line 39, col 9 to line 43, col 34 of module ass3>
/\ senderState = "OPENING"
/\ ackWireIn = <<>>
/\ ackWireOut = <<<<"ACK", 0>>>>
/\ dataWireOut = <<>>
/\ n = 0
/\ dataWireIn = <<>>
/\ output = <<>>
/\ ackSeqNum = 0
/\ senderIdx = 1
/\ buffer = <<>>
/\ senderPc = [ SendSynAck |-> "A_S",
  ACK |-> "A",
  SynAck |-> "Done",
  ReceiveButFirst |-> "A_R",
  Sender |-> "A_s" ]
/\ receiverState = "OPEN"

@!@!@ENDMSG 2217 @!@!@
@!@!@STARTMSG 2217:4 @!@!@
11: <Next line 39, col 9 to line 43, col 34 of module ass3>
/\ senderState = "OPEN"
/\ ackWireIn = <<>>
/\ ackWireOut = <<>>
/\ dataWireOut = <<>>
/\ n = 0
/\ dataWireIn = <<>>
/\ output = <<>>
/\ ackSeqNum = 0
/\ senderIdx = 1
/\ buffer = <<>>
/\ senderPc = [ SendSynAck |-> "A_S",
  ACK |-> "A",
  SynAck |-> "Done",
  ReceiveButFirst |-> "A_R",
  Sender |-> "A_s" ]
/\ receiverState = "OPEN"

@!@!@ENDMSG 2217 @!@!@
@!@!@STARTMSG 2217:4 @!@!@
12: <Next line 39, col 9 to line 43, col 34 of module ass3>
/\ senderState = "OPEN"
/\ ackWireIn = <<>>
/\ ackWireOut = <<>>
/\ dataWireOut = <<>>
/\ n = 0
/\ dataWireIn = <<<<1, 1>>, <<2, 2>>, <<3, 3>>>>
/\ output = <<>>
/\ ackSeqNum = 0
/\ senderIdx = 1
/\ buffer = <<>>
/\ senderPc = [ SendSynAck |-> "A_S",
  ACK |-> "A",
  SynAck |-> "Done",
  ReceiveButFirst |-> "A_R",
  Sender |-> "A_s" ]
/\ receiverState = "OPEN"

@!@!@ENDMSG 2217 @!@!@
@!@!@STARTMSG 2217:4 @!@!@
13: <Next line 39, col 9 to line 43, col 34 of module ass3>
/\ senderState = "OPEN"
/\ ackWireIn = <<>>
/\ ackWireOut = <<>>
/\ dataWireOut = <<<<1, 1>>>>
/\ n = 0
/\ dataWireIn = <<<<2, 2>>, <<3, 3>>>>
/\ output = <<>>
/\ ackSeqNum = 0
/\ senderIdx = 1
/\ buffer = <<>>
/\ senderPc = [ SendSynAck |-> "A_S",
  ACK |-> "A",
  SynAck |-> "Done",
  ReceiveButFirst |-> "A_R",
  Sender |-> "A_s" ]
/\ receiverState = "OPEN"

@!@!@ENDMSG 2217 @!@!@
@!@!@STARTMSG 2217:4 @!@!@
14: <Next line 39, col 9 to line 43, col 34 of module ass3>
/\ senderState = "OPEN"
/\ ackWireIn = <<>>
/\ ackWireOut = <<>>
/\ dataWireOut = <<<<1, 1>>, <<2, 2>>>>
/\ n = 0
/\ dataWireIn = <<<<3, 3>>>>
/\ output = <<>>
/\ ackSeqNum = 0
/\ senderIdx = 1
/\ buffer = <<>>
/\ senderPc = [ SendSynAck |-> "A_S",
  ACK |-> "A",
  SynAck |-> "Done",
  ReceiveButFirst |-> "A_R",
  Sender |-> "A_s" ]
/\ receiverState = "OPEN"

@!@!@ENDMSG 2217 @!@!@
@!@!@STARTMSG 2217:4 @!@!@
15: <Next line 39, col 9 to line 43, col 34 of module ass3>
/\ senderState = "OPEN"
/\ ackWireIn = <<>>
/\ ackWireOut = <<>>
/\ dataWireOut = <<<<1, 1>>, <<2, 2>>, <<3, 3>>>>
/\ n = 0
/\ dataWireIn = <<>>
/\ output = <<>>
/\ ackSeqNum = 0
/\ senderIdx = 1
/\ buffer = <<>>
/\ senderPc = [ SendSynAck |-> "A_S",
  ACK |-> "A",
  SynAck |-> "Done",
  ReceiveButFirst |-> "A_R",
  Sender |-> "A_s" ]
/\ receiverState = "OPEN"

@!@!@ENDMSG 2217 @!@!@
@!@!@STARTMSG 2217:4 @!@!@
16: <Next line 39, col 9 to line 43, col 34 of module ass3>
/\ senderState = "OPEN"
/\ ackWireIn = <<>>
/\ ackWireOut = <<>>
/\ dataWireOut = <<>>
/\ n = 0
/\ dataWireIn = <<>>
/\ output = <<1, 2, 3>>
/\ ackSeqNum = 3
/\ senderIdx = 1
/\ buffer = <<>>
/\ senderPc = [ SendSynAck |-> "A_S",
  ACK |-> "A",
  SynAck |-> "Done",
  ReceiveButFirst |-> "A_R",
  Sender |-> "A_s" ]
/\ receiverState = "OPEN"

@!@!@ENDMSG 2217 @!@!@
@!@!@STARTMSG 2217:4 @!@!@
17: <Next line 39, col 9 to line 43, col 34 of module ass3>
/\ senderState = "OPEN"
/\ ackWireIn = <<<<"ACK", 3>>>>
/\ ackWireOut = <<>>
/\ dataWireOut = <<>>
/\ n = 0
/\ dataWireIn = <<>>
/\ output = <<1, 2, 3>>
/\ ackSeqNum = 3
/\ senderIdx = 1
/\ buffer = <<>>
/\ senderPc = [ SendSynAck |-> "A_S",
  ACK |-> "A",
  SynAck |-> "Done",
  ReceiveButFirst |-> "A_R",
  Sender |-> "A_s" ]
/\ receiverState = "OPEN"

@!@!@ENDMSG 2217 @!@!@
@!@!@STARTMSG 2217:4 @!@!@
18: <Next line 39, col 9 to line 43, col 34 of module ass3>
/\ senderState = "OPEN"
/\ ackWireIn = <<>>
/\ ackWireOut = <<<<"ACK", 3>>>>
/\ dataWireOut = <<>>
/\ n = 0
/\ dataWireIn = <<>>
/\ output = <<1, 2, 3>>
/\ ackSeqNum = 3
/\ senderIdx = 1
/\ buffer = <<>>
/\ senderPc = [ SendSynAck |-> "A_S",
  ACK |-> "A",
  SynAck |-> "Done",
  ReceiveButFirst |-> "A_R",
  Sender |-> "A_s" ]
/\ receiverState = "OPEN"

@!@!@ENDMSG 2217 @!@!@
@!@!@STARTMSG 2217:4 @!@!@
19: <Next line 39, col 9 to line 43, col 34 of module ass3>
/\ senderState = "OPEN"
/\ ackWireIn = <<>>
/\ ackWireOut = <<>>
/\ dataWireOut = <<>>
/\ n = 0
/\ dataWireIn = <<>>
/\ output = <<1, 2, 3>>
/\ ackSeqNum = 3
/\ senderIdx = 4
/\ buffer = <<>>
/\ senderPc = [ SendSynAck |-> "A_S",
  ACK |-> "A",
  SynAck |-> "Done",
  ReceiveButFirst |-> "A_R",
  Sender |-> "A_s" ]
/\ receiverState = "OPEN"

@!@!@ENDMSG 2217 @!@!@
@!@!@STARTMSG 2217:4 @!@!@
20: <Next line 39, col 9 to line 43, col 34 of module ass3>
/\ senderState = "OPEN"
/\ ackWireIn = <<>>
/\ ackWireOut = <<>>
/\ dataWireOut = <<>>
/\ n = 0
/\ dataWireIn = <<<<4, 4>>, <<5, 5>>, <<6, 6>>>>
/\ output = <<1, 2, 3>>
/\ ackSeqNum = 3
/\ senderIdx = 4
/\ buffer = <<>>
/\ senderPc = [ SendSynAck |-> "A_S",
  ACK |-> "A",
  SynAck |-> "Done",
  ReceiveButFirst |-> "A_R",
  Sender |-> "A_s" ]
/\ receiverState = "OPEN"

@!@!@ENDMSG 2217 @!@!@
@!@!@STARTMSG 2217:4 @!@!@
21: <Next line 39, col 9 to line 43, col 34 of module ass3>
/\ senderState = "OPEN"
/\ ackWireIn = <<<<"ACK", 3>>>>
/\ ackWireOut = <<>>
/\ dataWireOut = <<>>
/\ n = 0
/\ dataWireIn = <<<<4, 4>>, <<5, 5>>, <<6, 6>>>>
/\ output = <<1, 2, 3>>
/\ ackSeqNum = 3
/\ senderIdx = 4
/\ buffer = <<>>
/\ senderPc = [ SendSynAck |-> "A_S",
  ACK |-> "A",
  SynAck |-> "Done",
  ReceiveButFirst |-> "A_R",
  Sender |-> "A_s" ]
/\ receiverState = "OPEN"

@!@!@ENDMSG 2217 @!@!@
@!@!@STARTMSG 2217:4 @!@!@
22: <Next line 39, col 9 to line 43, col 34 of module ass3>
/\ senderState = "OPEN"
/\ ackWireIn = <<>>
/\ ackWireOut = <<<<"ACK", 3>>>>
/\ dataWireOut = <<>>
/\ n = 0
/\ dataWireIn = <<<<4, 4>>, <<5, 5>>, <<6, 6>>>>
/\ output = <<1, 2, 3>>
/\ ackSeqNum = 3
/\ senderIdx = 4
/\ buffer = <<>>
/\ senderPc = [ SendSynAck |-> "A_S",
  ACK |-> "A",
  SynAck |-> "Done",
  ReceiveButFirst |-> "A_R",
  Sender |-> "A_s" ]
/\ receiverState = "OPEN"

@!@!@ENDMSG 2217 @!@!@
@!@!@STARTMSG 2217:4 @!@!@
23: <Next line 39, col 9 to line 43, col 34 of module ass3>
/\ senderState = "OPEN"
/\ ackWireIn = <<>>
/\ ackWireOut = <<>>
/\ dataWireOut = <<>>
/\ n = 0
/\ dataWireIn = <<<<4, 4>>, <<5, 5>>, <<6, 6>>>>
/\ output = <<1, 2, 3>>
/\ ackSeqNum = 3
/\ senderIdx = 4
/\ buffer = <<>>
/\ senderPc = [ SendSynAck |-> "A_S",
  ACK |-> "A",
  SynAck |-> "Done",
  ReceiveButFirst |-> "A_R",
  Sender |-> "A_s" ]
/\ receiverState = "OPEN"

@!@!@ENDMSG 2217 @!@!@
@!@!@STARTMSG 2217:4 @!@!@
24: <Next line 39, col 9 to line 43, col 34 of module ass3>
/\ senderState = "OPEN"
/\ ackWireIn = <<<<"ACK", 3>>>>
/\ ackWireOut = <<>>
/\ dataWireOut = <<>>
/\ n = 0
/\ dataWireIn = <<<<4, 4>>, <<5, 5>>, <<6, 6>>>>
/\ output = <<1, 2, 3>>
/\ ackSeqNum = 3
/\ senderIdx = 4
/\ buffer = <<>>
/\ senderPc = [ SendSynAck |-> "A_S",
  ACK |-> "A",
  SynAck |-> "Done",
  ReceiveButFirst |-> "A_R",
  Sender |-> "A_s" ]
/\ receiverState = "OPEN"

@!@!@ENDMSG 2217 @!@!@
@!@!@STARTMSG 2217:4 @!@!@
25: <Next line 39, col 9 to line 43, col 34 of module ass3>
/\ senderState = "OPEN"
/\ ackWireIn = <<<<"ACK", 3>>>>
/\ ackWireOut = <<>>
/\ dataWireOut = <<>>
/\ n = 0
/\ dataWireIn = <<<<5, 5>>, <<6, 6>>>>
/\ output = <<1, 2, 3>>
/\ ackSeqNum = 3
/\ senderIdx = 4
/\ buffer = <<>>
/\ senderPc = [ SendSynAck |-> "A_S",
  ACK |-> "A",
  SynAck |-> "Done",
  ReceiveButFirst |-> "A_R",
  Sender |-> "A_s" ]
/\ receiverState = "OPEN"

@!@!@ENDMSG 2217 @!@!@
@!@!@STARTMSG 2217:4 @!@!@
26: <Next line 39, col 9 to line 43, col 34 of module ass3>
/\ senderState = "OPEN"
/\ ackWireIn = <<>>
/\ ackWireOut = <<>>
/\ dataWireOut = <<>>
/\ n = 0
/\ dataWireIn = <<<<5, 5>>, <<6, 6>>>>
/\ output = <<1, 2, 3>>
/\ ackSeqNum = 3
/\ senderIdx = 4
/\ buffer = <<>>
/\ senderPc = [ SendSynAck |-> "A_S",
  ACK |-> "A",
  SynAck |-> "Done",
  ReceiveButFirst |-> "A_R",
  Sender |-> "A_s" ]
/\ receiverState = "OPEN"

@!@!@ENDMSG 2217 @!@!@
@!@!@STARTMSG 2217:4 @!@!@
27: <Next line 39, col 9 to line 43, col 34 of module ass3>
/\ senderState = "OPEN"
/\ ackWireIn = <<>>
/\ ackWireOut = <<>>
/\ dataWireOut = <<<<5, 5>>>>
/\ n = 0
/\ dataWireIn = <<<<6, 6>>>>
/\ output = <<1, 2, 3>>
/\ ackSeqNum = 3
/\ senderIdx = 4
/\ buffer = <<>>
/\ senderPc = [ SendSynAck |-> "A_S",
  ACK |-> "A",
  SynAck |-> "Done",
  ReceiveButFirst |-> "A_R",
  Sender |-> "A_s" ]
/\ receiverState = "OPEN"

@!@!@ENDMSG 2217 @!@!@
@!@!@STARTMSG 2217:4 @!@!@
28: <Next line 39, col 9 to line 43, col 34 of module ass3>
/\ senderState = "OPEN"
/\ ackWireIn = <<>>
/\ ackWireOut = <<>>
/\ dataWireOut = <<>>
/\ n = 0
/\ dataWireIn = <<<<6, 6>>>>
/\ output = <<1, 2, 3>>
/\ ackSeqNum = 3
/\ senderIdx = 4
/\ buffer = <<>>
/\ senderPc = [ SendSynAck |-> "A_S",
  ACK |-> "A",
  SynAck |-> "Done",
  ReceiveButFirst |-> "A_R",
  Sender |-> "A_s" ]
/\ receiverState = "OPEN"

@!@!@ENDMSG 2217 @!@!@
@!@!@STARTMSG 2122:4 @!@!@
19: Back to state: <Next line 39, col 9 to line 43, col 34 of module ass3>

@!@!@ENDMSG 2122 @!@!@
@!@!@STARTMSG 2267:0 @!@!@
Finished checking temporal properties in 00s at 2019-06-17 02:08:25
@!@!@ENDMSG 2267 @!@!@
@!@!@STARTMSG 2201:0 @!@!@
The coverage statistics at 2019-06-17 02:08:25
@!@!@ENDMSG 2201 @!@!@
@!@!@STARTMSG 2773:0 @!@!@
<Init line 33, col 1 to line 33, col 4 of module ass3>: 2
@!@!@ENDMSG 2773 @!@!@
@!@!@STARTMSG 2221:0 @!@!@
  line 33, col 9 to line 37, col 26 of module ass3: 2
@!@!@ENDMSG 2221 @!@!@
@!@!@STARTMSG 2772:0 @!@!@
<Next line 39, col 1 to line 39, col 4 of module ass3>: 31889:120309
@!@!@ENDMSG 2772 @!@!@
@!@!@STARTMSG 2221:0 @!@!@
  line 22, col 1 to line 23, col 51 of module ass3: 18190
@!@!@ENDMSG 2221 @!@!@
@!@!@STARTMSG 2221:0 @!@!@
  line 22, col 1 to line 23, col 51 of module ass3: 13003
@!@!@ENDMSG 2221 @!@!@
@!@!@STARTMSG 2221:0 @!@!@
  line 22, col 1 to line 23, col 51 of module ass3: 4847
@!@!@ENDMSG 2221 @!@!@
@!@!@STARTMSG 2221:0 @!@!@
  line 22, col 52 to line 22, col 61 of module ass3: 77946
@!@!@ENDMSG 2221 @!@!@
@!@!@STARTMSG 2221:0 @!@!@
  line 22, col 79 to line 22, col 88 of module ass3: 29109
@!@!@ENDMSG 2221 @!@!@
@!@!@STARTMSG 2221:0 @!@!@
  line 22, col 100 to line 22, col 110 of module ass3: 88816
@!@!@ENDMSG 2221 @!@!@
@!@!@STARTMSG 2221:0 @!@!@
  line 23, col 27 to line 23, col 35 of module ass3: 20501
@!@!@ENDMSG 2221 @!@!@
@!@!@STARTMSG 2221:0 @!@!@
  line 23, col 44 to line 23, col 51 of module ass3: 151022
@!@!@ENDMSG 2221 @!@!@
@!@!@STARTMSG 2221:0 @!@!@
  line 121, col 10 to line 121, col 28 of module slidingSender: 34490
@!@!@ENDMSG 2221 @!@!@
@!@!@STARTMSG 2221:0 @!@!@
  |line 121, col 10 to line 121, col 21 of module slidingSender: 22562
@!@!@ENDMSG 2221 @!@!@
@!@!@STARTMSG 2221:0 @!@!@
  line 122, col 13 to line 122, col 29 of module slidingSender: 11932
@!@!@ENDMSG 2221 @!@!@
@!@!@STARTMSG 2221:0 @!@!@
  line 123, col 21 to line 123, col 36 of module slidingSender: 62
@!@!@ENDMSG 2221 @!@!@
@!@!@STARTMSG 2221:0 @!@!@
  |line 123, col 21 to line 123, col 29 of module slidingSender: 33
@!@!@ENDMSG 2221 @!@!@
@!@!@STARTMSG 2221:0 @!@!@
  |line 123, col 33 to line 123, col 36 of module slidingSender: 33
@!@!@ENDMSG 2221 @!@!@
@!@!@STARTMSG 2221:0 @!@!@
  line 124, col 24 to line 124, col 50 of module slidingSender: 29
@!@!@ENDMSG 2221 @!@!@
@!@!@STARTMSG 2221:0 @!@!@
  line 125, col 29 to line 125, col 49 of module slidingSender: 15
@!@!@ENDMSG 2221 @!@!@
@!@!@STARTMSG 2221:0 @!@!@
  line 126, col 29 to line 127, col 45 of module slidingSender: 14
@!@!@ENDMSG 2221 @!@!@
@!@!@STARTMSG 2221:0 @!@!@
  line 128, col 21 to line 128, col 48 of module slidingSender: 29
@!@!@ENDMSG 2221 @!@!@
@!@!@STARTMSG 2221:0 @!@!@
  line 129, col 21 to line 129, col 56 of module slidingSender: 29
@!@!@ENDMSG 2221 @!@!@
@!@!@STARTMSG 2221:0 @!@!@
  line 130, col 21 to line 130, col 58 of module slidingSender: 11899
@!@!@ENDMSG 2221 @!@!@
@!@!@STARTMSG 2221:0 @!@!@
  line 131, col 21 to line 131, col 52 of module slidingSender: 11899
@!@!@ENDMSG 2221 @!@!@
@!@!@STARTMSG 2221:0 @!@!@
  line 132, col 10 to line 132, col 47 of module slidingSender: 11928
@!@!@ENDMSG 2221 @!@!@
@!@!@STARTMSG 2221:0 @!@!@
  line 136, col 11 to line 136, col 34 of module slidingSender: 25838
@!@!@ENDMSG 2221 @!@!@
@!@!@STARTMSG 2221:0 @!@!@
  |line 136, col 11 to line 136, col 26 of module slidingSender: 22562
@!@!@ENDMSG 2221 @!@!@
@!@!@STARTMSG 2221:0 @!@!@
  line 137, col 11 to line 137, col 27 of module slidingSender: 25838
@!@!@ENDMSG 2221 @!@!@
@!@!@STARTMSG 2221:0 @!@!@
  |line 137, col 11 to line 137, col 15 of module slidingSender: 22562
@!@!@ENDMSG 2221 @!@!@
@!@!@STARTMSG 2221:0 @!@!@
  line 137, col 32 to line 137, col 48 of module slidingSender: 9823
@!@!@ENDMSG 2221 @!@!@
@!@!@STARTMSG 2221:0 @!@!@
  |line 137, col 32 to line 137, col 41 of module slidingSender: 6547
@!@!@ENDMSG 2221 @!@!@
@!@!@STARTMSG 2221:0 @!@!@
  |line 137, col 45 to line 137, col 48 of module slidingSender: 6547
@!@!@ENDMSG 2221 @!@!@
@!@!@STARTMSG 2221:0 @!@!@
  line 138, col 11 to line 138, col 43 of module slidingSender: 3276
@!@!@ENDMSG 2221 @!@!@
@!@!@STARTMSG 2221:0 @!@!@
  line 139, col 11 to line 139, col 51 of module slidingSender: 3276
@!@!@ENDMSG 2221 @!@!@
@!@!@STARTMSG 2221:0 @!@!@
  line 140, col 11 to line 140, col 54 of module slidingSender: 3276
@!@!@ENDMSG 2221 @!@!@
@!@!@STARTMSG 2221:0 @!@!@
  line 144, col 11 to line 144, col 39 of module slidingSender: 28803
@!@!@ENDMSG 2221 @!@!@
@!@!@STARTMSG 2221:0 @!@!@
  |line 144, col 11 to line 144, col 31 of module slidingSender: 22562
@!@!@ENDMSG 2221 @!@!@
@!@!@STARTMSG 2221:0 @!@!@
  line 145, col 11 to line 145, col 27 of module slidingSender: 28803
@!@!@ENDMSG 2221 @!@!@
@!@!@STARTMSG 2221:0 @!@!@
  |line 145, col 11 to line 145, col 15 of module slidingSender: 22562
@!@!@ENDMSG 2221 @!@!@
@!@!@STARTMSG 2221:0 @!@!@
  line 145, col 32 to line 145, col 47 of module slidingSender: 12788
@!@!@ENDMSG 2221 @!@!@
@!@!@STARTMSG 2221:0 @!@!@
  |line 145, col 32 to line 145, col 40 of module slidingSender: 6547
@!@!@ENDMSG 2221 @!@!@
@!@!@STARTMSG 2221:0 @!@!@
  |line 145, col 44 to line 145, col 47 of module slidingSender: 6547
@!@!@ENDMSG 2221 @!@!@
@!@!@STARTMSG 2221:0 @!@!@
  line 146, col 14 to line 146, col 110 of module slidingSender: 6241
@!@!@ENDMSG 2221 @!@!@
@!@!@STARTMSG 2221:0 @!@!@
  |line 146, col 14 to line 146, col 73 of module slidingSender: 6241
@!@!@ENDMSG 2221 @!@!@
@!@!@STARTMSG 2221:0 @!@!@
  ||line 146, col 14 to line 146, col 43 of module slidingSender: 6241
@!@!@ENDMSG 2221 @!@!@
@!@!@STARTMSG 2221:0 @!@!@
  ||line 146, col 48 to line 146, col 73 of module slidingSender: 3541
@!@!@ENDMSG 2221 @!@!@
@!@!@STARTMSG 2221:0 @!@!@
  |line 146, col 78 to line 146, col 110 of module slidingSender: 841
@!@!@ENDMSG 2221 @!@!@
@!@!@STARTMSG 2221:0 @!@!@
  line 147, col 19 to line 147, col 36 of module slidingSender: 841
@!@!@ENDMSG 2221 @!@!@
@!@!@STARTMSG 2221:0 @!@!@
  line 148, col 19 to line 149, col 35 of module slidingSender: 5400
@!@!@ENDMSG 2221 @!@!@
@!@!@STARTMSG 2221:0 @!@!@
  line 150, col 11 to line 150, col 38 of module slidingSender: 6241
@!@!@ENDMSG 2221 @!@!@
@!@!@STARTMSG 2221:0 @!@!@
  line 151, col 11 to line 151, col 56 of module slidingSender: 6241
@!@!@ENDMSG 2221 @!@!@
@!@!@STARTMSG 2221:0 @!@!@
  line 152, col 11 to line 152, col 48 of module slidingSender: 6241
@!@!@ENDMSG 2221 @!@!@
@!@!@STARTMSG 2221:0 @!@!@
  line 156, col 11 to line 156, col 30 of module slidingSender: 27409
@!@!@ENDMSG 2221 @!@!@
@!@!@STARTMSG 2221:0 @!@!@
  |line 156, col 11 to line 156, col 22 of module slidingSender: 22562
@!@!@ENDMSG 2221 @!@!@
@!@!@STARTMSG 2221:0 @!@!@
  line 157, col 14 to line 157, col 30 of module slidingSender: 27409
@!@!@ENDMSG 2221 @!@!@
@!@!@STARTMSG 2221:0 @!@!@
  |line 157, col 14 to line 157, col 23 of module slidingSender: 22562
@!@!@ENDMSG 2221 @!@!@
@!@!@STARTMSG 2221:0 @!@!@
  |line 157, col 27 to line 157, col 30 of module slidingSender: 22562
@!@!@ENDMSG 2221 @!@!@
@!@!@STARTMSG 2221:0 @!@!@
  line 158, col 14 to line 158, col 39 of module slidingSender: 4847
@!@!@ENDMSG 2221 @!@!@
@!@!@STARTMSG 2221:0 @!@!@
  |line 158, col 14 to line 158, col 23 of module slidingSender: 8156
@!@!@ENDMSG 2221 @!@!@
@!@!@STARTMSG 2221:0 @!@!@
  |line 158, col 28 to line 158, col 39 of module slidingSender: 8156
@!@!@ENDMSG 2221 @!@!@
@!@!@STARTMSG 2221:0 @!@!@
  line 159, col 14 to line 159, col 27 of module slidingSender: 13003
@!@!@ENDMSG 2221 @!@!@
@!@!@STARTMSG 2221:0 @!@!@
  |line 159, col 14 to line 159, col 18 of module slidingSender: 8156
@!@!@ENDMSG 2221 @!@!@
@!@!@STARTMSG 2221:0 @!@!@
  line 160, col 11 to line 160, col 55 of module slidingSender: 4847
@!@!@ENDMSG 2221 @!@!@
@!@!@STARTMSG 2221:0 @!@!@
  |line 160, col 25 to line 160, col 55 of module slidingSender: 4847
@!@!@ENDMSG 2221 @!@!@
@!@!@STARTMSG 2221:0 @!@!@
  ||line 99, col 26 to line 99, col 61 of module slidingSender: 4847
@!@!@ENDMSG 2221 @!@!@
@!@!@STARTMSG 2221:0 @!@!@
  |||line 101, col 34 to line 103, col 100 of module slidingSender: 19388
@!@!@ENDMSG 2221 @!@!@
@!@!@STARTMSG 2221:0 @!@!@
  ||||line 101, col 37 to line 101, col 64 of module slidingSender: 19388
@!@!@ENDMSG 2221 @!@!@
@!@!@STARTMSG 2221:0 @!@!@
  ||||line 102, col 39 to line 102, col 42 of module slidingSender: 4847
@!@!@ENDMSG 2221 @!@!@
@!@!@STARTMSG 2221:0 @!@!@
  ||||line 103, col 39 to line 103, col 100 of module slidingSender: 14541
@!@!@ENDMSG 2221 @!@!@
@!@!@STARTMSG 2221:0 @!@!@
  |||line 99, col 38 to line 99, col 42 of module slidingSender: 4847
@!@!@ENDMSG 2221 @!@!@
@!@!@STARTMSG 2221:0 @!@!@
  |||line 99, col 45 to line 99, col 47 of module slidingSender: 4847
@!@!@ENDMSG 2221 @!@!@
@!@!@STARTMSG 2221:0 @!@!@
  |||line 99, col 50 to line 99, col 60 of module slidingSender: 4847
@!@!@ENDMSG 2221 @!@!@
@!@!@STARTMSG 2221:0 @!@!@
  ||line 160, col 36 to line 160, col 42 of module slidingSender: 4847
@!@!@ENDMSG 2221 @!@!@
@!@!@STARTMSG 2221:0 @!@!@
  ||line 160, col 45 to line 160, col 54 of module slidingSender: 4847
@!@!@ENDMSG 2221 @!@!@
@!@!@STARTMSG 2221:0 @!@!@
  line 161, col 11 to line 161, col 47 of module slidingSender: 4847
@!@!@ENDMSG 2221 @!@!@
@!@!@STARTMSG 2221:0 @!@!@
  line 162, col 11 to line 162, col 54 of module slidingSender: 4847
@!@!@ENDMSG 2221 @!@!@
@!@!@STARTMSG 2221:0 @!@!@
  line 166, col 9 to line 166, col 23 of module slidingSender: 34482
@!@!@ENDMSG 2221 @!@!@
@!@!@STARTMSG 2221:0 @!@!@
  |line 166, col 9 to line 166, col 17 of module slidingSender: 22562
@!@!@ENDMSG 2221 @!@!@
@!@!@STARTMSG 2221:0 @!@!@
  line 167, col 12 to line 167, col 27 of module slidingSender: 34482
@!@!@ENDMSG 2221 @!@!@
@!@!@STARTMSG 2221:0 @!@!@
  |line 167, col 12 to line 167, col 20 of module slidingSender: 22562
@!@!@ENDMSG 2221 @!@!@
@!@!@STARTMSG 2221:0 @!@!@
  |line 167, col 24 to line 167, col 27 of module slidingSender: 22562
@!@!@ENDMSG 2221 @!@!@
@!@!@STARTMSG 2221:0 @!@!@
  line 168, col 12 to line 168, col 25 of module slidingSender: 30110
@!@!@ENDMSG 2221 @!@!@
@!@!@STARTMSG 2221:0 @!@!@
  |line 168, col 12 to line 168, col 16 of module slidingSender: 18190
@!@!@ENDMSG 2221 @!@!@
@!@!@STARTMSG 2221:0 @!@!@
  line 169, col 12 to line 169, col 77 of module slidingSender: 11920
@!@!@ENDMSG 2221 @!@!@
@!@!@STARTMSG 2221:0 @!@!@
  |line 169, col 12 to line 169, col 41 of module slidingSender: 11920
@!@!@ENDMSG 2221 @!@!@
@!@!@STARTMSG 2221:0 @!@!@
  |line 169, col 46 to line 169, col 77 of module slidingSender: 6657
@!@!@ENDMSG 2221 @!@!@
@!@!@STARTMSG 2221:0 @!@!@
  line 170, col 17 to line 170, col 55 of module slidingSender: 1385
@!@!@ENDMSG 2221 @!@!@
@!@!@STARTMSG 2221:0 @!@!@
  line 171, col 20 to line 171, col 23 of module slidingSender: 10535
@!@!@ENDMSG 2221 @!@!@
@!@!@STARTMSG 2221:0 @!@!@
  line 172, col 20 to line 172, col 39 of module slidingSender: 10535
@!@!@ENDMSG 2221 @!@!@
@!@!@STARTMSG 2221:0 @!@!@
  line 173, col 9 to line 173, col 36 of module slidingSender: 11920
@!@!@ENDMSG 2221 @!@!@
@!@!@STARTMSG 2221:0 @!@!@
  line 174, col 9 to line 174, col 40 of module slidingSender: 11920
@!@!@ENDMSG 2221 @!@!@
@!@!@STARTMSG 2221:0 @!@!@
  line 175, col 9 to line 175, col 41 of module slidingSender: 11920
@!@!@ENDMSG 2221 @!@!@
@!@!@STARTMSG 2221:0 @!@!@
  line 39, col 30 to line 39, col 99 of module ass3: 38212
@!@!@ENDMSG 2221 @!@!@
@!@!@STARTMSG 2221:0 @!@!@
  line 25, col 67 to line 25, col 77 of module ass3: 61062
@!@!@ENDMSG 2221 @!@!@
@!@!@STARTMSG 2221:0 @!@!@
  line 25, col 1 to line 25, col 77 of module ass3: 8922
@!@!@ENDMSG 2221 @!@!@
@!@!@STARTMSG 2221:0 @!@!@
  line 25, col 1 to line 25, col 77 of module ass3: 43218
@!@!@ENDMSG 2221 @!@!@
@!@!@STARTMSG 2221:0 @!@!@
  line 25, col 45 to line 25, col 54 of module ass3: 103374
@!@!@ENDMSG 2221 @!@!@
@!@!@STARTMSG 2221:0 @!@!@
  line 53, col 12 to line 53, col 23 of module dataWire: 31484
@!@!@ENDMSG 2221 @!@!@
@!@!@STARTMSG 2221:0 @!@!@
  |line 53, col 12 to line 53, col 16 of module dataWire: 22562
@!@!@ENDMSG 2221 @!@!@
@!@!@STARTMSG 2221:0 @!@!@
  |line 53, col 20 to line 53, col 23 of module dataWire: 22562
@!@!@ENDMSG 2221 @!@!@
@!@!@STARTMSG 2221:0 @!@!@
  line 53, col 28 to line 53, col 52 of module dataWire: 8922
@!@!@ENDMSG 2221 @!@!@
@!@!@STARTMSG 2221:0 @!@!@
  |line 53, col 28 to line 53, col 38 of module dataWire: 14406
@!@!@ENDMSG 2221 @!@!@
@!@!@STARTMSG 2221:0 @!@!@
  |line 53, col 42 to line 53, col 52 of module dataWire: 14406
@!@!@ENDMSG 2221 @!@!@
@!@!@STARTMSG 2221:0 @!@!@
  line 54, col 12 to line 54, col 46 of module dataWire: 8922
@!@!@ENDMSG 2221 @!@!@
@!@!@STARTMSG 2221:0 @!@!@
  line 55, col 12 to line 55, col 31 of module dataWire: 8922
@!@!@ENDMSG 2221 @!@!@
@!@!@STARTMSG 2221:0 @!@!@
  line 57, col 12 to line 57, col 23 of module dataWire: 31484
@!@!@ENDMSG 2221 @!@!@
@!@!@STARTMSG 2221:0 @!@!@
  |line 57, col 12 to line 57, col 16 of module dataWire: 22562
@!@!@ENDMSG 2221 @!@!@
@!@!@STARTMSG 2221:0 @!@!@
  |line 57, col 20 to line 57, col 23 of module dataWire: 22562
@!@!@ENDMSG 2221 @!@!@
@!@!@STARTMSG 2221:0 @!@!@
  line 57, col 28 to line 57, col 52 of module dataWire: 8922
@!@!@ENDMSG 2221 @!@!@
@!@!@STARTMSG 2221:0 @!@!@
  |line 57, col 28 to line 57, col 38 of module dataWire: 14406
@!@!@ENDMSG 2221 @!@!@
@!@!@STARTMSG 2221:0 @!@!@
  |line 57, col 42 to line 57, col 52 of module dataWire: 14406
@!@!@ENDMSG 2221 @!@!@
@!@!@STARTMSG 2221:0 @!@!@
  line 58, col 12 to line 58, col 31 of module dataWire: 8922
@!@!@ENDMSG 2221 @!@!@
@!@!@STARTMSG 2221:0 @!@!@
  line 59, col 12 to line 59, col 27 of module dataWire: 8922
@!@!@ENDMSG 2221 @!@!@
@!@!@STARTMSG 2221:0 @!@!@
  line 61, col 15 to line 61, col 26 of module dataWire: 31484
@!@!@ENDMSG 2221 @!@!@
@!@!@STARTMSG 2221:0 @!@!@
  |line 61, col 15 to line 61, col 19 of module dataWire: 22562
@!@!@ENDMSG 2221 @!@!@
@!@!@STARTMSG 2221:0 @!@!@
  |line 61, col 23 to line 61, col 26 of module dataWire: 22562
@!@!@ENDMSG 2221 @!@!@
@!@!@STARTMSG 2221:0 @!@!@
  line 61, col 31 to line 61, col 55 of module dataWire: 8922
@!@!@ENDMSG 2221 @!@!@
@!@!@STARTMSG 2221:0 @!@!@
  |line 61, col 31 to line 61, col 41 of module dataWire: 14406
@!@!@ENDMSG 2221 @!@!@
@!@!@STARTMSG 2221:0 @!@!@
  |line 61, col 45 to line 61, col 55 of module dataWire: 14406
@!@!@ENDMSG 2221 @!@!@
@!@!@STARTMSG 2221:0 @!@!@
  line 62, col 15 to line 62, col 50 of module dataWire: 8922
@!@!@ENDMSG 2221 @!@!@
@!@!@STARTMSG 2221:0 @!@!@
  line 63, col 15 to line 63, col 34 of module dataWire: 8922
@!@!@ENDMSG 2221 @!@!@
@!@!@STARTMSG 2221:0 @!@!@
  line 40, col 32 to line 40, col 134 of module ass3: 26766
@!@!@ENDMSG 2221 @!@!@
@!@!@STARTMSG 2221:0 @!@!@
  line 26, col 65 to line 26, col 74 of module ass3: 48269
@!@!@ENDMSG 2221 @!@!@
@!@!@STARTMSG 2221:0 @!@!@
  line 26, col 1 to line 26, col 74 of module ass3: 7825
@!@!@ENDMSG 2221 @!@!@
@!@!@STARTMSG 2221:0 @!@!@
  line 26, col 1 to line 26, col 74 of module ass3: 32619
@!@!@ENDMSG 2221 @!@!@
@!@!@STARTMSG 2221:0 @!@!@
  line 26, col 44 to line 26, col 52 of module ass3: 98986
@!@!@ENDMSG 2221 @!@!@
@!@!@STARTMSG 2221:0 @!@!@
  line 53, col 12 to line 53, col 23 of module dataWire: 30387
@!@!@ENDMSG 2221 @!@!@
@!@!@STARTMSG 2221:0 @!@!@
  |line 53, col 12 to line 53, col 16 of module dataWire: 22562
@!@!@ENDMSG 2221 @!@!@
@!@!@STARTMSG 2221:0 @!@!@
  |line 53, col 20 to line 53, col 23 of module dataWire: 22562
@!@!@ENDMSG 2221 @!@!@
@!@!@STARTMSG 2221:0 @!@!@
  line 53, col 28 to line 53, col 52 of module dataWire: 7825
@!@!@ENDMSG 2221 @!@!@
@!@!@STARTMSG 2221:0 @!@!@
  |line 53, col 28 to line 53, col 38 of module dataWire: 10873
@!@!@ENDMSG 2221 @!@!@
@!@!@STARTMSG 2221:0 @!@!@
  |line 53, col 42 to line 53, col 52 of module dataWire: 10873
@!@!@ENDMSG 2221 @!@!@
@!@!@STARTMSG 2221:0 @!@!@
  line 54, col 12 to line 54, col 46 of module dataWire: 7825
@!@!@ENDMSG 2221 @!@!@
@!@!@STARTMSG 2221:0 @!@!@
  line 55, col 12 to line 55, col 31 of module dataWire: 7825
@!@!@ENDMSG 2221 @!@!@
@!@!@STARTMSG 2221:0 @!@!@
  line 57, col 12 to line 57, col 23 of module dataWire: 30387
@!@!@ENDMSG 2221 @!@!@
@!@!@STARTMSG 2221:0 @!@!@
  |line 57, col 12 to line 57, col 16 of module dataWire: 22562
@!@!@ENDMSG 2221 @!@!@
@!@!@STARTMSG 2221:0 @!@!@
  |line 57, col 20 to line 57, col 23 of module dataWire: 22562
@!@!@ENDMSG 2221 @!@!@
@!@!@STARTMSG 2221:0 @!@!@
  line 57, col 28 to line 57, col 52 of module dataWire: 7825
@!@!@ENDMSG 2221 @!@!@
@!@!@STARTMSG 2221:0 @!@!@
  |line 57, col 28 to line 57, col 38 of module dataWire: 10873
@!@!@ENDMSG 2221 @!@!@
@!@!@STARTMSG 2221:0 @!@!@
  |line 57, col 42 to line 57, col 52 of module dataWire: 10873
@!@!@ENDMSG 2221 @!@!@
@!@!@STARTMSG 2221:0 @!@!@
  line 58, col 12 to line 58, col 31 of module dataWire: 7825
@!@!@ENDMSG 2221 @!@!@
@!@!@STARTMSG 2221:0 @!@!@
  line 59, col 12 to line 59, col 27 of module dataWire: 7825
@!@!@ENDMSG 2221 @!@!@
@!@!@STARTMSG 2221:0 @!@!@
  line 61, col 15 to line 61, col 26 of module dataWire: 30387
@!@!@ENDMSG 2221 @!@!@
@!@!@STARTMSG 2221:0 @!@!@
  |line 61, col 15 to line 61, col 19 of module dataWire: 22562
@!@!@ENDMSG 2221 @!@!@
@!@!@STARTMSG 2221:0 @!@!@
  |line 61, col 23 to line 61, col 26 of module dataWire: 22562
@!@!@ENDMSG 2221 @!@!@
@!@!@STARTMSG 2221:0 @!@!@
  line 61, col 31 to line 61, col 55 of module dataWire: 7825
@!@!@ENDMSG 2221 @!@!@
@!@!@STARTMSG 2221:0 @!@!@
  |line 61, col 31 to line 61, col 41 of module dataWire: 10873
@!@!@ENDMSG 2221 @!@!@
@!@!@STARTMSG 2221:0 @!@!@
  |line 61, col 45 to line 61, col 55 of module dataWire: 10873
@!@!@ENDMSG 2221 @!@!@
@!@!@STARTMSG 2221:0 @!@!@
  line 62, col 15 to line 62, col 50 of module dataWire: 7825
@!@!@ENDMSG 2221 @!@!@
@!@!@STARTMSG 2221:0 @!@!@
  line 63, col 15 to line 63, col 34 of module dataWire: 7825
@!@!@ENDMSG 2221 @!@!@
@!@!@STARTMSG 2221:0 @!@!@
  line 41, col 31 to line 41, col 135 of module ass3: 23475
@!@!@ENDMSG 2221 @!@!@
@!@!@STARTMSG 2221:0 @!@!@
  line 28, col 1 to line 28, col 111 of module ass3: 18486
@!@!@ENDMSG 2221 @!@!@
@!@!@STARTMSG 2221:0 @!@!@
  line 28, col 1 to line 28, col 111 of module ass3: 60963
@!@!@ENDMSG 2221 @!@!@
@!@!@STARTMSG 2221:0 @!@!@
  line 28, col 1 to line 28, col 111 of module ass3: 124468
@!@!@ENDMSG 2221 @!@!@
@!@!@STARTMSG 2221:0 @!@!@
  line 28, col 52 to line 28, col 62 of module ass3: 82379
@!@!@ENDMSG 2221 @!@!@
@!@!@STARTMSG 2221:0 @!@!@
  line 28, col 79 to line 28, col 87 of module ass3: 24399
@!@!@ENDMSG 2221 @!@!@
@!@!@STARTMSG 2221:0 @!@!@
  line 28, col 99 to line 28, col 111 of module ass3: 77820
@!@!@ENDMSG 2221 @!@!@
@!@!@STARTMSG 2221:0 @!@!@
  line 140, col 14 to line 140, col 30 of module gbnReceiver: 23483
@!@!@ENDMSG 2221 @!@!@
@!@!@STARTMSG 2221:0 @!@!@
  |line 140, col 14 to line 140, col 18 of module gbnReceiver: 22562
@!@!@ENDMSG 2221 @!@!@
@!@!@STARTMSG 2221:0 @!@!@
  line 141, col 14 to line 141, col 30 of module gbnReceiver: 2758
@!@!@ENDMSG 2221 @!@!@
@!@!@STARTMSG 2221:0 @!@!@
  |line 141, col 14 to line 141, col 23 of module gbnReceiver: 1837
@!@!@ENDMSG 2221 @!@!@
@!@!@STARTMSG 2221:0 @!@!@
  |line 141, col 27 to line 141, col 30 of module gbnReceiver: 1837
@!@!@ENDMSG 2221 @!@!@
@!@!@STARTMSG 2221:0 @!@!@
  line 142, col 11 to line 142, col 48 of module gbnReceiver: 921
@!@!@ENDMSG 2221 @!@!@
@!@!@STARTMSG 2221:0 @!@!@
  line 143, col 11 to line 143, col 61 of module gbnReceiver: 921
@!@!@ENDMSG 2221 @!@!@
@!@!@STARTMSG 2221:0 @!@!@
  line 145, col 19 to line 145, col 35 of module gbnReceiver: 24243
@!@!@ENDMSG 2221 @!@!@
@!@!@STARTMSG 2221:0 @!@!@
  |line 145, col 19 to line 145, col 23 of module gbnReceiver: 22562
@!@!@ENDMSG 2221 @!@!@
@!@!@STARTMSG 2221:0 @!@!@
  line 146, col 19 to line 146, col 34 of module gbnReceiver: 3518
@!@!@ENDMSG 2221 @!@!@
@!@!@STARTMSG 2221:0 @!@!@
  |line 146, col 19 to line 146, col 27 of module gbnReceiver: 1837
@!@!@ENDMSG 2221 @!@!@
@!@!@STARTMSG 2221:0 @!@!@
  |line 146, col 31 to line 146, col 34 of module gbnReceiver: 1837
@!@!@ENDMSG 2221 @!@!@
@!@!@STARTMSG 2221:0 @!@!@
  line 147, col 19 to line 147, col 81 of module gbnReceiver: 1681
@!@!@ENDMSG 2221 @!@!@
@!@!@STARTMSG 2221:0 @!@!@
  |line 147, col 19 to line 147, col 48 of module gbnReceiver: 1681
@!@!@ENDMSG 2221 @!@!@
@!@!@STARTMSG 2221:0 @!@!@
  |line 147, col 53 to line 147, col 81 of module gbnReceiver: 841
@!@!@ENDMSG 2221 @!@!@
@!@!@STARTMSG 2221:0 @!@!@
  line 148, col 24 to line 148, col 41 of module gbnReceiver: 841
@!@!@ENDMSG 2221 @!@!@
@!@!@STARTMSG 2221:0 @!@!@
  line 149, col 24 to line 150, col 40 of module gbnReceiver: 840
@!@!@ENDMSG 2221 @!@!@
@!@!@STARTMSG 2221:0 @!@!@
  line 151, col 16 to line 151, col 32 of module gbnReceiver: 1681
@!@!@ENDMSG 2221 @!@!@
@!@!@STARTMSG 2221:0 @!@!@
  line 152, col 16 to line 152, col 60 of module gbnReceiver: 1681
@!@!@ENDMSG 2221 @!@!@
@!@!@STARTMSG 2221:0 @!@!@
  line 154, col 19 to line 154, col 34 of module gbnReceiver: 41048
@!@!@ENDMSG 2221 @!@!@
@!@!@STARTMSG 2221:0 @!@!@
  |line 154, col 19 to line 154, col 27 of module gbnReceiver: 22562
@!@!@ENDMSG 2221 @!@!@
@!@!@STARTMSG 2221:0 @!@!@
  |line 154, col 31 to line 154, col 34 of module gbnReceiver: 22562
@!@!@ENDMSG 2221 @!@!@
@!@!@STARTMSG 2221:0 @!@!@
  line 155, col 19 to line 155, col 32 of module gbnReceiver: 38653
@!@!@ENDMSG 2221 @!@!@
@!@!@STARTMSG 2221:0 @!@!@
  |line 155, col 19 to line 155, col 23 of module gbnReceiver: 20167
@!@!@ENDMSG 2221 @!@!@
@!@!@STARTMSG 2221:0 @!@!@
  line 156, col 16 to line 161, col 26 of module gbnReceiver: 18486
@!@!@ENDMSG 2221 @!@!@
@!@!@STARTMSG 2221:0 @!@!@
  |line 156, col 32 to line 161, col 26 of module gbnReceiver: 18486
@!@!@ENDMSG 2221 @!@!@
@!@!@STARTMSG 2221:0 @!@!@
  ||line 156, col 32 to line 156, col 37 of module gbnReceiver: 18486
@!@!@ENDMSG 2221 @!@!@
@!@!@STARTMSG 2221:0 @!@!@
  ||line 157, col 26 to line 161, col 26 of module gbnReceiver: 18486
@!@!@ENDMSG 2221 @!@!@
@!@!@STARTMSG 2221:0 @!@!@
  |||line 117, col 23 to line 118, col 69 of module gbnReceiver: 23828
@!@!@ENDMSG 2221 @!@!@
@!@!@STARTMSG 2221:0 @!@!@
  ||||line 117, col 26 to line 117, col 37 of module gbnReceiver: 23828
@!@!@ENDMSG 2221 @!@!@
@!@!@STARTMSG 2221:0 @!@!@
  ||||line 117, col 44 to line 117, col 47 of module gbnReceiver: 18486
@!@!@ENDMSG 2221 @!@!@
@!@!@STARTMSG 2221:0 @!@!@
  ||||line 118, col 28 to line 118, col 69 of module gbnReceiver: 5342
@!@!@ENDMSG 2221 @!@!@
@!@!@STARTMSG 2221:0 @!@!@
  |||line 121, col 17 to line 121, col 23 of module gbnReceiver: 5342
@!@!@ENDMSG 2221 @!@!@
@!@!@STARTMSG 2221:0 @!@!@
  |||line 159, col 30 to line 160, col 78 of module gbnReceiver: 18486
@!@!@ENDMSG 2221 @!@!@
@!@!@STARTMSG 2221:0 @!@!@
  ||||line 159, col 37 to line 159, col 58 of module gbnReceiver: 18486
@!@!@ENDMSG 2221 @!@!@
@!@!@STARTMSG 2221:0 @!@!@
  |||||line 110, col 25 to line 112, col 76 of module gbnReceiver: 59415
@!@!@ENDMSG 2221 @!@!@
@!@!@STARTMSG 2221:0 @!@!@
  ||||||line 110, col 28 to line 110, col 41 of module gbnReceiver: 59415
@!@!@ENDMSG 2221 @!@!@
@!@!@STARTMSG 2221:0 @!@!@
  ||||||line 110, col 48 to line 110, col 51 of module gbnReceiver: 18486
@!@!@ENDMSG 2221 @!@!@
@!@!@STARTMSG 2221:0 @!@!@
  ||||||line 111, col 30 to line 112, col 76 of module gbnReceiver: 40929
@!@!@ENDMSG 2221 @!@!@
@!@!@STARTMSG 2221:0 @!@!@
  |||||||line 111, col 33 to line 111, col 60 of module gbnReceiver: 40929
@!@!@ENDMSG 2221 @!@!@
@!@!@STARTMSG 2221:0 @!@!@
  |||||||line 111, col 67 to line 111, col 92 of module gbnReceiver: 16901
@!@!@ENDMSG 2221 @!@!@
@!@!@STARTMSG 2221:0 @!@!@
  |||||||line 112, col 30 to line 112, col 76 of module gbnReceiver: 24028
@!@!@ENDMSG 2221 @!@!@
@!@!@STARTMSG 2221:0 @!@!@
  |||||line 159, col 49 to line 159, col 57 of module gbnReceiver: 18486
@!@!@ENDMSG 2221 @!@!@
@!@!@STARTMSG 2221:0 @!@!@
  ||||line 160, col 34 to line 160, col 77 of module gbnReceiver: 18486
@!@!@ENDMSG 2221 @!@!@
@!@!@STARTMSG 2221:0 @!@!@
  |||||line 124, col 33 to line 126, col 34 of module gbnReceiver: 23828
@!@!@ENDMSG 2221 @!@!@
@!@!@STARTMSG 2221:0 @!@!@
  ||||||line 124, col 36 to line 124, col 49 of module gbnReceiver: 23828
@!@!@ENDMSG 2221 @!@!@
@!@!@STARTMSG 2221:0 @!@!@
  ||||||line 125, col 34 to line 126, col 34 of module gbnReceiver: 17795
@!@!@ENDMSG 2221 @!@!@
@!@!@STARTMSG 2221:0 @!@!@
  |||||||line 125, col 37 to line 125, col 68 of module gbnReceiver: 17795
@!@!@ENDMSG 2221 @!@!@
@!@!@STARTMSG 2221:0 @!@!@
  |||||||line 125, col 75 to line 125, col 117 of module gbnReceiver: 5342
@!@!@ENDMSG 2221 @!@!@
@!@!@STARTMSG 2221:0 @!@!@
  ||||||||line 125, col 79 to line 125, col 117 of module gbnReceiver: 5342
@!@!@ENDMSG 2221 @!@!@
@!@!@STARTMSG 2221:0 @!@!@
  |||||||||line 125, col 89 to line 125, col 99 of module gbnReceiver: 5342
@!@!@ENDMSG 2221 @!@!@
@!@!@STARTMSG 2221:0 @!@!@
  |||||||||line 125, col 102 to line 125, col 116 of module gbnReceiver: 2401
@!@!@ENDMSG 2221 @!@!@
@!@!@STARTMSG 2221:0 @!@!@
  |||||line 160, col 44 to line 160, col 65 of module gbnReceiver: 18486
@!@!@ENDMSG 2221 @!@!@
@!@!@STARTMSG 2221:0 @!@!@
  ||||||line 110, col 25 to line 112, col 76 of module gbnReceiver: 59415
@!@!@ENDMSG 2221 @!@!@
@!@!@STARTMSG 2221:0 @!@!@
  |||||||line 110, col 28 to line 110, col 41 of module gbnReceiver: 59415
@!@!@ENDMSG 2221 @!@!@
@!@!@STARTMSG 2221:0 @!@!@
  |||||||line 110, col 48 to line 110, col 51 of module gbnReceiver: 18486
@!@!@ENDMSG 2221 @!@!@
@!@!@STARTMSG 2221:0 @!@!@
  |||||||line 111, col 30 to line 112, col 76 of module gbnReceiver: 40929
@!@!@ENDMSG 2221 @!@!@
@!@!@STARTMSG 2221:0 @!@!@
  ||||||||line 111, col 33 to line 111, col 60 of module gbnReceiver: 40929
@!@!@ENDMSG 2221 @!@!@
@!@!@STARTMSG 2221:0 @!@!@
  ||||||||line 111, col 67 to line 111, col 92 of module gbnReceiver: 16901
@!@!@ENDMSG 2221 @!@!@
@!@!@STARTMSG 2221:0 @!@!@
  ||||||||line 112, col 30 to line 112, col 76 of module gbnReceiver: 24028
@!@!@ENDMSG 2221 @!@!@
@!@!@STARTMSG 2221:0 @!@!@
  ||||||line 160, col 56 to line 160, col 64 of module gbnReceiver: 18486
@!@!@ENDMSG 2221 @!@!@
@!@!@STARTMSG 2221:0 @!@!@
  |||||line 160, col 68 to line 160, col 76 of module gbnReceiver: 15394
@!@!@ENDMSG 2221 @!@!@
@!@!@STARTMSG 2221:0 @!@!@
  line 162, col 16 to line 162, col 84 of module gbnReceiver: 18486
@!@!@ENDMSG 2221 @!@!@
@!@!@STARTMSG 2221:0 @!@!@
  |line 162, col 29 to line 162, col 84 of module gbnReceiver: 18486
@!@!@ENDMSG 2221 @!@!@
@!@!@STARTMSG 2221:0 @!@!@
  ||line 162, col 29 to line 162, col 37 of module gbnReceiver: 18486
@!@!@ENDMSG 2221 @!@!@
@!@!@STARTMSG 2221:0 @!@!@
  ||line 162, col 41 to line 162, col 84 of module gbnReceiver: 18486
@!@!@ENDMSG 2221 @!@!@
@!@!@STARTMSG 2221:0 @!@!@
  |||line 124, col 33 to line 126, col 34 of module gbnReceiver: 23828
@!@!@ENDMSG 2221 @!@!@
@!@!@STARTMSG 2221:0 @!@!@
  ||||line 124, col 36 to line 124, col 49 of module gbnReceiver: 23828
@!@!@ENDMSG 2221 @!@!@
@!@!@STARTMSG 2221:0 @!@!@
  ||||line 125, col 34 to line 126, col 34 of module gbnReceiver: 17795
@!@!@ENDMSG 2221 @!@!@
@!@!@STARTMSG 2221:0 @!@!@
  |||||line 125, col 37 to line 125, col 68 of module gbnReceiver: 17795
@!@!@ENDMSG 2221 @!@!@
@!@!@STARTMSG 2221:0 @!@!@
  |||||line 125, col 75 to line 125, col 117 of module gbnReceiver: 5342
@!@!@ENDMSG 2221 @!@!@
@!@!@STARTMSG 2221:0 @!@!@
  ||||||line 125, col 79 to line 125, col 117 of module gbnReceiver: 5342
@!@!@ENDMSG 2221 @!@!@
@!@!@STARTMSG 2221:0 @!@!@
  |||||||line 125, col 89 to line 125, col 99 of module gbnReceiver: 5342
@!@!@ENDMSG 2221 @!@!@
@!@!@STARTMSG 2221:0 @!@!@
  |||||||line 125, col 102 to line 125, col 116 of module gbnReceiver: 2401
@!@!@ENDMSG 2221 @!@!@
@!@!@STARTMSG 2221:0 @!@!@
  |||line 162, col 51 to line 162, col 72 of module gbnReceiver: 18486
@!@!@ENDMSG 2221 @!@!@
@!@!@STARTMSG 2221:0 @!@!@
  ||||line 110, col 25 to line 112, col 76 of module gbnReceiver: 59415
@!@!@ENDMSG 2221 @!@!@
@!@!@STARTMSG 2221:0 @!@!@
  |||||line 110, col 28 to line 110, col 41 of module gbnReceiver: 59415
@!@!@ENDMSG 2221 @!@!@
@!@!@STARTMSG 2221:0 @!@!@
  |||||line 110, col 48 to line 110, col 51 of module gbnReceiver: 18486
@!@!@ENDMSG 2221 @!@!@
@!@!@STARTMSG 2221:0 @!@!@
  |||||line 111, col 30 to line 112, col 76 of module gbnReceiver: 40929
@!@!@ENDMSG 2221 @!@!@
@!@!@STARTMSG 2221:0 @!@!@
  ||||||line 111, col 33 to line 111, col 60 of module gbnReceiver: 40929
@!@!@ENDMSG 2221 @!@!@
@!@!@STARTMSG 2221:0 @!@!@
  ||||||line 111, col 67 to line 111, col 92 of module gbnReceiver: 16901
@!@!@ENDMSG 2221 @!@!@
@!@!@STARTMSG 2221:0 @!@!@
  ||||||line 112, col 30 to line 112, col 76 of module gbnReceiver: 24028
@!@!@ENDMSG 2221 @!@!@
@!@!@STARTMSG 2221:0 @!@!@
  ||||line 162, col 63 to line 162, col 71 of module gbnReceiver: 18486
@!@!@ENDMSG 2221 @!@!@
@!@!@STARTMSG 2221:0 @!@!@
  |||line 162, col 75 to line 162, col 83 of module gbnReceiver: 15394
@!@!@ENDMSG 2221 @!@!@
@!@!@STARTMSG 2221:0 @!@!@
  line 163, col 16 to line 163, col 32 of module gbnReceiver: 18486
@!@!@ENDMSG 2221 @!@!@
@!@!@STARTMSG 2221:0 @!@!@
  line 164, col 16 to line 164, col 48 of module gbnReceiver: 18486
@!@!@ENDMSG 2221 @!@!@
@!@!@STARTMSG 2221:0 @!@!@
  line 166, col 17 to line 166, col 33 of module gbnReceiver: 33330
@!@!@ENDMSG 2221 @!@!@
@!@!@STARTMSG 2221:0 @!@!@
  |line 166, col 17 to line 166, col 26 of module gbnReceiver: 22562
@!@!@ENDMSG 2221 @!@!@
@!@!@STARTMSG 2221:0 @!@!@
  |line 166, col 30 to line 166, col 33 of module gbnReceiver: 22562
@!@!@ENDMSG 2221 @!@!@
@!@!@STARTMSG 2221:0 @!@!@
  line 167, col 17 to line 167, col 30 of module gbnReceiver: 22457
@!@!@ENDMSG 2221 @!@!@
@!@!@STARTMSG 2221:0 @!@!@
  |line 167, col 17 to line 167, col 21 of module gbnReceiver: 11689
@!@!@ENDMSG 2221 @!@!@
@!@!@STARTMSG 2221:0 @!@!@
  line 168, col 14 to line 168, col 53 of module gbnReceiver: 10768
@!@!@ENDMSG 2221 @!@!@
@!@!@STARTMSG 2221:0 @!@!@
  line 169, col 14 to line 169, col 64 of module gbnReceiver: 10768
@!@!@ENDMSG 2221 @!@!@
@!@!@STARTMSG 2221:0 @!@!@
  line 42, col 32 to line 42, col 101 of module ass3: 31856
@!@!@ENDMSG 2221 @!@!@
@!@!@STARTMSG 2221:0 @!@!@
  line 43, col 12 to line 43, col 34 of module ass3: 120309
@!@!@ENDMSG 2221 @!@!@
@!@!@STARTMSG 2774:0 @!@!@
<Action line 58, col 21 to line 58, col 95 of module ass3>
@!@!@ENDMSG 2774 @!@!@
@!@!@STARTMSG 2221:0 @!@!@
  line 58, col 21 to line 58, col 95 of module ass3: 31890
@!@!@ENDMSG 2221 @!@!@
@!@!@STARTMSG 2221:0 @!@!@
  |line 58, col 21 to line 58, col 33 of module ass3: 31890
@!@!@ENDMSG 2221 @!@!@
@!@!@STARTMSG 2221:0 @!@!@
  |line 58, col 38 to line 58, col 95 of module ass3: 15035
@!@!@ENDMSG 2221 @!@!@
@!@!@STARTMSG 2221:0 @!@!@
  ||line 58, col 68 to line 58, col 95 of module ass3: 25909
@!@!@ENDMSG 2221 @!@!@
@!@!@STARTMSG 2221:0 @!@!@
  ||line 58, col 48 to line 58, col 64 of module ass3: 15035
@!@!@ENDMSG 2221 @!@!@
@!@!@STARTMSG 2202:0 @!@!@
End of statistics.
@!@!@ENDMSG 2202 @!@!@
@!@!@STARTMSG 2200:0 @!@!@
Progress(23) at 2019-06-17 02:08:25: 120,209 states generated (1,530,674 s/min), 31,890 distinct states found (406,069 ds/min), 9,356 states left on queue.
@!@!@ENDMSG 2200 @!@!@
@!@!@STARTMSG 2199:0 @!@!@
120209 states generated, 31890 distinct states found, 9356 states left on queue.
@!@!@ENDMSG 2199 @!@!@
@!@!@STARTMSG 2186:0 @!@!@
Finished in 4717ms at (2019-06-17 02:08:25)
@!@!@ENDMSG 2186 @!@!@
