@!@!@STARTMSG 2262:0 @!@!@
TLC2 Version 2.13 of 18 July 2018
@!@!@ENDMSG 2262 @!@!@
@!@!@STARTMSG 2187:0 @!@!@
Running breadth-first search Model-Checking with fp 27 and seed 6852320964118934597 with 4 workers on 8 cores with 583MB heap and 1309MB offheap memory [pid: 32028] (Linux 5.1.7-arch1-1-ARCH amd64, AdoptOpenJDK 11.0.3 x86_64, OffHeapDiskFPSet, DiskStateQueue).
@!@!@ENDMSG 2187 @!@!@
@!@!@STARTMSG 2220:0 @!@!@
Starting SANY...
@!@!@ENDMSG 2220 @!@!@
Parsing file /home/jb567/VicUniFiles/2019/T1/SWEN421/Assignments/A3/ass3.toolbox/Safety/MC.tla
Parsing file /home/jb567/VicUniFiles/2019/T1/SWEN421/Assignments/A3/ass3.toolbox/Safety/ass3.tla
Parsing file /usr/share/java/tla-toolbox/plugins/org.lamport.tlatools_1.0.0.201905151637/tla2sany/StandardModules/TLC.tla
Parsing file /usr/share/java/tla-toolbox/plugins/org.lamport.tlatools_1.0.0.201905151637/tla2sany/StandardModules/Sequences.tla
Parsing file /usr/share/java/tla-toolbox/plugins/org.lamport.tlatools_1.0.0.201905151637/tla2sany/StandardModules/Naturals.tla
Parsing file /home/jb567/VicUniFiles/2019/T1/SWEN421/Assignments/A3/ass3.toolbox/Safety/slidingSender.tla
Parsing file /home/jb567/VicUniFiles/2019/T1/SWEN421/Assignments/A3/ass3.toolbox/Safety/dataWire.tla
Parsing file /home/jb567/VicUniFiles/2019/T1/SWEN421/Assignments/A3/ass3.toolbox/Safety/gbnReceiver.tla
Parsing file /usr/share/java/tla-toolbox/plugins/org.lamport.tlatools_1.0.0.201905151637/tla2sany/StandardModules/FiniteSets.tla
Semantic processing of module Naturals
Semantic processing of module Sequences
Semantic processing of module FiniteSets
Semantic processing of module TLC
Semantic processing of module slidingSender
Semantic processing of module dataWire
Semantic processing of module gbnReceiver
Semantic processing of module ass3
Semantic processing of module MC
@!@!@STARTMSG 2219:0 @!@!@
SANY finished.
@!@!@ENDMSG 2219 @!@!@
@!@!@STARTMSG 2185:0 @!@!@
Starting... (2019-06-17 00:10:53)
@!@!@ENDMSG 2185 @!@!@
@!@!@STARTMSG 2212:0 @!@!@
Implied-temporal checking--satisfiability problem has 1 branches.
@!@!@ENDMSG 2212 @!@!@
@!@!@STARTMSG 2189:0 @!@!@
Computing initial states...
@!@!@ENDMSG 2189 @!@!@
@!@!@STARTMSG 2190:0 @!@!@
Finished computing initial states: 1 distinct state generated at 2019-06-17 00:10:54.
@!@!@ENDMSG 2190 @!@!@
<<<<"SYN", 0>>>>
<<Corruption>>
<<<<"SYN", 0>>>>
<<<<"SYN", 0>>>>
<<Corruption>>
<<<<"SYN", 0>>, Corruption>>
<<Corruption>>
<<<<"SYN", 0>>>>
<<Corruption>>
<<<<"SYN", 0>>, Corruption>>
<<Corruption>>
<<<<"SYN", 0>>>>
<<<<"SYN", 0>>>>
<<Corruption>>
<<<<"SYN", 0>>, Corruption>>
<<Corruption>>
<<<<"SYN", 0>>, Corruption>>
<<<<"SYN", 0>>>>
<<<<"SYN", 0>>>>
<<<<"SYN", 0>>>>
<<<<"SYN", 0>>, Corruption>>
<<<<"SYN", 0>>>>
<<<<"SYN", 0>>, Corruption>>
<<<<"SYN", 0>>>>
<<<<"SYN", 0>>, Corruption>>
<<Corruption>>
<<<<"SYN", 0>>, Corruption>>
<<<<"SYN", 0>>, Corruption>>
<<<<"SYN", 0>>>>
<<<<"SYN", 0>>, Corruption>>
<<Corruption>>
<<<<"SYN", 0>>>>
<<Corruption>>
<<<<"SYN", 0>>>>
<<<<"SYN", 0>>, Corruption>>
<<<<"SYN", 0>>, Corruption>>
<<Corruption>>
<<<<"SYN", 0>>>>
<<<<"SYN", 0>>>>
<<<<"SYN", 0>>, Corruption>>
<<Corruption>>
<<Corruption>>
<<<<"SYN", 0>>, Corruption>>
<<Corruption>>
<<<<"SYN", 0>>, Corruption>>
<<Corruption>>
<<<<"SYN", 0>>, Corruption>>
<<Corruption>>
<<<<"SYN", 0>>>>
<<<<"SYN", 0>>>>
<<<<"SYN", 0>>>>
<<<<"SYN", 0>>, Corruption>>
<<Corruption>>
<<<<"SYN", 0>>>>
<<<<"SYN", 0>>>>
<<<<"SYN", 0>>>>
<<<<"SYN", 0>>, Corruption>>
<<Corruption>>
<<<<"SYN", 0>>, Corruption>>
<<<<"SYN", 0>>>>
<<Corruption>>
<<<<"SYN", 0>>>>
<<Corruption>>
<<<<"SYN", 0>>, Corruption>>
<<<<"SYN", 0>>, Corruption>>
<<<<"SYN", 0>>>>
<<Corruption>>
<<<<"SYN", 0>>, Corruption>>
<<<<"SYN", 0>>, Corruption>>
<<Corruption>>
<<<<"SYN", 0>>>>
<<Corruption>>
<<<<"SYN", 0>>>>
<<<<"SYN", 0>>, Corruption>>
<<<<"SYN", 0>>, Corruption>>
<<Corruption>>
<<<<"SYN", 0>>>>
<<<<"SYN", 0>>>>
<<<<"SYN", 0>>, Corruption>>
<<<<"SYN", 0>>>>
<<<<"SYN", 0>>, Corruption>>
<<<<"SYN", 0>>>>
<<<<"SYN", 0>>, Corruption>>
<<<<"SYN", 0>>, Corruption>>
<<<<"SYN", 0>>, Corruption>>
<<<<"SYN", 0>>, Corruption>>
<<Corruption>>
<<Corruption>>
<<Corruption>>
<<Corruption>>
<<Corruption>>
<<<<"SYN", 0>>>>
<<Corruption>>
<<Corruption>>
<<<<"SYN", 0>>, Corruption>>
<<<<"SYN", 0>>>>
<<<<"SYN", 0>>, Corruption>>
<<<<"SYN", 0>>>>
<<<<"SYN", 0>>>>
<<Corruption>>
<<<<"SYN", 0>>, Corruption>>
<<<<"SYN", 0>>>>
<<<<"SYN", 0>>>>
<<<<"SYN", 0>>>>
<<<<"SYN", 0>>>>
<<Corruption>>
<<<<"SYN", 0>>>>
<<Corruption>>
<<<<"SYN", 0>>, Corruption>>
<<Corruption>>
<<<<"SYN", 0>>>>
<<<<"SYN", 0>>>>
<<Corruption>>
<<<<"SYN", 0>>, Corruption>>
<<<<"SYN", 0>>>>
<<<<"SYN", 0>>, Corruption>>
<<<<"SYN", 0>>>>
<<Corruption>>
<<Corruption>>
<<<<"SYN", 0>>, Corruption>>
<<<<"SYN", 0>>>>
<<<<"SYN", 0>>>>
<<<<"SYN", 0>>, Corruption>>
<<Corruption>>
<<Corruption>>
<<<<"SYN", 0>>, Corruption>>
<<<<"SYN", 0>>>>
<<Corruption>>
<<<<"SYN", 0>>>>
<<<<"SYN", 0>>, Corruption>>
<<Corruption>>
<<Corruption>>
<<<<"SYN", 0>>, Corruption>>
<<<<"SYN", 0>>, Corruption>>
<<<<"SYN", 0>>, Corruption>>
<<<<"SYN", 0>>, Corruption>>
<<Corruption>>
<<Corruption>>
<<<<"SYN", 0>>, Corruption>>
<<<<"SYN", 0>>>>
<<<<"SYN", 0>>, Corruption>>
<<<<"SYN", 0>>, Corruption>>
<<<<"SYN", 0>>>>
<<<<"SYN", 0>>>>
<<<<"SYN", 0>>, Corruption>>
<<<<"SYN", 0>>>>
<<<<"SYN", 0>>>>
<<<<"SYN", 0>>, Corruption>>
<<<<"SYN", 0>>>>
<<<<"SYN", 0>>, Corruption>>
<<Corruption>>
<<Corruption>>
<<Corruption>>
<<Corruption>>
<<Corruption>>
<<Corruption>>
<<Corruption>>
<<Corruption>>
<<<<"SYN", 0>>>>
<<<<"SYN", 0>>>>
<<<<"SYN", 0>>>>
<<<<"SYN", 0>>>>
<<<<"SYN", 0>>, Corruption>>
<<<<"SYN", 0>>, Corruption>>
<<<<"SYN", 0>>, Corruption>>
<<<<"SYN", 0>>, Corruption>>
<<<<"SYN", 0>>, Corruption>>
<<Corruption>>
<<Corruption>>
<<Corruption>>
<<Corruption>>
<<Corruption>>
<<<<"SYN", 0>>, Corruption>>
<<<<"SYN", 0>>, Corruption>>
<<<<"SYN", 0>>>>
<<<<"SYN", 0>>, Corruption>>
<<Corruption>>
<<<<"SYN", 0>>>>
<<<<"SYN", 0>>, Corruption>>
<<<<"SYN", 0>>, Corruption>>
<<<<"SYN", 0>>>>
<<<<"SYN", 0>>>>
<<<<"SYN", 0>>, Corruption>>
<<<<"SYN", 0>>>>
<<<<"SYN", 0>>, Corruption>>
<<<<"SYN", 0>>>>
<<<<"SYN", 0>>, Corruption>>
<<<<"SYN", 0>>>>
<<<<"SYN", 0>>, Corruption>>
<<<<"SYN", 0>>, Corruption>>
<<<<"SYN", 0>>>>
<<<<"SYN", 0>>, Corruption>>
<<<<"SYN", 0>>, Corruption>>
<<<<"SYN", 0>>>>
<<<<"SYN", 0>>>>
<<<<"SYN", 0>>>>
<<<<"SYN", 0>>, Corruption>>
<<Corruption>>
<<Corruption>>
<<Corruption>>
<<Corruption>>
<<<<"SYN", 0>>, Corruption>>
<<<<"SYN", 0>>, Corruption>>
<<Corruption>>
<<Corruption>>
<<<<"SYN", 0>>, Corruption>>
<<Corruption>>
<<Corruption>>
<<<<"SYN", 0>>, Corruption>>
<<Corruption>>
<<<<"SYN", 0>>, Corruption>>
<<Corruption>>
<<Corruption>>
<<<<"SYN", 0>>, Corruption>>
<<Corruption>>
<<Corruption>>
<<Corruption>>
<<Corruption>>
<<Corruption>>
<<Corruption>>
<<<<"SYN", 0>>, Corruption>>
<<Corruption>>
<<Corruption>>
<<<<"SYN", 0>>, Corruption>>
<<<<"SYN", 0>>>>
<<<<"SYN", 0>>, Corruption>>
<<<<"SYN", 0>>, Corruption>>
<<<<"SYN", 0>>>>
<<<<"SYN", 0>>>>
<<<<"SYN", 0>>>>
<<Corruption>>
<<<<"SYN", 0>>, Corruption>>
<<<<"SYN", 0>>>>
<<<<"SYN", 0>>>>
<<<<"SYN", 0>>>>
<<<<"SYN", 0>>, Corruption>>
<<Corruption>>
<<<<"SYN", 0>>, Corruption>>
<<<<"SYN", 0>>>>
<<<<"SYN", 0>>>>
<<<<"SYN", 0>>, Corruption>>
<<Corruption>>
<<<<"SYN", 0>>>>
<<<<"SYN", 0>>>>
<<<<"SYN", 0>>, Corruption>>
<<<<"SYN", 0>>, Corruption>>
<<Corruption>>
<<<<"SYN", 0>>>>
<<Corruption>>
<<<<"SYN", 0>>, Corruption>>
<<<<"SYN", 0>>>>
<<Corruption>>
<<Corruption>>
<<<<"SYN", 0>>, Corruption>>
<<<<"SYN", 0>>, Corruption>>
<<<<"SYN", 0>>>>
<<Corruption>>
<<Corruption>>
<<<<"SYN", 0>>, Corruption>>
<<Corruption>>
<<<<"SYN", 0>>, Corruption>>
<<<<"SYN", 0>>, Corruption>>
<<Corruption>>
<<<<"SYN", 0>>>>
<<<<"SYN", 0>>, Corruption>>
<<<<"SYN", 0>>>>
<<<<"SYN", 0>>, Corruption>>
<<<<"SYN", 0>>>>
<<<<"SYN", 0>>, Corruption>>
<<<<"SYN", 0>>>>
<<<<"SYN", 0>>, Corruption>>
<<<<"SYN", 0>>, Corruption>>
<<Corruption>>
<<<<"SYN", 0>>>>
<<<<"SYN", 0>>, Corruption>>
<<Corruption>>
<<<<"SYN", 0>>, Corruption>>
<<Corruption>>
<<<<"SYN", 0>>, Corruption>>
<<<<"SYN", 0>>>>
<<Corruption>>
<<Corruption>>
<<<<"SYN", 0>>, Corruption>>
<<<<"SYN", 0>>, Corruption>>
<<Corruption>>
<<Corruption>>
<<<<"SYN", 0>>, Corruption>>
<<Corruption>>
<<<<"SYN", 0>>>>
<<Corruption>>
<<<<"SYN", 0>>>>
<<Corruption>>
<<<<"SYN", 0>>>>
<<Corruption>>
<<<<"SYN", 0>>>>
<<Corruption>>
<<<<"SYN", 0>>>>
<<Corruption>>
<<<<"SYN", 0>>>>
<<<<"SYN", 0>>>>
<<<<"SYN", 0>>>>
<<<<"SYN", 0>>>>
<<<<"SYN", 0>>>>
<<<<"SYN", 0>>>>
<<<<"SYN", 0>>>>
<<<<"SYN", 0>>>>
<<<<"SYN", 0>>>>
<<<<"SYN", 0>>, Corruption>>
<<<<"SYN", 0>>, Corruption>>
<<<<"SYN", 0>>, Corruption>>
<<<<"SYN", 0>>, Corruption>>
<<<<"SYN", 0>>, Corruption>>
<<Corruption>>
<<<<"SYN", 0>>, Corruption>>
<<<<"SYN", 0>>>>
<<<<"SYN", 0>>, Corruption>>
<<Corruption>>
<<<<"SYN", 0>>, Corruption>>
<<<<"SYN", 0>>>>
<<Corruption>>
<<<<"SYN", 0>>>>
<<Corruption>>
<<<<"SYN", 0>>>>
<<<<"SYN", 0>>>>
<<<<"SYN", 0>>>>
<<<<"SYN", 0>>>>
<<Corruption>>
<<Corruption>>
<<<<"SYN", 0>>>>
<<<<"SYN", 0>>, Corruption>>
<<<<"SYN", 0>>>>
<<<<"SYN", 0>>, Corruption>>
<<<<"SYN", 0>>>>
<<<<"SYN", 0>>>>
<<<<"SYN", 0>>>>
<<<<"SYN", 0>>>>
<<<<"SYN", 0>>>>
<<<<"SYN", 0>>, Corruption>>
<<Corruption>>
<<Corruption>>
<<<<"SYN", 0>>>>
<<<<"SYN", 0>>, Corruption>>
<<<<"SYN", 0>>, Corruption>>
<<<<"SYN", 0>>, Corruption>>
<<<<"SYN", 0>>>>
<<<<"SYN", 0>>, Corruption>>
<<<<"SYN", 0>>>>
<<<<"SYN", 0>>, Corruption>>
<<<<"SYN", 0>>, Corruption>>
<<<<"SYN", 0>>, Corruption>>
<<<<"SYN", 0>>, Corruption>>
<<<<"SYN", 0>>, Corruption>>
<<<<"SYN", 0>>>>
<<<<"SYN", 0>>, Corruption>>
<<<<"SYN", 0>>, Corruption>>
<<<<"SYN", 0>>>>
<<<<"SYN", 0>>, Corruption>>
<<<<"SYN", 0>>>>
<<Corruption>>
<<Corruption>>
<<<<"SYN", 0>>, Corruption>>
<<<<"SYN", 0>>>>
<<Corruption>>
<<Corruption>>
<<<<"SYN", 0>>>>
<<Corruption>>
<<Corruption>>
<<Corruption>>
<<Corruption>>
<<<<"SYN", 0>>>>
<<Corruption>>
<<Corruption>>
<<<<"SYN", 0>>, Corruption>>
<<<<"SYN", 0>>, Corruption>>
<<<<"SYN", 0>>, Corruption>>
<<<<"SYN", 0>>, Corruption>>
<<<<"SYN", 0>>, Corruption>>
<<<<"SYN", 0>>, Corruption>>
<<<<"SYN", 0>>, Corruption>>
<<<<"SYN", 0>>, Corruption>>
<<<<"SYN", 0>>, Corruption>>
<<<<"SYN", 0>>>>
<<<<"SYN", 0>>>>
<<<<"SYN", 0>>, Corruption>>
<<Corruption>>
<<<<"SYN", 0>>>>
<<<<"SYN", 0>>, Corruption>>
<<Corruption>>
<<Corruption>>
<<<<"SYN", 0>>, Corruption>>
<<<<"SYN", 0>>>>
<<Corruption>>
<<Corruption>>
<<<<"SYN", 0>>>>
<<<<"SYN", 0>>>>
<<<<"SYN", 0>>>>
<<<<"SYN", 0>>>>
<<Corruption>>
<<Corruption>>
<<<<"SYN", 0>>>>
<<<<"SYN", 0>>>>
<<Corruption>>
<<<<"SYN", 0>>>>
<<Corruption>>
<<<<"SYN", 0>>>>
<<Corruption>>
<<Corruption>>
<<<<"SYN", 0>>>>
<<<<"SYN", 0>>>>
<<Corruption>>
<<<<"SYN", 0>>>>
<<Corruption>>
<<Corruption>>
<<<<"SYN", 0>>>>
<<Corruption>>
<<Corruption>>
<<<<"SYN", 0>>>>
<<<<"SYN", 0>>>>
<<Corruption>>
<<Corruption>>
<<<<"SYN", 0>>, Corruption>>
<<Corruption>>
<<<<"SYN", 0>>>>
<<<<"SYN", 0>>>>
<<Corruption>>
<<<<"SYN", 0>>, Corruption>>
<<Corruption>>
<<<<"SYN", 0>>, Corruption>>
<<Corruption>>
<<Corruption>>
<<Corruption>>
<<<<"SYN", 0>>, Corruption>>
<<Corruption>>
<<Corruption>>
<<<<"SYN", 0>>, Corruption>>
<<<<"SYN", 0>>, Corruption>>
<<<<"SYN", 0>>, Corruption>>
<<<<"SYN", 0>>, Corruption>>
<<<<"SYN", 0>>>>
<<<<"SYN", 0>>, Corruption>>
<<<<"SYN", 0>>>>
<<<<"SYN", 0>>>>
<<<<"SYN", 0>>, Corruption>>
<<Corruption>>
<<<<"SYN", 0>>, Corruption>>
<<Corruption>>
<<<<"SYN", 0>>>>
<<<<"SYN", 0>>>>
<<<<"SYN", 0>>>>
<<<<"SYN", 0>>>>
<<<<"SYN", 0>>>>
<<<<"SYN", 0>>, Corruption>>
<<<<"SYN", 0>>, Corruption>>
<<<<"SYN", 0>>, Corruption>>
<<<<"SYN", 0>>, Corruption>>
<<<<"SYN", 0>>, Corruption>>
<<<<"SYN", 0>>, Corruption>>
<<<<"SYN", 0>>, Corruption>>
<<<<"SYN", 0>>, Corruption>>
<<Corruption>>
<<Corruption>>
<<Corruption>>
<<Corruption>>
<<Corruption>>
<<Corruption>>
<<Corruption>>
<<Corruption>>
<<<<"ACK", 0>>>>
<<Corruption>>
<<Corruption>>
<<Corruption>>
<<Corruption>>
<<Corruption>>
<<Corruption>>
<<<<"ACK", 0>>, Corruption>>
<<<<"ACK", 0>>, Corruption>>
<<<<"SYN", 0>>>>
<<<<"SYN", 0>>, Corruption>>
<<<<"SYN", 0>>, Corruption>>
<<<<"SYN", 0>>, Corruption>>
<<<<"ACK", 0>>, Corruption>>
<<<<"SYN", 0>>, Corruption>>
<<<<"ACK", 0>>, Corruption>>
<<<<"SYN", 0>>, Corruption>>
<<<<"ACK", 0>>, Corruption>>
<<Corruption>>
<<Corruption>>
<<Corruption>>
<<Corruption>>
<<Corruption>>
<<Corruption>>
<<Corruption>>
<<Corruption>>
<<Corruption>>
<<<<"SYN", 0>>>>
<<<<"SYN", 0>>>>
<<<<"SYN", 0>>>>
<<<<"SYN", 0>>>>
<<<<"SYN", 0>>>>
<<<<"SYN", 0>>>>
<<<<"SYN", 0>>>>
<<<<"SYN", 0>>>>
<<<<"SYN", 0>>>>
<<<<"SYN", 0>>>>
<<<<"SYN", 0>>>>
<<<<"SYN", 0>>>>
<<<<"SYN", 0>>>>
<<<<"SYN", 0>>>>
<<<<"SYN", 0>>>>
<<<<"SYN", 0>>>>
<<<<"ACK", 0>>>>
<<<<"ACK", 0>>, Corruption>>
<<<<"SYN", 0>>>>
<<<<"ACK", 0>>, Corruption>>
<<<<"ACK", 0>>, Corruption>>
<<<<"ACK", 0>>, Corruption>>
<<<<"SYN", 0>>>>
<<<<"SYN", 0>>, Corruption>>
<<<<"SYN", 0>>>>
<<<<"SYN", 0>>>>
<<<<"SYN", 0>>>>
<<<<"SYN", 0>>>>
<<<<"ACK", 0>>>>
<<<<"SYN", 0>>>>
<<<<"ACK", 0>>>>
<<<<"SYN", 0>>>>
<<<<"ACK", 0>>>>
<<<<"SYN", 0>>>>
<<<<"ACK", 0>>>>
<<<<"ACK", 0>>>>
<<Corruption>>
<<<<"SYN", 0>>, Corruption>>
<<<<"ACK", 0>>>>
<<<<"SYN", 0>>, Corruption>>
<<<<"ACK", 0>>>>
<<Corruption>>
<<<<"SYN", 0>>, Corruption>>
<<<<"SYN", 0>>, Corruption>>
<<<<"SYN", 0>>, Corruption>>
<<Corruption>>
<<Corruption>>
<<<<"SYN", 0>>, Corruption>>
<<<<"SYN", 0>>, Corruption>>
<<<<"SYN", 0>>, Corruption>>
<<<<"SYN", 0>>, Corruption>>
<<<<"SYN", 0>>, Corruption>>
<<<<"SYN", 0>>, Corruption>>
<<<<"SYN", 0>>, Corruption>>
<<<<"SYN", 0>>, Corruption>>
<<<<"SYN", 0>>, Corruption>>
<<<<"SYN", 0>>, Corruption>>
<<<<"SYN", 0>>, Corruption>>
<<<<"SYN", 0>>, Corruption>>
<<<<"SYN", 0>>, Corruption>>
<<<<"SYN", 0>>, Corruption>>
<<<<"SYN", 0>>, Corruption>>
<<Corruption>>
<<<<"SYN", 0>>, Corruption>>
<<<<"SYN", 0>>, Corruption>>
<<Corruption>>
<<Corruption>>
<<<<"SYN", 0>>>>
<<Corruption>>
<<Corruption>>
<<<<"SYN", 0>>>>
<<Corruption>>
<<<<"SYN", 0>>>>
<<Corruption>>
<<<<"SYN", 0>>>>
<<<<"SYN", 0>>>>
<<<<"SYN", 0>>>>
<<<<"SYN", 0>>>>
<<<<"SYN", 0>>>>
<<<<"SYN", 0>>>>
<<<<"SYN", 0>>>>
<<<<"SYN", 0>>>>
<<<<"SYN", 0>>>>
<<<<"SYN", 0>>>>
<<<<"SYN", 0>>>>
<<<<"SYN", 0>>>>
<<<<"SYN", 0>>>>
<<<<"SYN", 0>>>>
<<<<"SYN", 0>>>>
<<<<"SYN", 0>>, Corruption>>
<<<<"SYN", 0>>, Corruption>>
<<<<"SYN", 0>>, Corruption>>
<<<<"SYN", 0>>, Corruption>>
<<<<"SYN", 0>>, Corruption>>
<<<<"SYN", 0>>, Corruption>>
<<<<"SYN", 0>>, Corruption>>
<<Corruption>>
<<Corruption>>
<<<<"SYN", 0>>, Corruption>>
<<Corruption>>
<<<<"SYN", 0>>, Corruption>>
<<Corruption>>
<<<<"SYN", 0>>, Corruption>>
<<Corruption>>
<<<<"SYN", 0>>, Corruption>>
<<Corruption>>
<<<<"SYN", 0>>>>
<<Corruption>>
<<<<"SYN", 0>>>>
<<Corruption>>
<<Corruption>>
<<<<"SYN", 0>>, Corruption>>
<<<<"SYN", 0>>, Corruption>>
<<<<"SYN", 0>>, Corruption>>
<<Corruption>>
<<<<"SYN", 0>>, Corruption>>
<<Corruption>>
<<Corruption>>
<<Corruption>>
<<Corruption>>
<<Corruption>>
<<<<"SYN", 0>>>>
<<<<"SYN", 0>>, Corruption>>
<<Corruption>>
<<<<"SYN", 0>>>>
<<Corruption>>
<<<<"SYN", 0>>, Corruption>>
<<Corruption>>
<<<<"SYN", 0>>, Corruption>>
<<<<"SYN", 0>>>>
<<Corruption>>
<<<<"SYN", 0>>>>
<<<<"SYN", 0>>, Corruption>>
<<Corruption>>
<<Corruption>>
<<Corruption>>
<<<<"SYN", 0>>>>
<<<<"SYN", 0>>, Corruption>>
<<<<"SYN", 0>>>>
<<<<"SYN", 0>>, Corruption>>
<<Corruption>>
<<<<"SYN", 0>>>>
<<<<"SYN", 0>>, Corruption>>
<<<<"SYN", 0>>>>
<<<<"SYN", 0>>, Corruption>>
<<<<"SYN", 0>>>>
<<Corruption>>
<<<<"SYN", 0>>>>
<<<<"SYN", 0>>, Corruption>>
<<<<"SYN", 0>>, Corruption>>
<<<<"ACK", 0>>>>
<<<<"ACK", 0>>, Corruption>>
<<<<"ACK", 0>>>>
<<<<"ACK", 0>>, Corruption>>
<<<<"ACK", 0>>, Corruption>>
<<<<"ACK", 0>>, Corruption>>
<<Corruption>>
<<<<"ACK", 0>>, Corruption>>
<<<<"ACK", 0>>, Corruption>>
<<Corruption>>
<<Corruption>>
<<Corruption>>
<<Corruption>>
<<Corruption>>
<<Corruption>>
<<<<"SYN", 0>>>>
<<<<"SYN", 0>>>>
<<<<"SYN", 0>>>>
<<<<"SYN", 0>>>>
<<<<"SYN", 0>>>>
<<<<"SYN", 0>>>>
<<<<"SYN", 0>>>>
<<<<"SYN", 0>>>>
<<<<"SYN", 0>>>>
<<<<"SYN", 0>>>>
<<<<"SYN", 0>>>>
<<Corruption>>
<<<<"ACK", 0>>, Corruption>>
<<Corruption>>
<<Corruption>>
<<<<"ACK", 0>>>>
<<<<"ACK", 0>>>>
<<<<"SYN", 0>>>>
<<<<"SYN", 0>>, Corruption>>
<<Corruption>>
<<<<"SYN", 0>>, Corruption>>
<<<<"SYN", 0>>, Corruption>>
<<<<"SYN", 0>>, Corruption>>
<<<<"SYN", 0>>, Corruption>>
<<<<"SYN", 0>>, Corruption>>
<<<<"SYN", 0>>, Corruption>>
<<<<"SYN", 0>>, Corruption>>
<<<<"ACK", 0>>>>
<<<<"SYN", 0>>, Corruption>>
<<<<"ACK", 0>>>>
<<<<"SYN", 0>>>>
<<<<"SYN", 0>>, Corruption>>
<<<<"SYN", 0>>>>
<<<<"SYN", 0>>, Corruption>>
<<Corruption>>
<<<<"SYN", 0>>>>
<<Corruption>>
<<<<"SYN", 0>>>>
<<Corruption>>
<<Corruption>>
<<<<"ACK", 0>>>>
<<<<"SYN", 0>>, Corruption>>
<<<<"SYN", 0>>, Corruption>>
<<<<"SYN", 0>>>>
<<<<"SYN", 0>>, Corruption>>
<<<<"SYN", 0>>>>
<<Corruption>>
<<<<"SYN", 0>>, Corruption>>
<<Corruption>>
<<<<"SYN", 0>>>>
<<Corruption>>
<<<<"SYN", 0>>>>
<<Corruption>>
<<Corruption>>
<<<<"SYN", 0>>>>
<<Corruption>>
<<Corruption>>
<<Corruption>>
<<<<"SYN", 0>>>>
<<<<"SYN", 0>>>>
<<<<"SYN", 0>>>>
<<<<"SYN", 0>>>>
<<<<"SYN", 0>>>>
<<<<"SYN", 0>>>>
<<<<"SYN", 0>>>>
<<<<"SYN", 0>>>>
<<<<"SYN", 0>>>>
<<<<"SYN", 0>>>>
<<<<"SYN", 0>>>>
<<<<"SYN", 0>>>>
<<<<"SYN", 0>>>>
<<<<"SYN", 0>>, Corruption>>
<<<<"SYN", 0>>, Corruption>>
<<<<"SYN", 0>>, Corruption>>
<<Corruption>>
<<<<"SYN", 0>>, Corruption>>
<<<<"SYN", 0>>, Corruption>>
<<Corruption>>
<<<<"SYN", 0>>, Corruption>>
<<<<"SYN", 0>>, Corruption>>
<<Corruption>>
<<Corruption>>
<<Corruption>>
<<Corruption>>
<<Corruption>>
<<Corruption>>
<<Corruption>>
<<Corruption>>
<<Corruption>>
<<Corruption>>
<<Corruption>>
<<<<"SYN", 0>>>>
<<Corruption>>
<<Corruption>>
<<<<"SYN", 0>>>>
<<<<"SYN", 0>>>>
<<<<"SYN", 0>>>>
<<<<"SYN", 0>>>>
<<<<"SYN", 0>>>>
<<<<"SYN", 0>>>>
<<<<"SYN", 0>>>>
<<<<"SYN", 0>>, Corruption>>
<<<<"SYN", 0>>, Corruption>>
<<<<"SYN", 0>>, Corruption>>
<<<<"SYN", 0>>, Corruption>>
<<<<"SYN", 0>>, Corruption>>
<<<<"SYN", 0>>, Corruption>>
<<<<"SYN", 0>>, Corruption>>
<<<<"SYN", 0>>, Corruption>>
<<<<"SYN", 0>>>>
<<<<"SYN", 0>>>>
<<<<"SYN", 0>>>>
<<<<"SYN", 0>>>>
<<<<"SYN", 0>>>>
<<<<"SYN", 0>>>>
<<<<"SYN", 0>>>>
<<<<"SYN", 0>>>>
<<<<"SYN", 0>>>>
<<<<"SYN", 0>>, Corruption>>
<<<<"SYN", 0>>>>
<<<<"SYN", 0>>>>
<<<<"SYN", 0>>>>
<<<<"SYN", 0>>, Corruption>>
<<<<"SYN", 0>>>>
<<<<"SYN", 0>>, Corruption>>
<<<<"SYN", 0>>, Corruption>>
<<<<"SYN", 0>>, Corruption>>
<<<<"SYN", 0>>, Corruption>>
<<<<"SYN", 0>>, Corruption>>
<<<<"SYN", 0>>, Corruption>>
<<<<"SYN", 0>>, Corruption>>
<<<<"SYN", 0>>, Corruption>>
<<<<"SYN", 0>>, Corruption>>
<<<<"SYN", 0>>, Corruption>>
<<<<"SYN", 0>>, Corruption>>
<<<<"SYN", 0>>>>
<<<<"SYN", 0>>, Corruption>>
<<Corruption>>
<<Corruption>>
<<Corruption>>
<<Corruption>>
<<Corruption>>
<<Corruption>>
<<Corruption>>
<<Corruption>>
<<Corruption>>
<<Corruption>>
<<Corruption>>
<<Corruption>>
<<Corruption>>
<<Corruption>>
<<Corruption>>
<<Corruption>>
<<Corruption>>
<<Corruption>>
<<Corruption>>
<<Corruption>>
<<Corruption>>
<<Corruption>>
<<<<"SYN", 0>>, Corruption>>
<<<<"SYN", 0>>, Corruption>>
<<<<"SYN", 0>>, Corruption>>
<<<<"SYN", 0>>, Corruption>>
<<<<"SYN", 0>>, Corruption>>
<<<<"SYN", 0>>, Corruption>>
<<<<"SYN", 0>>, Corruption>>
<<<<"SYN", 0>>, Corruption>>
<<<<"SYN", 0>>, Corruption>>
<<<<"SYN", 0>>, Corruption>>
<<<<"SYN", 0>>, Corruption>>
<<<<"SYN", 0>>, Corruption>>
<<<<"ACK", 0>>>>
<<<<"ACK", 0>>>>
<<<<"ACK", 0>>>>
<<<<"ACK", 0>>, Corruption>>
<<<<"ACK", 0>>>>
<<<<"ACK", 0>>>>
<<<<"ACK", 0>>>>
<<<<"ACK", 0>>>>
<<<<"ACK", 0>>>>
<<<<"ACK", 0>>>>
<<<<"ACK", 0>>>>
<<<<"ACK", 0>>>>
<<<<"ACK", 0>>>>
<<<<"ACK", 0>>>>
<<<<"ACK", 0>>>>
<<<<"ACK", 0>>>>
<<<<"SYN", 0>>>>
<<<<"SYN", 0>>>>
<<<<"SYN", 0>>>>
<<<<"SYN", 0>>>>
<<<<"SYN", 0>>>>
<<<<"SYN", 0>>>>
<<<<"SYN", 0>>>>
<<<<"SYN", 0>>, Corruption>>
<<<<"SYN", 0>>, Corruption>>
<<<<"SYN", 0>>, Corruption>>
<<<<"SYN", 0>>, Corruption>>
<<<<"SYN", 0>>, Corruption>>
<<<<"SYN", 0>>, Corruption>>
<<<<"SYN", 0>>, Corruption>>
<<<<"ACK", 0>>, Corruption>>
<<<<"ACK", 0>>, Corruption>>
<<<<"ACK", 0>>, Corruption>>
<<<<"ACK", 0>>, Corruption>>
<<<<"ACK", 0>>, Corruption>>
<<<<"ACK", 0>>, Corruption>>
<<<<"ACK", 0>>, Corruption>>
<<<<"ACK", 0>>, Corruption>>
<<<<"ACK", 0>>, Corruption>>
<<<<"ACK", 0>>, Corruption>>
<<Corruption>>
<<<<"ACK", 0>>, Corruption>>
<<<<"ACK", 0>>, Corruption>>
<<Corruption>>
<<Corruption>>
<<Corruption>>
<<Corruption>>
<<Corruption>>
<<Corruption>>
<<Corruption>>
<<Corruption>>
<<<<"ACK", 0>>, Corruption>>
<<Corruption>>
<<Corruption>>
<<Corruption>>
<<Corruption>>
<<Corruption>>
<<<<"ACK", 0>>, Corruption>>
<<<<"ACK", 0>>, Corruption>>
<<<<"SYN", 0>>>>
<<<<"ACK", 0>>, Corruption>>
<<<<"SYN", 0>>, Corruption>>
<<Corruption>>
<<<<"ACK", 0>>, Corruption>>
<<<<"ACK", 0>>, Corruption>>
<<Corruption>>
<<<<"SYN", 0>>, Corruption>>
<<Corruption>>
<<<<"SYN", 0>>, Corruption>>
<<<<"ACK", 0>>, Corruption>>
<<Corruption>>
<<<<"SYN", 0>>, Corruption>>
<<Corruption>>
<<<<"SYN", 0>>, Corruption>>
<<Corruption>>
<<<<"SYN", 0>>, Corruption>>
<<<<"SYN", 0>>, Corruption>>
<<<<"SYN", 0>>>>
<<<<"SYN", 0>>>>
<<<<"SYN", 0>>>>
<<<<"SYN", 0>>>>
<<<<"SYN", 0>>>>
<<<<"SYN", 0>>>>
<<<<"SYN", 0>>>>
<<<<"SYN", 0>>>>
<<<<"SYN", 0>>>>
<<<<"SYN", 0>>>>
<<<<"SYN", 0>>>>
<<<<"SYN", 0>>>>
<<<<"ACK", 0>>>>
<<<<"ACK", 0>>>>
<<<<"ACK", 0>>>>
<<<<"ACK", 0>>>>
<<<<"ACK", 0>>>>
<<<<"ACK", 0>>>>
<<<<"ACK", 0>>>>
<<<<"ACK", 0>>>>
<<<<"SYN", 0>>>>
<<<<"SYN", 0>>>>
<<<<"SYN", 0>>>>
<<<<"SYN", 0>>>>
<<<<"ACK", 0>>, Corruption>>
<<<<"SYN", 0>>>>
<<<<"SYN", 0>>>>
<<Corruption>>
<<<<"SYN", 0>>>>
<<<<"SYN", 0>>>>
<<<<"ACK", 0>>, Corruption>>
<<<<"SYN", 0>>>>
<<Corruption>>
<<<<"SYN", 0>>, Corruption>>
<<<<"ACK", 0>>, Corruption>>
<<<<"SYN", 0>>>>
<<Corruption>>
<<<<"SYN", 0>>, Corruption>>
<<<<"SYN", 0>>>>
<<<<"SYN", 0>>, Corruption>>
<<<<"SYN", 0>>, Corruption>>
<<Corruption>>
<<<<"SYN", 0>>, Corruption>>
<<Corruption>>
<<<<"SYN", 0>>, Corruption>>
<<<<"SYN", 0>>>>
<<<<"SYN", 0>>>>
<<<<"SYN", 0>>, Corruption>>
<<Corruption>>
<<<<"SYN", 0>>, Corruption>>
<<Corruption>>
<<<<"SYN", 0>>>>
<<<<"SYN", 0>>, Corruption>>
<<<<"SYN", 0>>, Corruption>>
<<Corruption>>
<<<<"SYN", 0>>>>
<<<<"SYN", 0>>, Corruption>>
<<<<"SYN", 0>>, Corruption>>
<<Corruption>>
<<Corruption>>
<<<<"SYN", 0>>>>
<<<<"SYN", 0>>, Corruption>>
<<<<"SYN", 0>>, Corruption>>
<<<<"SYN", 0>>, Corruption>>
<<<<"SYN", 0>>, Corruption>>
<<<<"SYN", 0>>, Corruption>>
<<<<"SYN", 0>>, Corruption>>
<<<<"SYN", 0>>>>
<<<<"SYN", 0>>, Corruption>>
<<<<"SYN", 0>>, Corruption>>
<<<<"SYN", 0>>, Corruption>>
<<<<"SYN", 0>>, Corruption>>
<<<<"SYN", 0>>>>
<<<<"SYN", 0>>, Corruption>>
<<<<"SYN", 0>>, Corruption>>
<<Corruption>>
<<<<"SYN", 0>>, Corruption>>
<<<<"SYN", 0>>>>
<<<<"SYN", 0>>, Corruption>>
<<<<"SYN", 0>>>>
<<<<"SYN", 0>>, Corruption>>
<<Corruption>>
<<<<"SYN", 0>>, Corruption>>
<<<<"SYN", 0>>, Corruption>>
<<<<"SYN", 0>>, Corruption>>
<<<<"SYN", 0>>, Corruption>>
<<<<"SYN", 0>>>>
<<Corruption>>
<<<<"SYN", 0>>>>
<<Corruption>>
<<<<"SYN", 0>>>>
<<Corruption>>
<<Corruption>>
<<<<"SYN", 0>>>>
<<<<"SYN", 0>>, Corruption>>
<<<<"SYN", 0>>>>
<<<<"SYN", 0>>, Corruption>>
<<<<"SYN", 0>>>>
<<<<"SYN", 0>>, Corruption>>
<<<<"SYN", 0>>>>
<<Corruption>>
<<<<"SYN", 0>>>>
<<Corruption>>
<<Corruption>>
<<Corruption>>
<<Corruption>>
<<Corruption>>
<<Corruption>>
<<Corruption>>
<<Corruption>>
<<Corruption>>
<<Corruption>>
<<Corruption>>
<<<<"ACK", 0>>>>
<<<<"ACK", 0>>>>
<<<<"ACK", 0>>>>
<<<<"ACK", 0>>>>
<<<<"ACK", 0>>>>
<<<<"ACK", 0>>>>
<<<<"ACK", 0>>>>
<<<<"ACK", 0>>>>
<<<<"ACK", 0>>>>
<<<<"ACK", 0>>>>
<<<<"ACK", 0>>>>
<<<<"ACK", 0>>, Corruption>>
<<<<"ACK", 0>>>>
<<<<"ACK", 0>>>>
<<<<"SYN", 0>>>>
<<<<"ACK", 0>>, Corruption>>
<<<<"SYN", 0>>>>
<<<<"ACK", 0>>, Corruption>>
<<<<"SYN", 0>>>>
<<<<"ACK", 0>>, Corruption>>
<<<<"SYN", 0>>>>
<<<<"ACK", 0>>, Corruption>>
<<<<"SYN", 0>>>>
<<<<"ACK", 0>>, Corruption>>
<<<<"SYN", 0>>, Corruption>>
<<<<"ACK", 0>>, Corruption>>
<<Corruption>>
<<<<"ACK", 0>>, Corruption>>
<<<<"SYN", 0>>, Corruption>>
<<<<"ACK", 0>>, Corruption>>
<<Corruption>>
<<<<"ACK", 0>>, Corruption>>
<<<<"SYN", 0>>, Corruption>>
<<Corruption>>
<<<<"ACK", 0>>, Corruption>>
<<Corruption>>
<<<<"SYN", 0>>, Corruption>>
<<<<"ACK", 0>>, Corruption>>
<<<<"SYN", 0>>, Corruption>>
<<Corruption>>
<<<<"ACK", 0>>, Corruption>>
<<<<"ACK", 0>>>>
<<<<"ACK", 0>>, Corruption>>
<<Corruption>>
<<Corruption>>
<<<<"ACK", 0>>, Corruption>>
<<<<"ACK", 0>>, Corruption>>
<<<<"ACK", 0>>, Corruption>>
<<<<"ACK", 0>>, Corruption>>
<<<<"ACK", 0>>, Corruption>>
<<<<"SYN", 0>>>>
<<<<"ACK", 0>>>>
<<<<"SYN", 0>>>>
<<Corruption>>
<<Corruption>>
<<Corruption>>
<<Corruption>>
<<<<"SYN", 0>>>>
<<<<"ACK", 0>>>>
<<<<"SYN", 0>>, Corruption>>
<<<<"SYN", 0>>>>
<<<<"ACK", 0>>>>
<<<<"SYN", 0>>>>
<<<<"SYN", 0>>>>
<<<<"SYN", 0>>>>
<<<<"SYN", 0>>>>
<<<<"SYN", 0>>>>
<<<<"SYN", 0>>>>
<<<<"ACK", 0>>>>
<<<<"SYN", 0>>, Corruption>>
<<<<"SYN", 0>>>>
<<<<"SYN", 0>>, Corruption>>
<<<<"SYN", 0>>>>
<<<<"ACK", 0>>>>
<<<<"SYN", 0>>, Corruption>>
<<<<"SYN", 0>>, Corruption>>
<<Corruption>>
<<<<"SYN", 0>>, Corruption>>
<<<<"SYN", 0>>, Corruption>>
<<<<"SYN", 0>>, Corruption>>
<<<<"SYN", 0>>, Corruption>>
<<<<"SYN", 0>>, Corruption>>
<<<<"SYN", 0>>, Corruption>>
<<<<"SYN", 0>>, Corruption>>
<<Corruption>>
<<Corruption>>
<<Corruption>>
<<Corruption>>
<<Corruption>>
<<<<"SYN", 0>>>>
<<<<"SYN", 0>>>>
<<<<"SYN", 0>>>>
<<<<"SYN", 0>>>>
<<<<"SYN", 0>>>>
<<<<"SYN", 0>>>>
<<<<"SYN", 0>>>>
<<<<"SYN", 0>>>>
<<<<"SYN", 0>>>>
<<<<"SYN", 0>>>>
<<<<"SYN", 0>>>>
<<<<"SYN", 0>>>>
<<<<"SYN", 0>>>>
<<<<"SYN", 0>>>>
<<<<"SYN", 0>>>>
<<<<"SYN", 0>>>>
<<<<"SYN", 0>>>>
<<<<"SYN", 0>>, Corruption>>
<<<<"SYN", 0>>>>
<<<<"SYN", 0>>>>
<<<<"SYN", 0>>>>
<<<<"SYN", 0>>>>
<<<<"SYN", 0>>>>
<<<<"SYN", 0>>>>
<<<<"SYN", 0>>>>
<<<<"SYN", 0>>>>
<<<<"SYN", 0>>>>
<<<<"SYN", 0>>>>
<<Corruption>>
<<<<"SYN", 0>>>>
<<<<"SYN", 0>>, Corruption>>
<<<<"SYN", 0>>>>
<<<<"SYN", 0>>, Corruption>>
<<<<"SYN", 0>>>>
<<Corruption>>
<<<<"SYN", 0>>>>
<<Corruption>>
<<Corruption>>
<<Corruption>>
<<<<"SYN", 0>>>>
<<<<"SYN", 0>>>>
<<<<"SYN", 0>>>>
<<<<"SYN", 0>>>>
<<<<"SYN", 0>>>>
<<<<"SYN", 0>>>>
<<<<"SYN", 0>>>>
<<<<"SYN", 0>>>>
<<<<"SYN", 0>>>>
<<<<"SYN", 0>>>>
<<<<"SYN", 0>>, Corruption>>
<<<<"SYN", 0>>>>
<<<<"SYN", 0>>, Corruption>>
<<<<"SYN", 0>>, Corruption>>
<<<<"SYN", 0>>>>
<<<<"SYN", 0>>>>
<<<<"SYN", 0>>, Corruption>>
<<<<"SYN", 0>>, Corruption>>
<<<<"SYN", 0>>, Corruption>>
<<<<"SYN", 0>>, Corruption>>
<<<<"SYN", 0>>, Corruption>>
<<<<"SYN", 0>>, Corruption>>
<<<<"SYN", 0>>, Corruption>>
<<<<"SYN", 0>>, Corruption>>
<<<<"SYN", 0>>, Corruption>>
<<<<"SYN", 0>>, Corruption>>
<<<<"SYN", 0>>, Corruption>>
<<<<"SYN", 0>>, Corruption>>
<<<<"SYN", 0>>, Corruption>>
<<<<"SYN", 0>>>>
<<<<"SYN", 0>>>>
<<<<"SYN", 0>>>>
<<<<"SYN", 0>>>>
<<<<"SYN", 0>>>>
<<<<"SYN", 0>>>>
<<<<"SYN", 0>>>>
<<<<"SYN", 0>>>>
<<<<"SYN", 0>>>>
<<<<"SYN", 0>>>>
<<<<"SYN", 0>>, Corruption>>
<<<<"SYN", 0>>>>
<<<<"SYN", 0>>>>
<<<<"SYN", 0>>>>
<<<<"SYN", 0>>, Corruption>>
<<<<"SYN", 0>>, Corruption>>
<<<<"SYN", 0>>>>
<<<<"SYN", 0>>>>
<<<<"SYN", 0>>, Corruption>>
<<<<"SYN", 0>>, Corruption>>
<<<<"SYN", 0>>>>
<<<<"SYN", 0>>, Corruption>>
<<<<"SYN", 0>>>>
<<<<"SYN", 0>>, Corruption>>
<<<<"SYN", 0>>>>
<<<<"SYN", 0>>, Corruption>>
<<<<"SYN", 0>>>>
<<<<"SYN", 0>>, Corruption>>
<<<<"SYN", 0>>, Corruption>>
<<<<"SYN", 0>>, Corruption>>
<<<<"SYN", 0>>, Corruption>>
<<<<"SYN", 0>>, Corruption>>
<<<<"SYN", 0>>, Corruption>>
<<<<"SYN", 0>>, Corruption>>
<<<<"SYN", 0>>, Corruption>>
<<<<"SYN", 0>>, Corruption>>
<<<<"SYN", 0>>, Corruption>>
<<<<"SYN", 0>>, Corruption>>
<<<<"SYN", 0>>, Corruption>>
<<<<"SYN", 0>>, Corruption>>
<<<<"SYN", 0>>, Corruption>>
<<<<"SYN", 0>>, Corruption>>
<<<<"SYN", 0>>, Corruption>>
<<<<"SYN", 0>>, Corruption>>
<<<<"SYN", 0>>, Corruption>>
<<<<"SYN", 0>>, Corruption>>
<<<<"SYN", 0>>, Corruption>>
<<<<"SYN", 0>>, Corruption>>
<<Corruption>>
<<<<"SYN", 0>>, Corruption>>
<<<<"SYN", 0>>, Corruption>>
<<<<"SYN", 0>>, Corruption>>
<<<<"SYN", 0>>, Corruption>>
<<<<"SYN", 0>>, Corruption>>
<<<<"SYN", 0>>, Corruption>>
<<Corruption>>
<<<<"SYN", 0>>, Corruption>>
<<Corruption>>
<<<<"SYN", 0>>, Corruption>>
<<<<"SYN", 0>>, Corruption>>
<<Corruption>>
<<<<"SYN", 0>>, Corruption>>
<<Corruption>>
<<<<"SYN", 0>>, Corruption>>
<<<<"SYN", 0>>, Corruption>>
<<Corruption>>
<<Corruption>>
<<Corruption>>
<<Corruption>>
<<<<"SYN", 0>>, Corruption>>
<<Corruption>>
<<Corruption>>
<<Corruption>>
<<Corruption>>
<<Corruption>>
<<Corruption>>
<<Corruption>>
<<Corruption>>
<<Corruption>>
<<Corruption>>
<<Corruption>>
<<Corruption>>
<<Corruption>>
<<Corruption>>
<<Corruption>>
<<Corruption>>
<<Corruption>>
<<Corruption>>
<<Corruption>>
<<Corruption>>
<<Corruption>>
<<Corruption>>
<<Corruption>>
<<Corruption>>
<<Corruption>>
<<Corruption>>
<<Corruption>>
<<Corruption>>
<<Corruption>>
<<Corruption>>
<<Corruption>>
<<Corruption>>
<<Corruption>>
<<Corruption>>
<<Corruption>>
<<Corruption>>
<<Corruption>>
<<Corruption>>
<<Corruption>>
<<Corruption>>
<<<<"SYN", 0>>, Corruption>>
<<Corruption>>
<<Corruption>>
<<<<"SYN", 0>>, Corruption>>
<<Corruption>>
<<Corruption>>
<<Corruption>>
<<Corruption>>
<<Corruption>>
<<<<"ACK", 0>>>>
<<<<"ACK", 0>>>>
<<Corruption>>
<<<<"ACK", 0>>>>
<<<<"ACK", 0>>>>
<<Corruption>>
<<<<"ACK", 0>>>>
<<<<"ACK", 0>>>>
<<<<"ACK", 0>>, Corruption>>
<<<<"ACK", 0>>, Corruption>>
<<<<"ACK", 0>>>>
<<<<"ACK", 0>>, Corruption>>
<<<<"ACK", 0>>>>
<<<<"ACK", 0>>, Corruption>>
<<<<"ACK", 0>>>>
<<<<"ACK", 0>>, Corruption>>
<<<<"ACK", 0>>>>
<<<<"ACK", 0>>, Corruption>>
<<<<"ACK", 0>>, Corruption>>
<<<<"ACK", 0>>, Corruption>>
<<<<"ACK", 0>>, Corruption>>
<<<<"ACK", 0>>, Corruption>>
<<<<"ACK", 0>>, Corruption>>
<<<<"ACK", 0>>>>
<<<<"ACK", 0>>, Corruption>>
<<<<"ACK", 0>>, Corruption>>
<<<<"ACK", 0>>>>
<<<<"ACK", 0>>>>
<<<<"ACK", 0>>, Corruption>>
<<<<"ACK", 0>>, Corruption>>
<<<<"ACK", 0>>>>
<<<<"ACK", 0>>, Corruption>>
<<<<"ACK", 0>>, Corruption>>
<<<<"ACK", 0>>, Corruption>>
<<<<"ACK", 0>>>>
<<<<"ACK", 0>>>>
<<<<"ACK", 0>>>>
<<<<"ACK", 0>>>>
<<<<"ACK", 0>>>>
<<<<"ACK", 0>>>>
<<<<"ACK", 0>>>>
<<<<"ACK", 0>>>>
<<<<"ACK", 0>>>>
<<<<"ACK", 0>>, Corruption>>
<<<<"ACK", 0>>>>
<<<<"ACK", 0>>>>
<<<<"ACK", 0>>>>
<<<<"ACK", 0>>, Corruption>>
<<<<"ACK", 0>>>>
<<<<"ACK", 0>>>>
<<<<"ACK", 0>>, Corruption>>
<<<<"ACK", 0>>>>
<<<<"ACK", 0>>>>
<<<<"ACK", 0>>>>
<<<<"ACK", 0>>, Corruption>>
<<<<"ACK", 0>>>>
<<<<"ACK", 0>>, Corruption>>
<<<<"ACK", 0>>>>
<<<<"ACK", 0>>>>
<<<<"ACK", 0>>, Corruption>>
<<<<"ACK", 0>>, Corruption>>
<<<<"ACK", 0>>>>
<<<<"ACK", 0>>, Corruption>>
<<<<"ACK", 0>>>>
<<<<"ACK", 0>>, Corruption>>
<<<<"ACK", 0>>>>
<<<<"ACK", 0>>, Corruption>>
<<<<"ACK", 0>>, Corruption>>
<<<<"ACK", 0>>>>
<<<<"ACK", 0>>, Corruption>>
<<<<"ACK", 0>>, Corruption>>
<<<<"ACK", 0>>, Corruption>>
<<<<"ACK", 0>>, Corruption>>
<<<<"ACK", 0>>, Corruption>>
<<<<"ACK", 0>>>>
<<<<"ACK", 0>>, Corruption>>
<<<<"ACK", 0>>>>
<<<<"ACK", 0>>, Corruption>>
<<<<"ACK", 0>>>>
<<<<"ACK", 0>>>>
<<<<"ACK", 0>>, Corruption>>
<<<<"ACK", 0>>, Corruption>>
<<<<"ACK", 0>>>>
<<<<"ACK", 0>>>>
<<<<"SYN", 0>>>>
<<<<"SYN", 0>>, Corruption>>
<<<<"SYN", 0>>>>
<<<<"SYN", 0>>, Corruption>>
<<<<"SYN", 0>>, Corruption>>
<<<<"SYN", 0>>>>
<<<<"SYN", 0>>, Corruption>>
<<<<"SYN", 0>>, Corruption>>
<<<<"SYN", 0>>, Corruption>>
<<<<"SYN", 0>>>>
<<<<"ACK", 0>>, Corruption>>
<<<<"ACK", 0>>, Corruption>>
<<<<"ACK", 0>>, Corruption>>
<<<<"SYN", 0>>>>
<<<<"ACK", 0>>, Corruption>>
<<<<"SYN", 0>>>>
<<<<"ACK", 0>>, Corruption>>
<<<<"ACK", 0>>, Corruption>>
<<<<"SYN", 0>>>>
<<<<"SYN", 0>>>>
<<<<"SYN", 0>>>>
<<<<"SYN", 0>>>>
<<<<"SYN", 0>>>>
<<<<"SYN", 0>>>>
<<<<"SYN", 0>>>>
<<<<"SYN", 0>>>>
<<<<"SYN", 0>>>>
<<<<"SYN", 0>>>>
<<<<"SYN", 0>>>>
<<<<"SYN", 0>>, Corruption>>
<<<<"SYN", 0>>>>
<<<<"SYN", 0>>>>
<<<<"SYN", 0>>, Corruption>>
<<<<"SYN", 0>>>>
<<<<"SYN", 0>>>>
<<<<"SYN", 0>>, Corruption>>
<<<<"SYN", 0>>, Corruption>>
<<<<"SYN", 0>>>>
<<<<"SYN", 0>>, Corruption>>
<<<<"SYN", 0>>>>
<<<<"SYN", 0>>>>
<<<<"SYN", 0>>, Corruption>>
<<<<"SYN", 0>>>>
<<<<"SYN", 0>>>>
<<<<"SYN", 0>>, Corruption>>
<<<<"SYN", 0>>>>
<<<<"SYN", 0>>>>
<<<<"SYN", 0>>>>
<<<<"SYN", 0>>, Corruption>>
<<<<"SYN", 0>>, Corruption>>
<<<<"SYN", 0>>>>
<<<<"SYN", 0>>, Corruption>>
<<<<"SYN", 0>>>>
<<<<"SYN", 0>>, Corruption>>
<<<<"SYN", 0>>, Corruption>>
<<<<"SYN", 0>>>>
<<<<"SYN", 0>>, Corruption>>
<<<<"SYN", 0>>, Corruption>>
<<<<"SYN", 0>>>>
<<<<"SYN", 0>>, Corruption>>
<<<<"SYN", 0>>>>
<<<<"SYN", 0>>>>
<<<<"SYN", 0>>, Corruption>>
<<<<"SYN", 0>>, Corruption>>
<<<<"SYN", 0>>, Corruption>>
<<<<"SYN", 0>>, Corruption>>
<<<<"SYN", 0>>, Corruption>>
<<<<"SYN", 0>>, Corruption>>
<<<<"SYN", 0>>, Corruption>>
<<<<"SYN", 0>>, Corruption>>
<<<<"SYN", 0>>>>
<<<<"SYN", 0>>, Corruption>>
<<<<"SYN", 0>>, Corruption>>
<<<<"SYN", 0>>, Corruption>>
<<<<"SYN", 0>>>>
<<<<"SYN", 0>>>>
<<<<"SYN", 0>>, Corruption>>
<<<<"SYN", 0>>, Corruption>>
<<<<"SYN", 0>>>>
<<<<"SYN", 0>>>>
<<<<"SYN", 0>>>>
<<<<"SYN", 0>>, Corruption>>
<<<<"SYN", 0>>>>
<<<<"SYN", 0>>>>
<<<<"SYN", 0>>>>
<<<<"SYN", 0>>, Corruption>>
<<<<"SYN", 0>>>>
<<<<"SYN", 0>>, Corruption>>
<<<<"SYN", 0>>>>
<<Corruption>>
<<Corruption>>
<<Corruption>>
<<Corruption>>
<<<<"SYN", 0>>>>
<<<<"SYN", 0>>>>
<<<<"SYN", 0>>, Corruption>>
<<Corruption>>
<<Corruption>>
<<Corruption>>
<<Corruption>>
<<Corruption>>
<<Corruption>>
<<Corruption>>
<<Corruption>>
<<Corruption>>
<<<<"SYN", 0>>, Corruption>>
<<<<"SYN", 0>>, Corruption>>
<<Corruption>>
<<<<"SYN", 0>>, Corruption>>
<<<<"SYN", 0>>, Corruption>>
<<<<"SYN", 0>>, Corruption>>
<<<<"SYN", 0>>, Corruption>>
<<<<"SYN", 0>>, Corruption>>
<<Corruption>>
<<Corruption>>
<<<<"SYN", 0>>, Corruption>>
<<<<"SYN", 0>>, Corruption>>
<<<<"SYN", 0>>, Corruption>>
<<Corruption>>
<<Corruption>>
<<Corruption>>
<<Corruption>>
<<Corruption>>
<<Corruption>>
<<Corruption>>
<<Corruption>>
<<Corruption>>
<<Corruption>>
<<Corruption>>
<<Corruption>>
<<Corruption>>
<<Corruption>>
<<Corruption>>
<<Corruption>>
<<Corruption>>
<<Corruption>>
<<Corruption>>
<<Corruption>>
<<Corruption>>
<<Corruption>>
<<Corruption>>
<<Corruption>>
<<Corruption>>
<<Corruption>>
<<Corruption>>
<<Corruption>>
<<Corruption>>
<<Corruption>>
<<Corruption>>
<<Corruption>>
<<<<"ACK", 0>>>>
<<<<"ACK", 0>>>>
<<<<"ACK", 0>>>>
<<<<"ACK", 0>>, Corruption>>
<<<<"ACK", 0>>>>
<<<<"ACK", 0>>>>
<<<<"ACK", 0>>>>
<<<<"ACK", 0>>, Corruption>>
<<<<"ACK", 0>>>>
<<<<"ACK", 0>>>>
<<<<"ACK", 0>>>>
<<<<"ACK", 0>>, Corruption>>
<<<<"ACK", 0>>, Corruption>>
<<<<"ACK", 0>>>>
<<<<"ACK", 0>>>>
<<<<"ACK", 0>>>>
<<<<"ACK", 0>>, Corruption>>
<<<<"ACK", 0>>, Corruption>>
<<<<"ACK", 0>>, Corruption>>
<<<<"ACK", 0>>, Corruption>>
<<<<"ACK", 0>>>>
<<<<"ACK", 0>>, Corruption>>
<<<<"ACK", 0>>, Corruption>>
<<<<"ACK", 0>>>>
<<<<"ACK", 0>>, Corruption>>
<<<<"ACK", 0>>>>
<<<<"ACK", 0>>>>
<<<<"ACK", 0>>, Corruption>>
<<<<"ACK", 0>>, Corruption>>
<<<<"ACK", 0>>>>
<<<<"ACK", 0>>, Corruption>>
<<<<"ACK", 0>>, Corruption>>
<<<<"ACK", 0>>>>
<<<<"ACK", 0>>>>
<<<<"ACK", 0>>>>
<<<<"ACK", 0>>>>
<<<<"ACK", 0>>>>
<<<<"ACK", 0>>>>
<<<<"ACK", 0>>>>
<<<<"ACK", 0>>>>
<<<<"ACK", 0>>>>
<<<<"ACK", 0>>>>
<<<<"ACK", 0>>>>
<<<<"ACK", 0>>>>
<<<<"ACK", 0>>, Corruption>>
<<<<"ACK", 0>>, Corruption>>
<<<<"ACK", 0>>, Corruption>>
<<<<"ACK", 0>>, Corruption>>
<<<<"ACK", 0>>, Corruption>>
<<<<"ACK", 0>>, Corruption>>
<<<<"ACK", 0>>, Corruption>>
<<<<"ACK", 0>>, Corruption>>
<<<<"ACK", 0>>, Corruption>>
<<<<"ACK", 0>>, Corruption>>
<<<<"ACK", 0>>, Corruption>>
<<<<"SYN", 0>>>>
<<<<"ACK", 0>>, Corruption>>
<<<<"ACK", 0>>, Corruption>>
<<<<"ACK", 0>>, Corruption>>
<<<<"ACK", 0>>, Corruption>>
<<<<"ACK", 0>>, Corruption>>
<<<<"ACK", 0>>>>
<<<<"SYN", 0>>>>
<<<<"ACK", 0>>>>
<<<<"SYN", 0>>>>
<<<<"SYN", 0>>>>
<<<<"ACK", 0>>>>
<<<<"ACK", 0>>, Corruption>>
<<<<"ACK", 0>>, Corruption>>
<<<<"ACK", 0>>>>
<<<<"SYN", 0>>>>
<<<<"ACK", 0>>, Corruption>>
<<<<"SYN", 0>>>>
<<<<"ACK", 0>>>>
<<<<"ACK", 0>>, Corruption>>
<<<<"SYN", 0>>>>
<<<<"SYN", 0>>>>
<<<<"ACK", 0>>>>
<<<<"ACK", 0>>>>
<<<<"ACK", 0>>, Corruption>>
<<<<"SYN", 0>>>>
<<<<"SYN", 0>>>>
<<<<"SYN", 0>>>>
<<<<"SYN", 0>>>>
<<<<"SYN", 0>>>>
<<<<"SYN", 0>>>>
<<<<"SYN", 0>>>>
<<<<"SYN", 0>>>>
<<<<"SYN", 0>>>>
<<<<"SYN", 0>>>>
<<<<"SYN", 0>>>>
<<<<"SYN", 0>>>>
<<<<"SYN", 0>>>>
<<<<"SYN", 0>>>>
<<<<"SYN", 0>>>>
<<<<"SYN", 0>>>>
<<<<"SYN", 0>>>>
<<<<"SYN", 0>>>>
<<<<"SYN", 0>>>>
<<<<"SYN", 0>>>>
<<<<"SYN", 0>>>>
<<<<"SYN", 0>>>>
<<<<"SYN", 0>>>>
<<<<"SYN", 0>>>>
<<<<"SYN", 0>>>>
<<<<"SYN", 0>>>>
<<<<"SYN", 0>>>>
<<<<"SYN", 0>>>>
<<<<"SYN", 0>>>>
<<<<"SYN", 0>>>>
<<<<"SYN", 0>>>>
<<<<"SYN", 0>>>>
<<<<"SYN", 0>>>>
<<<<"SYN", 0>>>>
<<<<"SYN", 0>>>>
<<<<"SYN", 0>>>>
<<<<"SYN", 0>>>>
<<<<"SYN", 0>>>>
<<<<"SYN", 0>>>>
<<<<"SYN", 0>>>>
<<<<"SYN", 0>>>>
<<<<"SYN", 0>>>>
<<<<"SYN", 0>>>>
<<<<"SYN", 0>>>>
<<<<"SYN", 0>>>>
<<<<"SYN", 0>>>>
<<<<"SYN", 0>>>>
<<<<"SYN", 0>>>>
<<<<"SYN", 0>>>>
<<<<"SYN", 0>>>>
<<<<"SYN", 0>>>>
<<<<"SYN", 0>>>>
<<<<"SYN", 0>>>>
<<<<"SYN", 0>>>>
<<<<"SYN", 0>>, Corruption>>
<<<<"SYN", 0>>>>
<<<<"SYN", 0>>>>
<<<<"SYN", 0>>, Corruption>>
<<<<"SYN", 0>>, Corruption>>
<<<<"SYN", 0>>, Corruption>>
<<<<"SYN", 0>>, Corruption>>
<<<<"SYN", 0>>, Corruption>>
<<<<"SYN", 0>>, Corruption>>
<<<<"SYN", 0>>, Corruption>>
<<<<"SYN", 0>>>>
<<<<"SYN", 0>>>>
<<<<"SYN", 0>>>>
<<<<"SYN", 0>>, Corruption>>
<<<<"SYN", 0>>>>
<<<<"SYN", 0>>, Corruption>>
<<<<"SYN", 0>>>>
<<<<"SYN", 0>>, Corruption>>
<<<<"SYN", 0>>, Corruption>>
<<<<"SYN", 0>>>>
<<<<"SYN", 0>>, Corruption>>
<<<<"SYN", 0>>>>
<<<<"SYN", 0>>, Corruption>>
<<<<"SYN", 0>>, Corruption>>
<<<<"SYN", 0>>>>
<<<<"SYN", 0>>, Corruption>>
<<<<"SYN", 0>>>>
<<<<"SYN", 0>>>>
<<<<"SYN", 0>>>>
<<<<"SYN", 0>>, Corruption>>
<<<<"SYN", 0>>, Corruption>>
<<<<"SYN", 0>>, Corruption>>
<<<<"SYN", 0>>>>
<<<<"SYN", 0>>>>
<<<<"SYN", 0>>, Corruption>>
<<<<"SYN", 0>>, Corruption>>
<<<<"SYN", 0>>, Corruption>>
<<<<"SYN", 0>>, Corruption>>
<<<<"SYN", 0>>>>
<<<<"SYN", 0>>, Corruption>>
<<<<"SYN", 0>>, Corruption>>
<<<<"SYN", 0>>, Corruption>>
<<<<"SYN", 0>>, Corruption>>
<<<<"SYN", 0>>, Corruption>>
<<<<"SYN", 0>>, Corruption>>
<<<<"SYN", 0>>, Corruption>>
<<<<"SYN", 0>>, Corruption>>
<<<<"SYN", 0>>, Corruption>>
<<<<"SYN", 0>>, Corruption>>
<<<<"SYN", 0>>, Corruption>>
<<<<"SYN", 0>>, Corruption>>
<<<<"SYN", 0>>, Corruption>>
<<<<"SYN", 0>>, Corruption>>
<<<<"SYN", 0>>, Corruption>>
<<<<"SYN", 0>>, Corruption>>
<<<<"SYN", 0>>, Corruption>>
<<<<"SYN", 0>>, Corruption>>
<<<<"SYN", 0>>, Corruption>>
<<<<"SYN", 0>>, Corruption>>
<<<<"SYN", 0>>, Corruption>>
<<<<"SYN", 0>>, Corruption>>
<<<<"SYN", 0>>, Corruption>>
<<<<"SYN", 0>>, Corruption>>
<<<<"SYN", 0>>, Corruption>>
<<<<"SYN", 0>>, Corruption>>
<<<<"SYN", 0>>, Corruption>>
<<<<"SYN", 0>>, Corruption>>
<<<<"SYN", 0>>, Corruption>>
<<<<"SYN", 0>>, Corruption>>
<<<<"SYN", 0>>, Corruption>>
<<<<"SYN", 0>>, Corruption>>
<<<<"SYN", 0>>, Corruption>>
<<<<"SYN", 0>>, Corruption>>
<<<<"SYN", 0>>, Corruption>>
<<<<"SYN", 0>>, Corruption>>
<<<<"SYN", 0>>, Corruption>>
<<<<"SYN", 0>>, Corruption>>
<<<<"SYN", 0>>, Corruption>>
<<<<"SYN", 0>>, Corruption>>
<<<<"SYN", 0>>, Corruption>>
<<<<"SYN", 0>>, Corruption>>
<<<<"SYN", 0>>, Corruption>>
<<Corruption>>
<<<<"SYN", 0>>, Corruption>>
<<<<"SYN", 0>>, Corruption>>
<<Corruption>>
<<Corruption>>
<<<<"SYN", 0>>, Corruption>>
<<<<"SYN", 0>>, Corruption>>
<<Corruption>>
<<<<"SYN", 0>>, Corruption>>
<<Corruption>>
<<Corruption>>
<<Corruption>>
<<Corruption>>
<<Corruption>>
<<Corruption>>
<<Corruption>>
<<<<"SYN", 0>>, Corruption>>
<<Corruption>>
<<Corruption>>
<<<<"SYN", 0>>, Corruption>>
<<Corruption>>
<<<<"SYN", 0>>, Corruption>>
<<<<"SYN", 0>>, Corruption>>
<<<<"SYN", 0>>, Corruption>>
<<Corruption>>
<<<<"SYN", 0>>, Corruption>>
<<Corruption>>
<<<<"SYN", 0>>, Corruption>>
<<Corruption>>
<<Corruption>>
<<Corruption>>
<<Corruption>>
<<Corruption>>
<<Corruption>>
<<Corruption>>
<<Corruption>>
<<Corruption>>
<<Corruption>>
<<Corruption>>
<<Corruption>>
<<Corruption>>
<<Corruption>>
<<Corruption>>
<<Corruption>>
<<Corruption>>
<<Corruption>>
<<Corruption>>
<<Corruption>>
<<Corruption>>
<<Corruption>>
<<Corruption>>
<<Corruption>>
<<Corruption>>
<<Corruption>>
<<Corruption>>
<<Corruption>>
<<Corruption>>
<<Corruption>>
<<Corruption>>
<<Corruption>>
<<Corruption>>
<<Corruption>>
<<Corruption>>
<<Corruption>>
<<Corruption>>
<<Corruption>>
<<Corruption>>
<<Corruption>>
<<Corruption>>
<<Corruption>>
<<Corruption>>
<<Corruption>>
<<Corruption>>
<<Corruption>>
<<Corruption>>
<<Corruption>>
<<Corruption>>
<<Corruption>>
<<Corruption>>
<<Corruption>>
<<Corruption>>
<<Corruption>>
<<Corruption>>
<<Corruption>>
<<Corruption>>
<<Corruption>>
<<<<"ACK", 0>>>>
<<Corruption>>
<<Corruption>>
<<Corruption>>
<<Corruption>>
<<<<"ACK", 0>>, Corruption>>
<<<<"ACK", 0>>>>
<<<<"ACK", 0>>>>
<<<<"ACK", 0>>>>
<<<<"ACK", 0>>, Corruption>>
<<<<"ACK", 0>>>>
<<<<"ACK", 0>>, Corruption>>
<<<<"ACK", 0>>>>
<<<<"ACK", 0>>>>
<<<<"ACK", 0>>>>
<<<<"ACK", 0>>>>
<<<<"ACK", 0>>>>
<<<<"ACK", 0>>>>
<<<<"ACK", 0>>>>
<<<<"ACK", 0>>>>
<<<<"ACK", 0>>>>
<<<<"ACK", 0>>>>
<<<<"ACK", 0>>, Corruption>>
<<<<"ACK", 0>>>>
<<<<"ACK", 0>>>>
<<<<"ACK", 0>>, Corruption>>
<<<<"ACK", 0>>>>
<<<<"ACK", 0>>>>
<<<<"ACK", 0>>>>
<<<<"ACK", 0>>>>
<<<<"ACK", 0>>>>
<<<<"ACK", 0>>>>
<<<<"ACK", 0>>>>
<<<<"ACK", 0>>>>
<<<<"ACK", 0>>, Corruption>>
<<<<"ACK", 0>>>>
<<<<"ACK", 0>>, Corruption>>
<<<<"ACK", 0>>>>
<<<<"ACK", 0>>, Corruption>>
<<<<"ACK", 0>>, Corruption>>
<<<<"ACK", 0>>>>
<<<<"ACK", 0>>, Corruption>>
<<<<"ACK", 0>>>>
<<<<"ACK", 0>>, Corruption>>
<<<<"ACK", 0>>, Corruption>>
<<<<"ACK", 0>>>>
<<<<"ACK", 0>>>>
<<<<"ACK", 0>>, Corruption>>
<<<<"ACK", 0>>>>
<<<<"ACK", 0>>>>
<<<<"ACK", 0>>, Corruption>>
<<<<"ACK", 0>>>>
<<<<"ACK", 0>>>>
<<<<"ACK", 0>>, Corruption>>
<<<<"ACK", 0>>, Corruption>>
<<<<"ACK", 0>>>>
<<<<"ACK", 0>>>>
<<<<"ACK", 0>>, Corruption>>
<<<<"ACK", 0>>>>
<<<<"ACK", 0>>>>
<<<<"ACK", 0>>, Corruption>>
<<<<"ACK", 0>>, Corruption>>
<<<<"ACK", 0>>>>
<<<<"ACK", 0>>, Corruption>>
<<<<"ACK", 0>>>>
<<<<"ACK", 0>>, Corruption>>
<<<<"ACK", 0>>>>
<<<<"ACK", 0>>, Corruption>>
<<<<"ACK", 0>>>>
<<<<"ACK", 0>>, Corruption>>
<<<<"ACK", 0>>>>
<<<<"ACK", 0>>, Corruption>>
<<<<"ACK", 0>>, Corruption>>
<<<<"ACK", 0>>>>
<<<<"ACK", 0>>, Corruption>>
<<<<"ACK", 0>>>>
<<<<"ACK", 0>>>>
<<<<"ACK", 0>>, Corruption>>
<<<<"ACK", 0>>>>
<<<<"ACK", 0>>>>
<<<<"ACK", 0>>, Corruption>>
<<<<"ACK", 0>>>>
<<<<"ACK", 0>>>>
<<<<"ACK", 0>>, Corruption>>
<<<<"SYN", 0>>>>
<<<<"ACK", 0>>, Corruption>>
<<<<"SYN", 0>>>>
<<<<"ACK", 0>>, Corruption>>
<<<<"SYN", 0>>>>
<<<<"ACK", 0>>, Corruption>>
<<<<"SYN", 0>>>>
<<<<"SYN", 0>>>>
<<<<"ACK", 0>>, Corruption>>
<<<<"SYN", 0>>>>
<<<<"ACK", 0>>, Corruption>>
<<<<"SYN", 0>>>>
<<<<"ACK", 0>>, Corruption>>
<<<<"ACK", 0>>, Corruption>>
<<<<"ACK", 0>>, Corruption>>
<<<<"ACK", 0>>, Corruption>>
<<<<"SYN", 0>>>>
<<<<"SYN", 0>>>>
<<<<"ACK", 0>>, Corruption>>
<<<<"ACK", 0>>, Corruption>>
<<<<"SYN", 0>>>>
<<<<"ACK", 0>>, Corruption>>
<<<<"SYN", 0>>>>
<<<<"ACK", 0>>, Corruption>>
<<<<"SYN", 0>>>>
<<<<"ACK", 0>>, Corruption>>
<<<<"ACK", 0>>, Corruption>>
<<<<"SYN", 0>>>>
<<<<"SYN", 0>>>>
<<<<"SYN", 0>>, Corruption>>
<<<<"SYN", 0>>>>
<<<<"SYN", 0>>, Corruption>>
<<<<"SYN", 0>>, Corruption>>
<<<<"ACK", 0>>, Corruption>>
<<<<"SYN", 0>>, Corruption>>
<<<<"SYN", 0>>, Corruption>>
<<<<"SYN", 0>>, Corruption>>
<<<<"ACK", 0>>, Corruption>>
<<<<"ACK", 0>>, Corruption>>
<<<<"SYN", 0>>, Corruption>>
<<<<"SYN", 0>>, Corruption>>
<<<<"ACK", 0>>, Corruption>>
<<<<"ACK", 0>>, Corruption>>
<<<<"SYN", 0>>, Corruption>>
<<<<"ACK", 0>>, Corruption>>
<<<<"ACK", 0>>, Corruption>>
<<<<"SYN", 0>>, Corruption>>
<<<<"SYN", 0>>, Corruption>>
<<<<"SYN", 0>>>>
<<<<"SYN", 0>>, Corruption>>
<<<<"SYN", 0>>, Corruption>>
<<<<"SYN", 0>>>>
<<<<"SYN", 0>>, Corruption>>
<<<<"SYN", 0>>, Corruption>>
<<<<"SYN", 0>>, Corruption>>
<<<<"SYN", 0>>>>
<<<<"SYN", 0>>, Corruption>>
<<<<"SYN", 0>>, Corruption>>
<<<<"SYN", 0>>>>
<<<<"SYN", 0>>>>
<<<<"SYN", 0>>>>
<<<<"SYN", 0>>, Corruption>>
<<<<"SYN", 0>>, Corruption>>
<<<<"SYN", 0>>>>
<<<<"SYN", 0>>, Corruption>>
<<<<"SYN", 0>>>>
<<<<"SYN", 0>>>>
<<<<"SYN", 0>>>>
<<<<"SYN", 0>>>>
<<<<"SYN", 0>>>>
<<<<"SYN", 0>>>>
<<<<"SYN", 0>>>>
<<<<"SYN", 0>>>>
<<<<"SYN", 0>>>>
<<<<"SYN", 0>>>>
<<<<"SYN", 0>>>>
<<<<"SYN", 0>>>>
<<<<"SYN", 0>>>>
<<<<"SYN", 0>>>>
<<<<"SYN", 0>>>>
<<<<"SYN", 0>>>>
<<<<"SYN", 0>>>>
<<<<"SYN", 0>>>>
<<<<"SYN", 0>>>>
<<<<"SYN", 0>>>>
<<<<"SYN", 0>>>>
<<<<"SYN", 0>>>>
<<<<"SYN", 0>>>>
<<<<"SYN", 0>>>>
<<<<"SYN", 0>>>>
<<<<"SYN", 0>>>>
<<<<"SYN", 0>>>>
<<<<"SYN", 0>>, Corruption>>
<<<<"SYN", 0>>>>
<<<<"SYN", 0>>>>
<<<<"SYN", 0>>>>
<<<<"SYN", 0>>>>
<<<<"SYN", 0>>>>
<<<<"SYN", 0>>>>
<<<<"SYN", 0>>, Corruption>>
<<<<"SYN", 0>>>>
<<<<"SYN", 0>>>>
<<<<"SYN", 0>>>>
<<<<"SYN", 0>>, Corruption>>
<<<<"SYN", 0>>, Corruption>>
<<<<"SYN", 0>>>>
<<<<"SYN", 0>>, Corruption>>
<<<<"SYN", 0>>, Corruption>>
<<<<"SYN", 0>>, Corruption>>
<<<<"SYN", 0>>, Corruption>>
<<<<"SYN", 0>>>>
<<<<"SYN", 0>>, Corruption>>
<<<<"SYN", 0>>, Corruption>>
<<<<"SYN", 0>>, Corruption>>
<<<<"SYN", 0>>, Corruption>>
<<<<"SYN", 0>>, Corruption>>
<<<<"SYN", 0>>, Corruption>>
<<<<"SYN", 0>>, Corruption>>
<<<<"SYN", 0>>, Corruption>>
<<<<"SYN", 0>>, Corruption>>
<<<<"SYN", 0>>, Corruption>>
<<<<"SYN", 0>>, Corruption>>
<<<<"SYN", 0>>, Corruption>>
<<<<"SYN", 0>>, Corruption>>
<<<<"SYN", 0>>, Corruption>>
<<<<"SYN", 0>>, Corruption>>
<<<<"SYN", 0>>, Corruption>>
<<<<"SYN", 0>>, Corruption>>
<<<<"SYN", 0>>, Corruption>>
<<<<"SYN", 0>>, Corruption>>
<<<<"SYN", 0>>, Corruption>>
<<<<"SYN", 0>>, Corruption>>
<<<<"SYN", 0>>, Corruption>>
<<<<"SYN", 0>>, Corruption>>
<<<<"SYN", 0>>, Corruption>>
<<<<"SYN", 0>>, Corruption>>
<<Corruption>>
<<Corruption>>
<<Corruption>>
<<Corruption>>
<<Corruption>>
<<Corruption>>
<<Corruption>>
<<Corruption>>
<<Corruption>>
<<Corruption>>
<<Corruption>>
<<Corruption>>
<<Corruption>>
<<Corruption>>
<<Corruption>>
<<Corruption>>
<<Corruption>>
<<Corruption>>
<<<<"SYN", 0>>, Corruption>>
<<Corruption>>
<<<<"SYN", 0>>, Corruption>>
<<Corruption>>
<<Corruption>>
<<Corruption>>
<<Corruption>>
<<Corruption>>
<<Corruption>>
<<<<"SYN", 0>>, Corruption>>
<<<<"SYN", 0>>, Corruption>>
<<Corruption>>
<<<<"SYN", 0>>, Corruption>>
<<Corruption>>
<<Corruption>>
<<<<"SYN", 0>>, Corruption>>
<<Corruption>>
<<Corruption>>
<<Corruption>>
<<Corruption>>
<<Corruption>>
<<Corruption>>
<<Corruption>>
<<Corruption>>
<<Corruption>>
<<Corruption>>
<<Corruption>>
<<Corruption>>
<<Corruption>>
<<Corruption>>
<<Corruption>>
<<Corruption>>
<<Corruption>>
<<Corruption>>
<<Corruption>>
<<Corruption>>
<<Corruption>>
<<Corruption>>
<<Corruption>>
<<Corruption>>
<<<<"ACK", 0>>>>
<<Corruption>>
<<Corruption>>
<<<<"ACK", 0>>>>
<<<<"ACK", 0>>>>
<<<<"ACK", 0>>>>
<<Corruption>>
<<<<"ACK", 0>>>>
<<Corruption>>
<<Corruption>>
<<<<"ACK", 0>>, Corruption>>
<<<<"ACK", 0>>>>
<<Corruption>>
<<<<"ACK", 0>>, Corruption>>
<<<<"ACK", 0>>>>
<<<<"ACK", 0>>, Corruption>>
<<<<"ACK", 0>>>>
<<<<"ACK", 0>>>>
<<Corruption>>
<<Corruption>>
<<<<"ACK", 0>>, Corruption>>
<<<<"ACK", 0>>, Corruption>>
<<<<"ACK", 0>>>>
<<<<"ACK", 0>>, Corruption>>
<<<<"ACK", 0>>>>
<<<<"ACK", 0>>, Corruption>>
<<<<"ACK", 0>>>>
<<<<"ACK", 0>>, Corruption>>
<<<<"ACK", 0>>>>
<<<<"ACK", 0>>, Corruption>>
<<<<"ACK", 0>>, Corruption>>
<<<<"ACK", 0>>>>
<<<<"ACK", 0>>>>
<<<<"ACK", 0>>, Corruption>>
<<<<"ACK", 0>>>>
<<<<"ACK", 0>>, Corruption>>
<<<<"ACK", 0>>, Corruption>>
<<<<"ACK", 0>>>>
<<<<"ACK", 0>>, Corruption>>
<<<<"ACK", 0>>, Corruption>>
<<<<"ACK", 0>>, Corruption>>
<<<<"ACK", 0>>, Corruption>>
<<<<"ACK", 0>>>>
<<<<"ACK", 0>>, Corruption>>
<<<<"ACK", 0>>, Corruption>>
<<<<"ACK", 0>>>>
<<<<"ACK", 0>>, Corruption>>
<<<<"ACK", 0>>>>
<<<<"ACK", 0>>>>
<<<<"ACK", 0>>>>
<<<<"ACK", 0>>, Corruption>>
<<<<"ACK", 0>>>>
<<<<"ACK", 0>>, Corruption>>
<<<<"ACK", 0>>>>
<<<<"ACK", 0>>>>
<<<<"ACK", 0>>, Corruption>>
<<<<"ACK", 0>>>>
<<<<"ACK", 0>>, Corruption>>
<<<<"ACK", 0>>, Corruption>>
<<<<"ACK", 0>>>>
<<<<"ACK", 0>>, Corruption>>
<<<<"ACK", 0>>>>
<<<<"ACK", 0>>>>
<<<<"ACK", 0>>>>
<<<<"ACK", 0>>>>
<<<<"ACK", 0>>>>
<<<<"ACK", 0>>>>
<<<<"ACK", 0>>>>
<<<<"ACK", 0>>, Corruption>>
<<<<"ACK", 0>>>>
<<<<"ACK", 0>>>>
<<<<"ACK", 0>>, Corruption>>
<<<<"ACK", 0>>>>
<<<<"ACK", 0>>>>
<<<<"SYN", 0>>>>
<<<<"ACK", 0>>, Corruption>>
<<<<"ACK", 0>>, Corruption>>
<<<<"SYN", 0>>>>
<<<<"ACK", 0>>, Corruption>>
<<<<"SYN", 0>>>>
<<<<"SYN", 0>>>>
<<<<"ACK", 0>>, Corruption>>
<<<<"ACK", 0>>, Corruption>>
<<<<"SYN", 0>>>>
<<<<"SYN", 0>>>>
<<<<"SYN", 0>>>>
<<<<"SYN", 0>>>>
<<<<"SYN", 0>>>>
<<<<"SYN", 0>>>>
<<<<"SYN", 0>>>>
<<<<"SYN", 0>>>>
<<<<"SYN", 0>>>>
<<<<"SYN", 0>>>>
<<<<"SYN", 0>>>>
<<<<"SYN", 0>>>>
<<<<"SYN", 0>>>>
<<<<"ACK", 0>>>>
<<<<"SYN", 0>>>>
<<<<"SYN", 0>>>>
<<<<"SYN", 0>>>>
<<<<"SYN", 0>>>>
<<<<"ACK", 0>>, Corruption>>
<<<<"SYN", 0>>>>
<<<<"SYN", 0>>>>
<<<<"SYN", 0>>>>
<<<<"SYN", 0>>>>
<<<<"SYN", 0>>>>
<<<<"SYN", 0>>>>
<<<<"SYN", 0>>>>
<<<<"SYN", 0>>>>
<<<<"SYN", 0>>>>
<<<<"SYN", 0>>>>
<<<<"SYN", 0>>>>
<<<<"SYN", 0>>>>
<<<<"SYN", 0>>>>
<<<<"SYN", 0>>>>
<<<<"SYN", 0>>>>
<<<<"SYN", 0>>>>
<<<<"SYN", 0>>, Corruption>>
<<<<"SYN", 0>>>>
<<<<"SYN", 0>>>>
<<<<"ACK", 0>>, Corruption>>
<<<<"ACK", 0>>, Corruption>>
<<<<"SYN", 0>>>>
<<<<"SYN", 0>>, Corruption>>
<<<<"ACK", 0>>, Corruption>>
<<<<"SYN", 0>>>>
<<<<"SYN", 0>>, Corruption>>
<<<<"SYN", 0>>>>
<<<<"SYN", 0>>, Corruption>>
<<<<"SYN", 0>>, Corruption>>
<<<<"SYN", 0>>, Corruption>>
<<<<"SYN", 0>>, Corruption>>
<<<<"SYN", 0>>, Corruption>>
<<<<"SYN", 0>>, Corruption>>
<<<<"ACK", 0>>, Corruption>>
<<<<"SYN", 0>>, Corruption>>
<<<<"SYN", 0>>, Corruption>>
<<<<"SYN", 0>>, Corruption>>
<<<<"SYN", 0>>, Corruption>>
<<<<"SYN", 0>>, Corruption>>
<<<<"ACK", 0>>, Corruption>>
<<<<"SYN", 0>>, Corruption>>
<<<<"SYN", 0>>, Corruption>>
<<<<"SYN", 0>>, Corruption>>
<<<<"SYN", 0>>, Corruption>>
<<<<"SYN", 0>>, Corruption>>
<<<<"SYN", 0>>, Corruption>>
<<<<"SYN", 0>>, Corruption>>
<<<<"SYN", 0>>, Corruption>>
<<<<"SYN", 0>>, Corruption>>
<<<<"SYN", 0>>, Corruption>>
<<<<"SYN", 0>>, Corruption>>
<<<<"SYN", 0>>, Corruption>>
<<<<"SYN", 0>>, Corruption>>
<<<<"SYN", 0>>, Corruption>>
<<Corruption>>
<<<<"SYN", 0>>, Corruption>>
<<<<"SYN", 0>>, Corruption>>
<<<<"SYN", 0>>, Corruption>>
<<Corruption>>
<<<<"SYN", 0>>, Corruption>>
<<<<"SYN", 0>>, Corruption>>
<<Corruption>>
<<<<"SYN", 0>>, Corruption>>
<<<<"SYN", 0>>, Corruption>>
<<Corruption>>
<<<<"SYN", 0>>, Corruption>>
<<Corruption>>
<<<<"SYN", 0>>, Corruption>>
<<Corruption>>
<<<<"SYN", 0>>, Corruption>>
<<Corruption>>
<<Corruption>>
<<Corruption>>
<<Corruption>>
<<Corruption>>
<<Corruption>>
<<Corruption>>
<<Corruption>>
<<Corruption>>
<<Corruption>>
<<Corruption>>
<<Corruption>>
<<Corruption>>
<<Corruption>>
<<Corruption>>
<<Corruption>>
<<Corruption>>
<<Corruption>>
<<Corruption>>
<<Corruption>>
<<<<"SYN", 0>>, Corruption>>
<<<<"SYN", 0>>, Corruption>>
<<Corruption>>
<<<<"SYN", 0>>, Corruption>>
<<Corruption>>
<<Corruption>>
<<<<"SYN", 0>>, Corruption>>
<<Corruption>>
<<Corruption>>
<<Corruption>>
<<Corruption>>
<<<<"ACK", 0>>>>
<<Corruption>>
<<Corruption>>
<<Corruption>>
<<<<"ACK", 0>>>>
<<Corruption>>
<<Corruption>>
<<<<"ACK", 0>>>>
<<<<"ACK", 0>>>>
<<Corruption>>
<<Corruption>>
<<<<"ACK", 0>>>>
<<Corruption>>
<<<<"ACK", 0>>, Corruption>>
<<<<"ACK", 0>>>>
<<<<"ACK", 0>>>>
<<<<"ACK", 0>>>>
<<<<"ACK", 0>>, Corruption>>
<<<<"ACK", 0>>, Corruption>>
<<<<"ACK", 0>>, Corruption>>
<<<<"ACK", 0>>>>
<<<<"ACK", 0>>, Corruption>>
<<<<"ACK", 0>>, Corruption>>
<<<<"ACK", 0>>, Corruption>>
<<<<"ACK", 0>>, Corruption>>
<<<<"ACK", 0>>>>
<<<<"ACK", 0>>>>
<<<<"ACK", 0>>, Corruption>>
<<<<"ACK", 0>>, Corruption>>
<<<<"ACK", 0>>, Corruption>>
<<<<"ACK", 0>>>>
<<<<"ACK", 0>>, Corruption>>
<<<<"ACK", 0>>>>
<<<<"ACK", 0>>>>
<<<<"ACK", 0>>>>
<<<<"ACK", 0>>, Corruption>>
<<<<"ACK", 0>>>>
<<Corruption>>
<<<<"ACK", 0>>, Corruption>>
<<<<"ACK", 0>>, Corruption>>
<<<<"ACK", 0>>>>
<<<<"SYN", 0>>>>
<<<<"SYN", 0>>>>
<<<<"ACK", 0>>, Corruption>>
<<<<"ACK", 0>>, Corruption>>
<<<<"ACK", 0>>>>
<<<<"SYN", 0>>>>
<<<<"ACK", 0>>>>
<<<<"SYN", 0>>>>
<<<<"ACK", 0>>>>
<<<<"ACK", 0>>>>
<<<<"ACK", 0>>, Corruption>>
<<<<"ACK", 0>>, Corruption>>
<<<<"SYN", 0>>>>
<<<<"SYN", 0>>>>
<<<<"SYN", 0>>>>
<<<<"ACK", 0>>, Corruption>>
<<<<"SYN", 0>>, Corruption>>
<<<<"ACK", 0>>, Corruption>>
<<<<"SYN", 0>>, Corruption>>
<<<<"SYN", 0>>, Corruption>>
<<<<"SYN", 0>>, Corruption>>
<<<<"SYN", 0>>, Corruption>>
<<<<"SYN", 0>>, Corruption>>
<<<<"SYN", 0>>, Corruption>>
<<<<"SYN", 0>>, Corruption>>
<<<<"SYN", 0>>>>
<<<<"SYN", 0>>, Corruption>>
<<<<"SYN", 0>>, Corruption>>
<<<<"SYN", 0>>, Corruption>>
<<<<"SYN", 0>>, Corruption>>
<<<<"SYN", 0>>, Corruption>>
<<<<"SYN", 0>>, Corruption>>
<<<<"SYN", 0>>, Corruption>>
<<<<"SYN", 0>>>>
<<<<"SYN", 0>>>>
<<<<"SYN", 0>>>>
<<<<"SYN", 0>>>>
<<<<"SYN", 0>>>>
<<<<"SYN", 0>>>>
<<<<"SYN", 0>>>>
<<<<"SYN", 0>>>>
<<<<"SYN", 0>>>>
<<<<"SYN", 0>>>>
<<<<"SYN", 0>>>>
<<<<"SYN", 0>>>>
<<<<"SYN", 0>>>>
<<<<"SYN", 0>>>>
<<<<"SYN", 0>>, Corruption>>
<<<<"SYN", 0>>, Corruption>>
<<<<"SYN", 0>>>>
<<<<"SYN", 0>>, Corruption>>
<<<<"SYN", 0>>>>
<<<<"SYN", 0>>>>
<<<<"SYN", 0>>>>
<<<<"SYN", 0>>>>
<<<<"SYN", 0>>>>
<<<<"SYN", 0>>>>
<<<<"SYN", 0>>>>
<<<<"SYN", 0>>, Corruption>>
<<<<"SYN", 0>>, Corruption>>
<<Corruption>>
<<<<"SYN", 0>>, Corruption>>
<<<<"SYN", 0>>, Corruption>>
<<Corruption>>
<<<<"SYN", 0>>, Corruption>>
<<Corruption>>
<<Corruption>>
<<Corruption>>
<<Corruption>>
<<Corruption>>
<<Corruption>>
<<Corruption>>
<<Corruption>>
<<<<"SYN", 0>>, Corruption>>
<<Corruption>>
<<Corruption>>
<<<<"SYN", 0>>, Corruption>>
<<Corruption>>
<<<<"SYN", 0>>, Corruption>>
<<Corruption>>
<<Corruption>>
<<<<"SYN", 0>>, Corruption>>
<<Corruption>>
<<Corruption>>
<<<<"SYN", 0>>, Corruption>>
<<Corruption>>
<<Corruption>>
<<<<"ACK", 0>>>>
<<Corruption>>
<<Corruption>>
<<Corruption>>
<<Corruption>>
<<<<"ACK", 0>>>>
<<Corruption>>
<<<<"ACK", 0>>>>
<<Corruption>>
<<<<"ACK", 0>>>>
<<Corruption>>
<<<<"ACK", 0>>>>
<<<<"SYN", 0>>, Corruption>>
<<<<"SYN", 0>>, Corruption>>
<<Corruption>>
<<Corruption>>
<<<<"ACK", 0>>>>
<<<<"ACK", 0>>, Corruption>>
<<Corruption>>
<<<<"ACK", 0>>, Corruption>>
<<<<"ACK", 0>>>>
<<Corruption>>
<<<<"ACK", 0>>, Corruption>>
<<<<"ACK", 0>>>>
<<<<"ACK", 0>>>>
<<<<"ACK", 0>>, Corruption>>
<<<<"ACK", 0>>>>
<<<<"ACK", 0>>, Corruption>>
<<<<"ACK", 0>>>>
<<<<"ACK", 0>>>>
<<<<"ACK", 0>>>>
<<<<"ACK", 0>>>>
<<<<"ACK", 0>>, Corruption>>
<<<<"ACK", 0>>>>
<<<<"ACK", 0>>, Corruption>>
<<<<"ACK", 0>>, Corruption>>
<<<<"ACK", 0>>, Corruption>>
<<<<"ACK", 0>>, Corruption>>
<<<<"ACK", 0>>, Corruption>>
<<<<"ACK", 0>>, Corruption>>
<<<<"ACK", 0>>, Corruption>>
<<<<"ACK", 0>>, Corruption>>
<<<<"ACK", 0>>, Corruption>>
@!@!@STARTMSG 2200:0 @!@!@
Progress(14) at 2019-06-17 00:10:55: 1,632 states generated, 392 distinct states found, 0 states left on queue.
@!@!@ENDMSG 2200 @!@!@
@!@!@STARTMSG 2192:0 @!@!@
Checking temporal properties for the complete state space with 392 total distinct states at (2019-06-17 00:10:55)
@!@!@ENDMSG 2192 @!@!@
@!@!@STARTMSG 2116:1 @!@!@
Temporal properties were violated.

@!@!@ENDMSG 2116 @!@!@
@!@!@STARTMSG 2264:1 @!@!@
The following behavior constitutes a counter-example:

@!@!@ENDMSG 2264 @!@!@
<<Corruption>>
<<Corruption>>
<<Corruption>>
<<Corruption>>
<<Corruption>>
@!@!@STARTMSG 2217:4 @!@!@
1: <Initial predicate>
/\ senderState = "WAITING"
/\ ackWireIn = <<>>
/\ ackWireOut = <<>>
/\ dataWireOut = <<>>
/\ dataWireIn = <<>>
/\ output = <<>>
/\ ackSeqNum = 0
/\ senderIdx = 1
/\ senderPc = [ SendSynAck |-> "A_S",
  SynAck |-> "A_",
  ReceiveButFirst |-> "A_R",
  Sender |-> "A_s",
  ACK |-> "A" ]
/\ receiverState = "WAITING"

@!@!@ENDMSG 2217 @!@!@
@!@!@STARTMSG 2217:4 @!@!@
2: <Next line 36, col 12 to line 36, col 98 of module ass3>
/\ senderState = "WAITING"
/\ ackWireIn = <<<<"SYN", 0>>>>
/\ ackWireOut = <<>>
/\ dataWireOut = <<>>
/\ dataWireIn = <<>>
/\ output = <<>>
/\ ackSeqNum = 0
/\ senderIdx = 1
/\ senderPc = [ SendSynAck |-> "A_S",
  SynAck |-> "A_",
  ReceiveButFirst |-> "A_R",
  Sender |-> "A_s",
  ACK |-> "A" ]
/\ receiverState = "WAITING"

@!@!@ENDMSG 2217 @!@!@
@!@!@STARTMSG 2217:4 @!@!@
3: <Next line 35, col 12 to line 35, col 132 of module ass3>
/\ senderState = "WAITING"
/\ ackWireIn = <<>>
/\ ackWireOut = <<<<"SYN", 0>>>>
/\ dataWireOut = <<>>
/\ dataWireIn = <<>>
/\ output = <<>>
/\ ackSeqNum = 0
/\ senderIdx = 1
/\ senderPc = [ SendSynAck |-> "A_S",
  SynAck |-> "A_",
  ReceiveButFirst |-> "A_R",
  Sender |-> "A_s",
  ACK |-> "A" ]
/\ receiverState = "WAITING"

@!@!@ENDMSG 2217 @!@!@
@!@!@STARTMSG 2217:4 @!@!@
4: <Next line 33, col 12 to line 33, col 96 of module ass3>
/\ senderState = "OPENING"
/\ ackWireIn = <<>>
/\ ackWireOut = <<>>
/\ dataWireOut = <<>>
/\ dataWireIn = <<>>
/\ output = <<>>
/\ ackSeqNum = 0
/\ senderIdx = 1
/\ senderPc = [ SendSynAck |-> "A_S",
  SynAck |-> "A_",
  ReceiveButFirst |-> "A_R",
  Sender |-> "A_s",
  ACK |-> "A" ]
/\ receiverState = "WAITING"

@!@!@ENDMSG 2217 @!@!@
@!@!@STARTMSG 2217:4 @!@!@
5: <Next line 36, col 12 to line 36, col 98 of module ass3>
/\ senderState = "OPENING"
/\ ackWireIn = <<<<"SYN", 0>>>>
/\ ackWireOut = <<>>
/\ dataWireOut = <<>>
/\ dataWireIn = <<>>
/\ output = <<>>
/\ ackSeqNum = 0
/\ senderIdx = 1
/\ senderPc = [ SendSynAck |-> "A_S",
  SynAck |-> "A_",
  ReceiveButFirst |-> "A_R",
  Sender |-> "A_s",
  ACK |-> "A" ]
/\ receiverState = "WAITING"

@!@!@ENDMSG 2217 @!@!@
@!@!@STARTMSG 2217:4 @!@!@
6: <Next line 35, col 12 to line 35, col 132 of module ass3>
/\ senderState = "OPENING"
/\ ackWireIn = <<>>
/\ ackWireOut = <<Corruption>>
/\ dataWireOut = <<>>
/\ dataWireIn = <<>>
/\ output = <<>>
/\ ackSeqNum = 0
/\ senderIdx = 1
/\ senderPc = [ SendSynAck |-> "A_S",
  SynAck |-> "A_",
  ReceiveButFirst |-> "A_R",
  Sender |-> "A_s",
  ACK |-> "A" ]
/\ receiverState = "WAITING"

@!@!@ENDMSG 2217 @!@!@
@!@!@STARTMSG 2217:4 @!@!@
7: <Next line 33, col 12 to line 33, col 96 of module ass3>
/\ senderState = "OPENING"
/\ ackWireIn = <<>>
/\ ackWireOut = <<Corruption>>
/\ dataWireOut = <<>>
/\ dataWireIn = <<>>
/\ output = <<>>
/\ ackSeqNum = 0
/\ senderIdx = 1
/\ senderPc = [ SendSynAck |-> "A_S",
  SynAck |-> "Done",
  ReceiveButFirst |-> "A_R",
  Sender |-> "A_s",
  ACK |-> "A" ]
/\ receiverState = "WAITING"

@!@!@ENDMSG 2217 @!@!@
@!@!@STARTMSG 2217:4 @!@!@
8: <Next line 33, col 12 to line 33, col 96 of module ass3>
/\ senderState = "OPENING"
/\ ackWireIn = <<>>
/\ ackWireOut = <<Corruption>>
/\ dataWireOut = <<>>
/\ dataWireIn = <<<<0, "SYNACK">>>>
/\ output = <<>>
/\ ackSeqNum = 0
/\ senderIdx = 1
/\ senderPc = [ SendSynAck |-> "A_S",
  SynAck |-> "Done",
  ReceiveButFirst |-> "A_R",
  Sender |-> "A_s",
  ACK |-> "A" ]
/\ receiverState = "WAITING"

@!@!@ENDMSG 2217 @!@!@
@!@!@STARTMSG 2217:4 @!@!@
9: <Next line 34, col 12 to line 34, col 131 of module ass3>
/\ senderState = "OPENING"
/\ ackWireIn = <<>>
/\ ackWireOut = <<Corruption>>
/\ dataWireOut = <<<<0, "SYNACK">>>>
/\ dataWireIn = <<>>
/\ output = <<>>
/\ ackSeqNum = 0
/\ senderIdx = 1
/\ senderPc = [ SendSynAck |-> "A_S",
  SynAck |-> "Done",
  ReceiveButFirst |-> "A_R",
  Sender |-> "A_s",
  ACK |-> "A" ]
/\ receiverState = "WAITING"

@!@!@ENDMSG 2217 @!@!@
@!@!@STARTMSG 2217:4 @!@!@
10: <Next line 36, col 12 to line 36, col 98 of module ass3>
/\ senderState = "OPENING"
/\ ackWireIn = <<>>
/\ ackWireOut = <<Corruption>>
/\ dataWireOut = <<>>
/\ dataWireIn = <<>>
/\ output = <<>>
/\ ackSeqNum = 0
/\ senderIdx = 1
/\ senderPc = [ SendSynAck |-> "A_S",
  SynAck |-> "Done",
  ReceiveButFirst |-> "A_R",
  Sender |-> "A_s",
  ACK |-> "A" ]
/\ receiverState = "OPEN"

@!@!@ENDMSG 2217 @!@!@
@!@!@STARTMSG 2217:4 @!@!@
11: <Next line 33, col 12 to line 33, col 96 of module ass3>
/\ senderState = "OPENING"
/\ ackWireIn = <<>>
/\ ackWireOut = <<Corruption>>
/\ dataWireOut = <<>>
/\ dataWireIn = <<<<0, "SYNACK">>>>
/\ output = <<>>
/\ ackSeqNum = 0
/\ senderIdx = 1
/\ senderPc = [ SendSynAck |-> "A_S",
  SynAck |-> "Done",
  ReceiveButFirst |-> "A_R",
  Sender |-> "A_s",
  ACK |-> "A" ]
/\ receiverState = "OPEN"

@!@!@ENDMSG 2217 @!@!@
<<Corruption>>
@!@!@STARTMSG 2217:4 @!@!@
12: <Next line 34, col 12 to line 34, col 131 of module ass3>
/\ senderState = "OPENING"
/\ ackWireIn = <<>>
/\ ackWireOut = <<Corruption>>
/\ dataWireOut = <<<<0, "SYNACK">>, Corruption>>
/\ dataWireIn = <<>>
/\ output = <<>>
/\ ackSeqNum = 0
/\ senderIdx = 1
/\ senderPc = [ SendSynAck |-> "A_S",
  SynAck |-> "Done",
  ReceiveButFirst |-> "A_R",
  Sender |-> "A_s",
  ACK |-> "A" ]
/\ receiverState = "OPEN"

@!@!@ENDMSG 2217 @!@!@
<<Corruption>>
@!@!@STARTMSG 2217:4 @!@!@
13: <Next line 33, col 12 to line 33, col 96 of module ass3>
/\ senderState = "OPENING"
/\ ackWireIn = <<>>
/\ ackWireOut = <<>>
/\ dataWireOut = <<<<0, "SYNACK">>, Corruption>>
/\ dataWireIn = <<>>
/\ output = <<>>
/\ ackSeqNum = 0
/\ senderIdx = 1
/\ senderPc = [ SendSynAck |-> "A_S",
  SynAck |-> "Done",
  ReceiveButFirst |-> "A_R",
  Sender |-> "A_s",
  ACK |-> "A" ]
/\ receiverState = "OPEN"

@!@!@ENDMSG 2217 @!@!@
@!@!@STARTMSG 2217:4 @!@!@
14: <Next line 36, col 12 to line 36, col 98 of module ass3>
/\ senderState = "OPENING"
/\ ackWireIn = <<<<"ACK", 0>>>>
/\ ackWireOut = <<>>
/\ dataWireOut = <<<<0, "SYNACK">>, Corruption>>
/\ dataWireIn = <<>>
/\ output = <<>>
/\ ackSeqNum = 0
/\ senderIdx = 1
/\ senderPc = [ SendSynAck |-> "A_S",
  SynAck |-> "Done",
  ReceiveButFirst |-> "A_R",
  Sender |-> "A_s",
  ACK |-> "A" ]
/\ receiverState = "OPEN"

@!@!@ENDMSG 2217 @!@!@
@!@!@STARTMSG 2217:4 @!@!@
15: <Next line 35, col 12 to line 35, col 132 of module ass3>
/\ senderState = "OPENING"
/\ ackWireIn = <<>>
/\ ackWireOut = <<<<"ACK", 0>>>>
/\ dataWireOut = <<<<0, "SYNACK">>, Corruption>>
/\ dataWireIn = <<>>
/\ output = <<>>
/\ ackSeqNum = 0
/\ senderIdx = 1
/\ senderPc = [ SendSynAck |-> "A_S",
  SynAck |-> "Done",
  ReceiveButFirst |-> "A_R",
  Sender |-> "A_s",
  ACK |-> "A" ]
/\ receiverState = "OPEN"

@!@!@ENDMSG 2217 @!@!@
<<<<"ACK", 0>>>>
@!@!@STARTMSG 2217:4 @!@!@
16: <Next line 33, col 12 to line 33, col 96 of module ass3>
/\ senderState = "OPENING"
/\ ackWireIn = <<>>
/\ ackWireOut = <<<<"ACK", 0>>>>
/\ dataWireOut = <<<<0, "SYNACK">>, Corruption>>
/\ dataWireIn = <<<<0, "SYNACK">>>>
/\ output = <<>>
/\ ackSeqNum = 0
/\ senderIdx = 1
/\ senderPc = [ SendSynAck |-> "A_S",
  SynAck |-> "Done",
  ReceiveButFirst |-> "A_R",
  Sender |-> "A_s",
  ACK |-> "A" ]
/\ receiverState = "OPEN"

@!@!@ENDMSG 2217 @!@!@
<<<<"ACK", 0>>>>
@!@!@STARTMSG 2217:4 @!@!@
17: <Next line 33, col 12 to line 33, col 96 of module ass3>
/\ senderState = "OPENING"
/\ ackWireIn = <<>>
/\ ackWireOut = <<>>
/\ dataWireOut = <<<<0, "SYNACK">>, Corruption>>
/\ dataWireIn = <<<<0, "SYNACK">>>>
/\ output = <<>>
/\ ackSeqNum = 0
/\ senderIdx = 1
/\ senderPc = [ SendSynAck |-> "A_S",
  SynAck |-> "Done",
  ReceiveButFirst |-> "A_R",
  Sender |-> "A_s",
  ACK |-> "A" ]
/\ receiverState = "OPEN"

@!@!@ENDMSG 2217 @!@!@
@!@!@STARTMSG 2217:4 @!@!@
18: <Next line 36, col 12 to line 36, col 98 of module ass3>
/\ senderState = "OPENING"
/\ ackWireIn = <<<<"ACK", 0>>>>
/\ ackWireOut = <<>>
/\ dataWireOut = <<<<0, "SYNACK">>, Corruption>>
/\ dataWireIn = <<<<0, "SYNACK">>>>
/\ output = <<>>
/\ ackSeqNum = 0
/\ senderIdx = 1
/\ senderPc = [ SendSynAck |-> "A_S",
  SynAck |-> "Done",
  ReceiveButFirst |-> "A_R",
  Sender |-> "A_s",
  ACK |-> "A" ]
/\ receiverState = "OPEN"

@!@!@ENDMSG 2217 @!@!@
@!@!@STARTMSG 2217:4 @!@!@
19: <Next line 35, col 12 to line 35, col 132 of module ass3>
/\ senderState = "OPENING"
/\ ackWireIn = <<>>
/\ ackWireOut = <<<<"ACK", 0>>, Corruption>>
/\ dataWireOut = <<<<0, "SYNACK">>, Corruption>>
/\ dataWireIn = <<<<0, "SYNACK">>>>
/\ output = <<>>
/\ ackSeqNum = 0
/\ senderIdx = 1
/\ senderPc = [ SendSynAck |-> "A_S",
  SynAck |-> "Done",
  ReceiveButFirst |-> "A_R",
  Sender |-> "A_s",
  ACK |-> "A" ]
/\ receiverState = "OPEN"

@!@!@ENDMSG 2217 @!@!@
<<<<"ACK", 0>>, Corruption>>
@!@!@STARTMSG 2217:4 @!@!@
20: <Next line 33, col 12 to line 33, col 96 of module ass3>
/\ senderState = "OPENING"
/\ ackWireIn = <<>>
/\ ackWireOut = <<Corruption>>
/\ dataWireOut = <<<<0, "SYNACK">>, Corruption>>
/\ dataWireIn = <<<<0, "SYNACK">>>>
/\ output = <<>>
/\ ackSeqNum = 0
/\ senderIdx = 1
/\ senderPc = [ SendSynAck |-> "A_S",
  SynAck |-> "Done",
  ReceiveButFirst |-> "A_R",
  Sender |-> "A_s",
  ACK |-> "A" ]
/\ receiverState = "OPEN"

@!@!@ENDMSG 2217 @!@!@
<<Corruption>>
@!@!@STARTMSG 2217:4 @!@!@
21: <Next line 36, col 12 to line 36, col 98 of module ass3>
/\ senderState = "OPENING"
/\ ackWireIn = <<>>
/\ ackWireOut = <<Corruption>>
/\ dataWireOut = <<>>
/\ dataWireIn = <<<<0, "SYNACK">>>>
/\ output = <<>>
/\ ackSeqNum = 0
/\ senderIdx = 1
/\ senderPc = [ SendSynAck |-> "A_S",
  SynAck |-> "Done",
  ReceiveButFirst |-> "A_R",
  Sender |-> "A_s",
  ACK |-> "A" ]
/\ receiverState = "OPEN"

@!@!@ENDMSG 2217 @!@!@
<<Corruption>>
@!@!@STARTMSG 2217:4 @!@!@
22: <Next line 34, col 12 to line 34, col 131 of module ass3>
/\ senderState = "OPENING"
/\ ackWireIn = <<>>
/\ ackWireOut = <<Corruption>>
/\ dataWireOut = <<<<0, "SYNACK">>>>
/\ dataWireIn = <<>>
/\ output = <<>>
/\ ackSeqNum = 0
/\ senderIdx = 1
/\ senderPc = [ SendSynAck |-> "A_S",
  SynAck |-> "Done",
  ReceiveButFirst |-> "A_R",
  Sender |-> "A_s",
  ACK |-> "A" ]
/\ receiverState = "OPEN"

@!@!@ENDMSG 2217 @!@!@
<<Corruption>>
@!@!@STARTMSG 2217:4 @!@!@
23: <Next line 36, col 12 to line 36, col 98 of module ass3>
/\ senderState = "OPENING"
/\ ackWireIn = <<>>
/\ ackWireOut = <<Corruption>>
/\ dataWireOut = <<>>
/\ dataWireIn = <<>>
/\ output = <<>>
/\ ackSeqNum = 0
/\ senderIdx = 1
/\ senderPc = [ SendSynAck |-> "A_S",
  SynAck |-> "Done",
  ReceiveButFirst |-> "A_R",
  Sender |-> "A_s",
  ACK |-> "A" ]
/\ receiverState = "OPEN"

@!@!@ENDMSG 2217 @!@!@
<<Corruption>>
@!@!@STARTMSG 2122:4 @!@!@
11: Back to state: <Next line 33, col 12 to line 33, col 96 of module ass3>

@!@!@ENDMSG 2122 @!@!@
@!@!@STARTMSG 2267:0 @!@!@
Finished checking temporal properties in 00s at 2019-06-17 00:10:55
@!@!@ENDMSG 2267 @!@!@
@!@!@STARTMSG 2201:0 @!@!@
The coverage statistics at 2019-06-17 00:10:55
@!@!@ENDMSG 2201 @!@!@
@!@!@STARTMSG 2773:0 @!@!@
<Init line 28, col 1 to line 28, col 4 of module ass3>: 2
@!@!@ENDMSG 2773 @!@!@
@!@!@STARTMSG 2221:0 @!@!@
  line 28, col 9 to line 31, col 23 of module ass3: 2
@!@!@ENDMSG 2221 @!@!@
@!@!@STARTMSG 2772:0 @!@!@
<Next line 33, col 1 to line 33, col 4 of module ass3>: 67:724
@!@!@ENDMSG 2772 @!@!@
@!@!@STARTMSG 2221:0 @!@!@
  line 20, col 1 to line 21, col 51 of module ass3: 325
@!@!@ENDMSG 2221 @!@!@
@!@!@STARTMSG 2221:0 @!@!@
  line 20, col 1 to line 21, col 51 of module ass3: 215
@!@!@ENDMSG 2221 @!@!@
@!@!@STARTMSG 2221:0 @!@!@
  line 20, col 52 to line 20, col 61 of module ass3: 2085
@!@!@ENDMSG 2221 @!@!@
@!@!@STARTMSG 2221:0 @!@!@
  line 20, col 79 to line 20, col 88 of module ass3: 819
@!@!@ENDMSG 2221 @!@!@
@!@!@STARTMSG 2221:0 @!@!@
  line 20, col 100 to line 20, col 110 of module ass3: 1896
@!@!@ENDMSG 2221 @!@!@
@!@!@STARTMSG 2221:0 @!@!@
  line 21, col 27 to line 21, col 35 of module ass3: 282
@!@!@ENDMSG 2221 @!@!@
@!@!@STARTMSG 2221:0 @!@!@
  line 21, col 44 to line 21, col 51 of module ass3: 2799
@!@!@ENDMSG 2221 @!@!@
@!@!@STARTMSG 2221:0 @!@!@
  line 123, col 10 to line 123, col 28 of module slidingSender: 617
@!@!@ENDMSG 2221 @!@!@
@!@!@STARTMSG 2221:0 @!@!@
  |line 123, col 10 to line 123, col 21 of module slidingSender: 415
@!@!@ENDMSG 2221 @!@!@
@!@!@STARTMSG 2221:0 @!@!@
  line 124, col 13 to line 124, col 29 of module slidingSender: 206
@!@!@ENDMSG 2221 @!@!@
@!@!@STARTMSG 2221:0 @!@!@
  line 125, col 21 to line 125, col 36 of module slidingSender: 18
@!@!@ENDMSG 2221 @!@!@
@!@!@STARTMSG 2221:0 @!@!@
  |line 125, col 21 to line 125, col 29 of module slidingSender: 11
@!@!@ENDMSG 2221 @!@!@
@!@!@STARTMSG 2221:0 @!@!@
  |line 125, col 33 to line 125, col 36 of module slidingSender: 11
@!@!@ENDMSG 2221 @!@!@
@!@!@STARTMSG 2221:0 @!@!@
  line 126, col 24 to line 126, col 48 of module slidingSender: 7
@!@!@ENDMSG 2221 @!@!@
@!@!@STARTMSG 2221:0 @!@!@
  line 127, col 29 to line 127, col 49 of module slidingSender: 5
@!@!@ENDMSG 2221 @!@!@
@!@!@STARTMSG 2221:0 @!@!@
  line 128, col 29 to line 129, col 45 of module slidingSender: 2
@!@!@ENDMSG 2221 @!@!@
@!@!@STARTMSG 2221:0 @!@!@
  line 130, col 21 to line 130, col 37 of module slidingSender: 7
@!@!@ENDMSG 2221 @!@!@
@!@!@STARTMSG 2221:0 @!@!@
  line 131, col 21 to line 131, col 56 of module slidingSender: 7
@!@!@ENDMSG 2221 @!@!@
@!@!@STARTMSG 2221:0 @!@!@
  line 132, col 21 to line 132, col 58 of module slidingSender: 195
@!@!@ENDMSG 2221 @!@!@
@!@!@STARTMSG 2221:0 @!@!@
  line 133, col 21 to line 133, col 52 of module slidingSender: 195
@!@!@ENDMSG 2221 @!@!@
@!@!@STARTMSG 2221:0 @!@!@
  line 134, col 10 to line 134, col 47 of module slidingSender: 202
@!@!@ENDMSG 2221 @!@!@
@!@!@STARTMSG 2221:0 @!@!@
  line 138, col 11 to line 138, col 34 of module slidingSender: 619
@!@!@ENDMSG 2221 @!@!@
@!@!@STARTMSG 2221:0 @!@!@
  |line 138, col 11 to line 138, col 26 of module slidingSender: 415
@!@!@ENDMSG 2221 @!@!@
@!@!@STARTMSG 2221:0 @!@!@
  line 139, col 11 to line 139, col 27 of module slidingSender: 619
@!@!@ENDMSG 2221 @!@!@
@!@!@STARTMSG 2221:0 @!@!@
  |line 139, col 11 to line 139, col 15 of module slidingSender: 415
@!@!@ENDMSG 2221 @!@!@
@!@!@STARTMSG 2221:0 @!@!@
  line 139, col 32 to line 139, col 48 of module slidingSender: 608
@!@!@ENDMSG 2221 @!@!@
@!@!@STARTMSG 2221:0 @!@!@
  |line 139, col 32 to line 139, col 41 of module slidingSender: 404
@!@!@ENDMSG 2221 @!@!@
@!@!@STARTMSG 2221:0 @!@!@
  |line 139, col 45 to line 139, col 48 of module slidingSender: 404
@!@!@ENDMSG 2221 @!@!@
@!@!@STARTMSG 2221:0 @!@!@
  line 140, col 11 to line 140, col 43 of module slidingSender: 204
@!@!@ENDMSG 2221 @!@!@
@!@!@STARTMSG 2221:0 @!@!@
  line 141, col 11 to line 141, col 51 of module slidingSender: 204
@!@!@ENDMSG 2221 @!@!@
@!@!@STARTMSG 2221:0 @!@!@
  line 142, col 11 to line 142, col 54 of module slidingSender: 204
@!@!@ENDMSG 2221 @!@!@
@!@!@STARTMSG 2221:0 @!@!@
  line 146, col 11 to line 146, col 39 of module slidingSender: 733
@!@!@ENDMSG 2221 @!@!@
@!@!@STARTMSG 2221:0 @!@!@
  |line 146, col 11 to line 146, col 31 of module slidingSender: 415
@!@!@ENDMSG 2221 @!@!@
@!@!@STARTMSG 2221:0 @!@!@
  line 147, col 11 to line 147, col 27 of module slidingSender: 733
@!@!@ENDMSG 2221 @!@!@
@!@!@STARTMSG 2221:0 @!@!@
  |line 147, col 11 to line 147, col 15 of module slidingSender: 415
@!@!@ENDMSG 2221 @!@!@
@!@!@STARTMSG 2221:0 @!@!@
  line 147, col 32 to line 147, col 47 of module slidingSender: 722
@!@!@ENDMSG 2221 @!@!@
@!@!@STARTMSG 2221:0 @!@!@
  |line 147, col 32 to line 147, col 40 of module slidingSender: 404
@!@!@ENDMSG 2221 @!@!@
@!@!@STARTMSG 2221:0 @!@!@
  |line 147, col 44 to line 147, col 47 of module slidingSender: 404
@!@!@ENDMSG 2221 @!@!@
@!@!@STARTMSG 2221:0 @!@!@
  line 148, col 14 to line 148, col 106 of module slidingSender: 318
@!@!@ENDMSG 2221 @!@!@
@!@!@STARTMSG 2221:0 @!@!@
  |line 148, col 14 to line 148, col 71 of module slidingSender: 318
@!@!@ENDMSG 2221 @!@!@
@!@!@STARTMSG 2221:0 @!@!@
  ||line 148, col 14 to line 148, col 41 of module slidingSender: 318
@!@!@ENDMSG 2221 @!@!@
@!@!@STARTMSG 2221:0 @!@!@
  ||line 148, col 46 to line 148, col 71 of module slidingSender: 227
@!@!@ENDMSG 2221 @!@!@
@!@!@STARTMSG 2221:0 @!@!@
  |line 148, col 76 to line 148, col 106 of module slidingSender: 67
@!@!@ENDMSG 2221 @!@!@
@!@!@STARTMSG 2221:0 @!@!@
  line 150, col 19 to line 151, col 35 of module slidingSender: 318
@!@!@ENDMSG 2221 @!@!@
@!@!@STARTMSG 2221:0 @!@!@
  line 152, col 11 to line 152, col 38 of module slidingSender: 318
@!@!@ENDMSG 2221 @!@!@
@!@!@STARTMSG 2221:0 @!@!@
  line 153, col 11 to line 153, col 56 of module slidingSender: 318
@!@!@ENDMSG 2221 @!@!@
@!@!@STARTMSG 2221:0 @!@!@
  line 154, col 11 to line 154, col 48 of module slidingSender: 318
@!@!@ENDMSG 2221 @!@!@
@!@!@STARTMSG 2221:0 @!@!@
  line 158, col 11 to line 158, col 30 of module slidingSender: 415
@!@!@ENDMSG 2221 @!@!@
@!@!@STARTMSG 2221:0 @!@!@
  line 159, col 14 to line 159, col 30 of module slidingSender: 415
@!@!@ENDMSG 2221 @!@!@
@!@!@STARTMSG 2221:0 @!@!@
  line 160, col 14 to line 160, col 39 of module slidingSender: 215
@!@!@ENDMSG 2221 @!@!@
@!@!@STARTMSG 2221:0 @!@!@
  line 161, col 14 to line 161, col 27 of module slidingSender: 215
@!@!@ENDMSG 2221 @!@!@
@!@!@STARTMSG 2221:0 @!@!@
  line 164, col 11 to line 164, col 54 of module slidingSender: 0
@!@!@ENDMSG 2221 @!@!@
@!@!@STARTMSG 2221:0 @!@!@
  line 168, col 9 to line 168, col 23 of module slidingSender: 415
@!@!@ENDMSG 2221 @!@!@
@!@!@STARTMSG 2221:0 @!@!@
  line 169, col 12 to line 169, col 27 of module slidingSender: 415
@!@!@ENDMSG 2221 @!@!@
@!@!@STARTMSG 2221:0 @!@!@
  line 170, col 12 to line 170, col 25 of module slidingSender: 325
@!@!@ENDMSG 2221 @!@!@
@!@!@STARTMSG 2221:0 @!@!@
  line 174, col 20 to line 174, col 39 of module slidingSender: 0
@!@!@ENDMSG 2221 @!@!@
@!@!@STARTMSG 2221:0 @!@!@
  line 177, col 9 to line 177, col 41 of module slidingSender: 0
@!@!@ENDMSG 2221 @!@!@
@!@!@STARTMSG 2221:0 @!@!@
  line 33, col 27 to line 33, col 96 of module ass3: 724
@!@!@ENDMSG 2221 @!@!@
@!@!@STARTMSG 2772:0 @!@!@
<Next line 33, col 1 to line 33, col 4 of module ass3>: 60:255
@!@!@ENDMSG 2772 @!@!@
@!@!@STARTMSG 2221:0 @!@!@
  line 23, col 67 to line 23, col 77 of module ass3: 992
@!@!@ENDMSG 2221 @!@!@
@!@!@STARTMSG 2221:0 @!@!@
  line 23, col 1 to line 23, col 77 of module ass3: 102
@!@!@ENDMSG 2221 @!@!@
@!@!@STARTMSG 2221:0 @!@!@
  line 23, col 45 to line 23, col 54 of module ass3: 2236
@!@!@ENDMSG 2221 @!@!@
@!@!@STARTMSG 2221:0 @!@!@
  line 103, col 20 to line 103, col 31 of module dataWire: 457
@!@!@ENDMSG 2221 @!@!@
@!@!@STARTMSG 2221:0 @!@!@
  |line 103, col 20 to line 103, col 24 of module dataWire: 406
@!@!@ENDMSG 2221 @!@!@
@!@!@STARTMSG 2221:0 @!@!@
  |line 103, col 28 to line 103, col 31 of module dataWire: 406
@!@!@ENDMSG 2221 @!@!@
@!@!@STARTMSG 2221:0 @!@!@
  line 103, col 36 to line 103, col 48 of module dataWire: 249
@!@!@ENDMSG 2221 @!@!@
@!@!@STARTMSG 2221:0 @!@!@
  |line 103, col 36 to line 103, col 41 of module dataWire: 198
@!@!@ENDMSG 2221 @!@!@
@!@!@STARTMSG 2221:0 @!@!@
  |line 103, col 45 to line 103, col 48 of module dataWire: 198
@!@!@ENDMSG 2221 @!@!@
@!@!@STARTMSG 2221:0 @!@!@
  line 104, col 20 to line 104, col 34 of module dataWire: 51
@!@!@ENDMSG 2221 @!@!@
@!@!@STARTMSG 2221:0 @!@!@
  line 105, col 20 to line 105, col 32 of module dataWire: 51
@!@!@ENDMSG 2221 @!@!@
@!@!@STARTMSG 2221:0 @!@!@
  line 107, col 24 to line 107, col 35 of module dataWire: 457
@!@!@ENDMSG 2221 @!@!@
@!@!@STARTMSG 2221:0 @!@!@
  |line 107, col 24 to line 107, col 28 of module dataWire: 406
@!@!@ENDMSG 2221 @!@!@
@!@!@STARTMSG 2221:0 @!@!@
  |line 107, col 32 to line 107, col 35 of module dataWire: 406
@!@!@ENDMSG 2221 @!@!@
@!@!@STARTMSG 2221:0 @!@!@
  line 107, col 40 to line 107, col 52 of module dataWire: 249
@!@!@ENDMSG 2221 @!@!@
@!@!@STARTMSG 2221:0 @!@!@
  |line 107, col 40 to line 107, col 45 of module dataWire: 198
@!@!@ENDMSG 2221 @!@!@
@!@!@STARTMSG 2221:0 @!@!@
  |line 107, col 49 to line 107, col 52 of module dataWire: 198
@!@!@ENDMSG 2221 @!@!@
@!@!@STARTMSG 2221:0 @!@!@
  line 108, col 24 to line 108, col 50 of module dataWire: 51
@!@!@ENDMSG 2221 @!@!@
@!@!@STARTMSG 2221:0 @!@!@
  line 109, col 24 to line 109, col 36 of module dataWire: 51
@!@!@ENDMSG 2221 @!@!@
@!@!@STARTMSG 2221:0 @!@!@
  line 111, col 22 to line 111, col 33 of module dataWire: 457
@!@!@ENDMSG 2221 @!@!@
@!@!@STARTMSG 2221:0 @!@!@
  |line 111, col 22 to line 111, col 26 of module dataWire: 406
@!@!@ENDMSG 2221 @!@!@
@!@!@STARTMSG 2221:0 @!@!@
  |line 111, col 30 to line 111, col 33 of module dataWire: 406
@!@!@ENDMSG 2221 @!@!@
@!@!@STARTMSG 2221:0 @!@!@
  line 111, col 38 to line 111, col 50 of module dataWire: 249
@!@!@ENDMSG 2221 @!@!@
@!@!@STARTMSG 2221:0 @!@!@
  |line 111, col 38 to line 111, col 43 of module dataWire: 198
@!@!@ENDMSG 2221 @!@!@
@!@!@STARTMSG 2221:0 @!@!@
  |line 111, col 47 to line 111, col 50 of module dataWire: 198
@!@!@ENDMSG 2221 @!@!@
@!@!@STARTMSG 2221:0 @!@!@
  line 112, col 22 to line 112, col 34 of module dataWire: 51
@!@!@ENDMSG 2221 @!@!@
@!@!@STARTMSG 2221:0 @!@!@
  line 113, col 22 to line 113, col 37 of module dataWire: 51
@!@!@ENDMSG 2221 @!@!@
@!@!@STARTMSG 2221:0 @!@!@
  line 115, col 21 to line 115, col 32 of module dataWire: 457
@!@!@ENDMSG 2221 @!@!@
@!@!@STARTMSG 2221:0 @!@!@
  |line 115, col 21 to line 115, col 25 of module dataWire: 406
@!@!@ENDMSG 2221 @!@!@
@!@!@STARTMSG 2221:0 @!@!@
  |line 115, col 29 to line 115, col 32 of module dataWire: 406
@!@!@ENDMSG 2221 @!@!@
@!@!@STARTMSG 2221:0 @!@!@
  line 115, col 37 to line 115, col 49 of module dataWire: 249
@!@!@ENDMSG 2221 @!@!@
@!@!@STARTMSG 2221:0 @!@!@
  |line 115, col 37 to line 115, col 42 of module dataWire: 198
@!@!@ENDMSG 2221 @!@!@
@!@!@STARTMSG 2221:0 @!@!@
  |line 115, col 46 to line 115, col 49 of module dataWire: 198
@!@!@ENDMSG 2221 @!@!@
@!@!@STARTMSG 2221:0 @!@!@
  line 116, col 21 to line 116, col 50 of module dataWire: 51
@!@!@ENDMSG 2221 @!@!@
@!@!@STARTMSG 2221:0 @!@!@
  line 117, col 21 to line 117, col 33 of module dataWire: 51
@!@!@ENDMSG 2221 @!@!@
@!@!@STARTMSG 2221:0 @!@!@
  line 119, col 25 to line 119, col 36 of module dataWire: 457
@!@!@ENDMSG 2221 @!@!@
@!@!@STARTMSG 2221:0 @!@!@
  |line 119, col 25 to line 119, col 29 of module dataWire: 406
@!@!@ENDMSG 2221 @!@!@
@!@!@STARTMSG 2221:0 @!@!@
  |line 119, col 33 to line 119, col 36 of module dataWire: 406
@!@!@ENDMSG 2221 @!@!@
@!@!@STARTMSG 2221:0 @!@!@
  line 119, col 41 to line 119, col 53 of module dataWire: 249
@!@!@ENDMSG 2221 @!@!@
@!@!@STARTMSG 2221:0 @!@!@
  |line 119, col 41 to line 119, col 46 of module dataWire: 198
@!@!@ENDMSG 2221 @!@!@
@!@!@STARTMSG 2221:0 @!@!@
  |line 119, col 50 to line 119, col 53 of module dataWire: 198
@!@!@ENDMSG 2221 @!@!@
@!@!@STARTMSG 2221:0 @!@!@
  line 120, col 25 to line 120, col 51 of module dataWire: 51
@!@!@ENDMSG 2221 @!@!@
@!@!@STARTMSG 2221:0 @!@!@
  |line 120, col 35 to line 120, col 51 of module dataWire: 51
@!@!@ENDMSG 2221 @!@!@
@!@!@STARTMSG 2221:0 @!@!@
  ||line 92, col 23 to line 92, col 46 of module dataWire: 51
@!@!@ENDMSG 2221 @!@!@
@!@!@STARTMSG 2221:0 @!@!@
  |||line 90, col 19 to line 91, col 57 of module dataWire: 102
@!@!@ENDMSG 2221 @!@!@
@!@!@STARTMSG 2221:0 @!@!@
  ||||line 90, col 22 to line 90, col 26 of module dataWire: 102
@!@!@ENDMSG 2221 @!@!@
@!@!@STARTMSG 2221:0 @!@!@
  ||||line 90, col 33 to line 90, col 36 of module dataWire: 51
@!@!@ENDMSG 2221 @!@!@
@!@!@STARTMSG 2221:0 @!@!@
  ||||line 91, col 24 to line 91, col 57 of module dataWire: 51
@!@!@ENDMSG 2221 @!@!@
@!@!@STARTMSG 2221:0 @!@!@
  |||line 92, col 35 to line 92, col 45 of module dataWire: 51
@!@!@ENDMSG 2221 @!@!@
@!@!@STARTMSG 2221:0 @!@!@
  ||line 120, col 46 to line 120, col 50 of module dataWire: 51
@!@!@ENDMSG 2221 @!@!@
@!@!@STARTMSG 2221:0 @!@!@
  line 121, col 25 to line 121, col 37 of module dataWire: 51
@!@!@ENDMSG 2221 @!@!@
@!@!@STARTMSG 2221:0 @!@!@
  line 34, col 29 to line 34, col 131 of module ass3: 255
@!@!@ENDMSG 2221 @!@!@
@!@!@STARTMSG 2772:0 @!@!@
<Next line 33, col 1 to line 33, col 4 of module ass3>: 83:265
@!@!@ENDMSG 2772 @!@!@
@!@!@STARTMSG 2221:0 @!@!@
  line 24, col 65 to line 24, col 74 of module ass3: 1162
@!@!@ENDMSG 2221 @!@!@
@!@!@STARTMSG 2221:0 @!@!@
  line 24, col 1 to line 24, col 74 of module ass3: 106
@!@!@ENDMSG 2221 @!@!@
@!@!@STARTMSG 2221:0 @!@!@
  line 24, col 44 to line 24, col 52 of module ass3: 2229
@!@!@ENDMSG 2221 @!@!@
@!@!@STARTMSG 2221:0 @!@!@
  line 103, col 20 to line 103, col 31 of module dataWire: 456
@!@!@ENDMSG 2221 @!@!@
@!@!@STARTMSG 2221:0 @!@!@
  |line 103, col 20 to line 103, col 24 of module dataWire: 403
@!@!@ENDMSG 2221 @!@!@
@!@!@STARTMSG 2221:0 @!@!@
  |line 103, col 28 to line 103, col 31 of module dataWire: 403
@!@!@ENDMSG 2221 @!@!@
@!@!@STARTMSG 2221:0 @!@!@
  line 103, col 36 to line 103, col 48 of module dataWire: 285
@!@!@ENDMSG 2221 @!@!@
@!@!@STARTMSG 2221:0 @!@!@
  |line 103, col 36 to line 103, col 41 of module dataWire: 232
@!@!@ENDMSG 2221 @!@!@
@!@!@STARTMSG 2221:0 @!@!@
  |line 103, col 45 to line 103, col 48 of module dataWire: 232
@!@!@ENDMSG 2221 @!@!@
@!@!@STARTMSG 2221:0 @!@!@
  line 104, col 20 to line 104, col 34 of module dataWire: 53
@!@!@ENDMSG 2221 @!@!@
@!@!@STARTMSG 2221:0 @!@!@
  line 105, col 20 to line 105, col 32 of module dataWire: 53
@!@!@ENDMSG 2221 @!@!@
@!@!@STARTMSG 2221:0 @!@!@
  line 107, col 24 to line 107, col 35 of module dataWire: 456
@!@!@ENDMSG 2221 @!@!@
@!@!@STARTMSG 2221:0 @!@!@
  |line 107, col 24 to line 107, col 28 of module dataWire: 403
@!@!@ENDMSG 2221 @!@!@
@!@!@STARTMSG 2221:0 @!@!@
  |line 107, col 32 to line 107, col 35 of module dataWire: 403
@!@!@ENDMSG 2221 @!@!@
@!@!@STARTMSG 2221:0 @!@!@
  line 107, col 40 to line 107, col 52 of module dataWire: 285
@!@!@ENDMSG 2221 @!@!@
@!@!@STARTMSG 2221:0 @!@!@
  |line 107, col 40 to line 107, col 45 of module dataWire: 232
@!@!@ENDMSG 2221 @!@!@
@!@!@STARTMSG 2221:0 @!@!@
  |line 107, col 49 to line 107, col 52 of module dataWire: 232
@!@!@ENDMSG 2221 @!@!@
@!@!@STARTMSG 2221:0 @!@!@
  line 108, col 24 to line 108, col 50 of module dataWire: 53
@!@!@ENDMSG 2221 @!@!@
@!@!@STARTMSG 2221:0 @!@!@
  line 109, col 24 to line 109, col 36 of module dataWire: 53
@!@!@ENDMSG 2221 @!@!@
@!@!@STARTMSG 2221:0 @!@!@
  line 111, col 22 to line 111, col 33 of module dataWire: 456
@!@!@ENDMSG 2221 @!@!@
@!@!@STARTMSG 2221:0 @!@!@
  |line 111, col 22 to line 111, col 26 of module dataWire: 403
@!@!@ENDMSG 2221 @!@!@
@!@!@STARTMSG 2221:0 @!@!@
  |line 111, col 30 to line 111, col 33 of module dataWire: 403
@!@!@ENDMSG 2221 @!@!@
@!@!@STARTMSG 2221:0 @!@!@
  line 111, col 38 to line 111, col 50 of module dataWire: 285
@!@!@ENDMSG 2221 @!@!@
@!@!@STARTMSG 2221:0 @!@!@
  |line 111, col 38 to line 111, col 43 of module dataWire: 232
@!@!@ENDMSG 2221 @!@!@
@!@!@STARTMSG 2221:0 @!@!@
  |line 111, col 47 to line 111, col 50 of module dataWire: 232
@!@!@ENDMSG 2221 @!@!@
@!@!@STARTMSG 2221:0 @!@!@
  line 112, col 22 to line 112, col 34 of module dataWire: 53
@!@!@ENDMSG 2221 @!@!@
@!@!@STARTMSG 2221:0 @!@!@
  line 113, col 22 to line 113, col 37 of module dataWire: 53
@!@!@ENDMSG 2221 @!@!@
@!@!@STARTMSG 2221:0 @!@!@
  line 115, col 21 to line 115, col 32 of module dataWire: 456
@!@!@ENDMSG 2221 @!@!@
@!@!@STARTMSG 2221:0 @!@!@
  |line 115, col 21 to line 115, col 25 of module dataWire: 403
@!@!@ENDMSG 2221 @!@!@
@!@!@STARTMSG 2221:0 @!@!@
  |line 115, col 29 to line 115, col 32 of module dataWire: 403
@!@!@ENDMSG 2221 @!@!@
@!@!@STARTMSG 2221:0 @!@!@
  line 115, col 37 to line 115, col 49 of module dataWire: 285
@!@!@ENDMSG 2221 @!@!@
@!@!@STARTMSG 2221:0 @!@!@
  |line 115, col 37 to line 115, col 42 of module dataWire: 232
@!@!@ENDMSG 2221 @!@!@
@!@!@STARTMSG 2221:0 @!@!@
  |line 115, col 46 to line 115, col 49 of module dataWire: 232
@!@!@ENDMSG 2221 @!@!@
@!@!@STARTMSG 2221:0 @!@!@
  line 116, col 21 to line 116, col 50 of module dataWire: 53
@!@!@ENDMSG 2221 @!@!@
@!@!@STARTMSG 2221:0 @!@!@
  line 117, col 21 to line 117, col 33 of module dataWire: 53
@!@!@ENDMSG 2221 @!@!@
@!@!@STARTMSG 2221:0 @!@!@
  line 119, col 25 to line 119, col 36 of module dataWire: 456
@!@!@ENDMSG 2221 @!@!@
@!@!@STARTMSG 2221:0 @!@!@
  |line 119, col 25 to line 119, col 29 of module dataWire: 403
@!@!@ENDMSG 2221 @!@!@
@!@!@STARTMSG 2221:0 @!@!@
  |line 119, col 33 to line 119, col 36 of module dataWire: 403
@!@!@ENDMSG 2221 @!@!@
@!@!@STARTMSG 2221:0 @!@!@
  line 119, col 41 to line 119, col 53 of module dataWire: 285
@!@!@ENDMSG 2221 @!@!@
@!@!@STARTMSG 2221:0 @!@!@
  |line 119, col 41 to line 119, col 46 of module dataWire: 232
@!@!@ENDMSG 2221 @!@!@
@!@!@STARTMSG 2221:0 @!@!@
  |line 119, col 50 to line 119, col 53 of module dataWire: 232
@!@!@ENDMSG 2221 @!@!@
@!@!@STARTMSG 2221:0 @!@!@
  line 120, col 25 to line 120, col 51 of module dataWire: 53
@!@!@ENDMSG 2221 @!@!@
@!@!@STARTMSG 2221:0 @!@!@
  |line 120, col 35 to line 120, col 51 of module dataWire: 53
@!@!@ENDMSG 2221 @!@!@
@!@!@STARTMSG 2221:0 @!@!@
  ||line 92, col 23 to line 92, col 46 of module dataWire: 53
@!@!@ENDMSG 2221 @!@!@
@!@!@STARTMSG 2221:0 @!@!@
  |||line 90, col 19 to line 91, col 57 of module dataWire: 106
@!@!@ENDMSG 2221 @!@!@
@!@!@STARTMSG 2221:0 @!@!@
  ||||line 90, col 22 to line 90, col 26 of module dataWire: 106
@!@!@ENDMSG 2221 @!@!@
@!@!@STARTMSG 2221:0 @!@!@
  ||||line 90, col 33 to line 90, col 36 of module dataWire: 53
@!@!@ENDMSG 2221 @!@!@
@!@!@STARTMSG 2221:0 @!@!@
  ||||line 91, col 24 to line 91, col 57 of module dataWire: 53
@!@!@ENDMSG 2221 @!@!@
@!@!@STARTMSG 2221:0 @!@!@
  |||line 92, col 35 to line 92, col 45 of module dataWire: 53
@!@!@ENDMSG 2221 @!@!@
@!@!@STARTMSG 2221:0 @!@!@
  ||line 120, col 46 to line 120, col 50 of module dataWire: 53
@!@!@ENDMSG 2221 @!@!@
@!@!@STARTMSG 2221:0 @!@!@
  line 121, col 25 to line 121, col 37 of module dataWire: 53
@!@!@ENDMSG 2221 @!@!@
@!@!@STARTMSG 2221:0 @!@!@
  line 35, col 28 to line 35, col 132 of module ass3: 265
@!@!@ENDMSG 2221 @!@!@
@!@!@STARTMSG 2772:0 @!@!@
<Next line 33, col 1 to line 33, col 4 of module ass3>: 181:464
@!@!@ENDMSG 2772 @!@!@
@!@!@STARTMSG 2221:0 @!@!@
  line 26, col 1 to line 26, col 111 of module ass3: 196
@!@!@ENDMSG 2221 @!@!@
@!@!@STARTMSG 2221:0 @!@!@
  line 26, col 1 to line 26, col 111 of module ass3: 631
@!@!@ENDMSG 2221 @!@!@
@!@!@STARTMSG 2221:0 @!@!@
  line 26, col 1 to line 26, col 111 of module ass3: 886
@!@!@ENDMSG 2221 @!@!@
@!@!@STARTMSG 2221:0 @!@!@
  line 26, col 52 to line 26, col 62 of module ass3: 1288
@!@!@ENDMSG 2221 @!@!@
@!@!@STARTMSG 2221:0 @!@!@
  line 26, col 79 to line 26, col 87 of module ass3: 538
@!@!@ENDMSG 2221 @!@!@
@!@!@STARTMSG 2221:0 @!@!@
  line 26, col 99 to line 26, col 111 of module ass3: 1294
@!@!@ENDMSG 2221 @!@!@
@!@!@STARTMSG 2221:0 @!@!@
  line 116, col 14 to line 116, col 30 of module gbnReceiver: 470
@!@!@ENDMSG 2221 @!@!@
@!@!@STARTMSG 2221:0 @!@!@
  |line 116, col 14 to line 116, col 18 of module gbnReceiver: 399
@!@!@ENDMSG 2221 @!@!@
@!@!@STARTMSG 2221:0 @!@!@
  line 117, col 14 to line 117, col 30 of module gbnReceiver: 210
@!@!@ENDMSG 2221 @!@!@
@!@!@STARTMSG 2221:0 @!@!@
  |line 117, col 14 to line 117, col 23 of module gbnReceiver: 139
@!@!@ENDMSG 2221 @!@!@
@!@!@STARTMSG 2221:0 @!@!@
  |line 117, col 27 to line 117, col 30 of module gbnReceiver: 139
@!@!@ENDMSG 2221 @!@!@
@!@!@STARTMSG 2221:0 @!@!@
  line 118, col 11 to line 118, col 48 of module gbnReceiver: 71
@!@!@ENDMSG 2221 @!@!@
@!@!@STARTMSG 2221:0 @!@!@
  line 119, col 11 to line 119, col 61 of module gbnReceiver: 71
@!@!@ENDMSG 2221 @!@!@
@!@!@STARTMSG 2221:0 @!@!@
  line 121, col 19 to line 121, col 35 of module gbnReceiver: 496
@!@!@ENDMSG 2221 @!@!@
@!@!@STARTMSG 2221:0 @!@!@
  |line 121, col 19 to line 121, col 23 of module gbnReceiver: 399
@!@!@ENDMSG 2221 @!@!@
@!@!@STARTMSG 2221:0 @!@!@
  line 122, col 19 to line 122, col 34 of module gbnReceiver: 236
@!@!@ENDMSG 2221 @!@!@
@!@!@STARTMSG 2221:0 @!@!@
  |line 122, col 19 to line 122, col 27 of module gbnReceiver: 139
@!@!@ENDMSG 2221 @!@!@
@!@!@STARTMSG 2221:0 @!@!@
  |line 122, col 31 to line 122, col 34 of module gbnReceiver: 139
@!@!@ENDMSG 2221 @!@!@
@!@!@STARTMSG 2221:0 @!@!@
  line 123, col 19 to line 123, col 79 of module gbnReceiver: 97
@!@!@ENDMSG 2221 @!@!@
@!@!@STARTMSG 2221:0 @!@!@
  |line 123, col 19 to line 123, col 46 of module gbnReceiver: 97
@!@!@ENDMSG 2221 @!@!@
@!@!@STARTMSG 2221:0 @!@!@
  |line 123, col 51 to line 123, col 79 of module gbnReceiver: 65
@!@!@ENDMSG 2221 @!@!@
@!@!@STARTMSG 2221:0 @!@!@
  line 124, col 24 to line 124, col 41 of module gbnReceiver: 65
@!@!@ENDMSG 2221 @!@!@
@!@!@STARTMSG 2221:0 @!@!@
  line 125, col 24 to line 126, col 40 of module gbnReceiver: 32
@!@!@ENDMSG 2221 @!@!@
@!@!@STARTMSG 2221:0 @!@!@
  line 127, col 16 to line 127, col 32 of module gbnReceiver: 97
@!@!@ENDMSG 2221 @!@!@
@!@!@STARTMSG 2221:0 @!@!@
  line 128, col 16 to line 128, col 60 of module gbnReceiver: 97
@!@!@ENDMSG 2221 @!@!@
@!@!@STARTMSG 2221:0 @!@!@
  line 130, col 19 to line 130, col 34 of module gbnReceiver: 595
@!@!@ENDMSG 2221 @!@!@
@!@!@STARTMSG 2221:0 @!@!@
  |line 130, col 19 to line 130, col 27 of module gbnReceiver: 399
@!@!@ENDMSG 2221 @!@!@
@!@!@STARTMSG 2221:0 @!@!@
  |line 130, col 31 to line 130, col 34 of module gbnReceiver: 399
@!@!@ENDMSG 2221 @!@!@
@!@!@STARTMSG 2221:0 @!@!@
  line 131, col 19 to line 131, col 32 of module gbnReceiver: 489
@!@!@ENDMSG 2221 @!@!@
@!@!@STARTMSG 2221:0 @!@!@
  |line 131, col 19 to line 131, col 23 of module gbnReceiver: 293
@!@!@ENDMSG 2221 @!@!@
@!@!@STARTMSG 2221:0 @!@!@
  line 132, col 16 to line 137, col 26 of module gbnReceiver: 196
@!@!@ENDMSG 2221 @!@!@
@!@!@STARTMSG 2221:0 @!@!@
  |line 132, col 32 to line 137, col 26 of module gbnReceiver: 196
@!@!@ENDMSG 2221 @!@!@
@!@!@STARTMSG 2221:0 @!@!@
  ||line 132, col 32 to line 132, col 37 of module gbnReceiver: 196
@!@!@ENDMSG 2221 @!@!@
@!@!@STARTMSG 2221:0 @!@!@
  ||line 133, col 26 to line 137, col 26 of module gbnReceiver: 196
@!@!@ENDMSG 2221 @!@!@
@!@!@STARTMSG 2221:0 @!@!@
  |||line 95, col 23 to line 96, col 69 of module gbnReceiver: 196
@!@!@ENDMSG 2221 @!@!@
@!@!@STARTMSG 2221:0 @!@!@
  |||line 135, col 30 to line 136, col 74 of module gbnReceiver: 196
@!@!@ENDMSG 2221 @!@!@
@!@!@STARTMSG 2221:0 @!@!@
  ||||line 135, col 37 to line 135, col 58 of module gbnReceiver: 196
@!@!@ENDMSG 2221 @!@!@
@!@!@STARTMSG 2221:0 @!@!@
  |||||line 89, col 25 to line 91, col 76 of module gbnReceiver: 459
@!@!@ENDMSG 2221 @!@!@
@!@!@STARTMSG 2221:0 @!@!@
  ||||||line 89, col 28 to line 89, col 41 of module gbnReceiver: 459
@!@!@ENDMSG 2221 @!@!@
@!@!@STARTMSG 2221:0 @!@!@
  ||||||line 89, col 48 to line 89, col 51 of module gbnReceiver: 196
@!@!@ENDMSG 2221 @!@!@
@!@!@STARTMSG 2221:0 @!@!@
  ||||||line 90, col 30 to line 91, col 76 of module gbnReceiver: 263
@!@!@ENDMSG 2221 @!@!@
@!@!@STARTMSG 2221:0 @!@!@
  |||||||line 90, col 33 to line 90, col 58 of module gbnReceiver: 263
@!@!@ENDMSG 2221 @!@!@
@!@!@STARTMSG 2221:0 @!@!@
  |||||||line 90, col 65 to line 90, col 90 of module gbnReceiver: 131
@!@!@ENDMSG 2221 @!@!@
@!@!@STARTMSG 2221:0 @!@!@
  |||||||line 91, col 30 to line 91, col 76 of module gbnReceiver: 132
@!@!@ENDMSG 2221 @!@!@
@!@!@STARTMSG 2221:0 @!@!@
  |||||line 135, col 49 to line 135, col 57 of module gbnReceiver: 196
@!@!@ENDMSG 2221 @!@!@
@!@!@STARTMSG 2221:0 @!@!@
  ||||line 136, col 34 to line 136, col 73 of module gbnReceiver: 196
@!@!@ENDMSG 2221 @!@!@
@!@!@STARTMSG 2221:0 @!@!@
  |||||line 100, col 29 to line 102, col 34 of module gbnReceiver: 196
@!@!@ENDMSG 2221 @!@!@
@!@!@STARTMSG 2221:0 @!@!@
  ||||||line 100, col 32 to line 100, col 45 of module gbnReceiver: 196
@!@!@ENDMSG 2221 @!@!@
@!@!@STARTMSG 2221:0 @!@!@
  ||||||line 101, col 34 to line 102, col 34 of module gbnReceiver: 132
@!@!@ENDMSG 2221 @!@!@
@!@!@STARTMSG 2221:0 @!@!@
  |||||line 136, col 40 to line 136, col 61 of module gbnReceiver: 196
@!@!@ENDMSG 2221 @!@!@
@!@!@STARTMSG 2221:0 @!@!@
  ||||||line 89, col 25 to line 91, col 76 of module gbnReceiver: 459
@!@!@ENDMSG 2221 @!@!@
@!@!@STARTMSG 2221:0 @!@!@
  |||||||line 89, col 28 to line 89, col 41 of module gbnReceiver: 459
@!@!@ENDMSG 2221 @!@!@
@!@!@STARTMSG 2221:0 @!@!@
  |||||||line 89, col 48 to line 89, col 51 of module gbnReceiver: 196
@!@!@ENDMSG 2221 @!@!@
@!@!@STARTMSG 2221:0 @!@!@
  |||||||line 90, col 30 to line 91, col 76 of module gbnReceiver: 263
@!@!@ENDMSG 2221 @!@!@
@!@!@STARTMSG 2221:0 @!@!@
  ||||||||line 90, col 33 to line 90, col 58 of module gbnReceiver: 263
@!@!@ENDMSG 2221 @!@!@
@!@!@STARTMSG 2221:0 @!@!@
  ||||||||line 90, col 65 to line 90, col 90 of module gbnReceiver: 131
@!@!@ENDMSG 2221 @!@!@
@!@!@STARTMSG 2221:0 @!@!@
  ||||||||line 91, col 30 to line 91, col 76 of module gbnReceiver: 132
@!@!@ENDMSG 2221 @!@!@
@!@!@STARTMSG 2221:0 @!@!@
  ||||||line 136, col 52 to line 136, col 60 of module gbnReceiver: 196
@!@!@ENDMSG 2221 @!@!@
@!@!@STARTMSG 2221:0 @!@!@
  |||||line 136, col 64 to line 136, col 72 of module gbnReceiver: 132
@!@!@ENDMSG 2221 @!@!@
@!@!@STARTMSG 2221:0 @!@!@
  line 138, col 16 to line 138, col 80 of module gbnReceiver: 196
@!@!@ENDMSG 2221 @!@!@
@!@!@STARTMSG 2221:0 @!@!@
  |line 138, col 29 to line 138, col 80 of module gbnReceiver: 196
@!@!@ENDMSG 2221 @!@!@
@!@!@STARTMSG 2221:0 @!@!@
  ||line 138, col 29 to line 138, col 37 of module gbnReceiver: 196
@!@!@ENDMSG 2221 @!@!@
@!@!@STARTMSG 2221:0 @!@!@
  ||line 138, col 41 to line 138, col 80 of module gbnReceiver: 196
@!@!@ENDMSG 2221 @!@!@
@!@!@STARTMSG 2221:0 @!@!@
  |||line 100, col 29 to line 102, col 34 of module gbnReceiver: 196
@!@!@ENDMSG 2221 @!@!@
@!@!@STARTMSG 2221:0 @!@!@
  ||||line 100, col 32 to line 100, col 45 of module gbnReceiver: 196
@!@!@ENDMSG 2221 @!@!@
@!@!@STARTMSG 2221:0 @!@!@
  ||||line 101, col 34 to line 102, col 34 of module gbnReceiver: 132
@!@!@ENDMSG 2221 @!@!@
@!@!@STARTMSG 2221:0 @!@!@
  |||line 138, col 47 to line 138, col 68 of module gbnReceiver: 196
@!@!@ENDMSG 2221 @!@!@
@!@!@STARTMSG 2221:0 @!@!@
  ||||line 89, col 25 to line 91, col 76 of module gbnReceiver: 459
@!@!@ENDMSG 2221 @!@!@
@!@!@STARTMSG 2221:0 @!@!@
  |||||line 89, col 28 to line 89, col 41 of module gbnReceiver: 459
@!@!@ENDMSG 2221 @!@!@
@!@!@STARTMSG 2221:0 @!@!@
  |||||line 89, col 48 to line 89, col 51 of module gbnReceiver: 196
@!@!@ENDMSG 2221 @!@!@
@!@!@STARTMSG 2221:0 @!@!@
  |||||line 90, col 30 to line 91, col 76 of module gbnReceiver: 263
@!@!@ENDMSG 2221 @!@!@
@!@!@STARTMSG 2221:0 @!@!@
  ||||||line 90, col 33 to line 90, col 58 of module gbnReceiver: 263
@!@!@ENDMSG 2221 @!@!@
@!@!@STARTMSG 2221:0 @!@!@
  ||||||line 90, col 65 to line 90, col 90 of module gbnReceiver: 131
@!@!@ENDMSG 2221 @!@!@
@!@!@STARTMSG 2221:0 @!@!@
  ||||||line 91, col 30 to line 91, col 76 of module gbnReceiver: 132
@!@!@ENDMSG 2221 @!@!@
@!@!@STARTMSG 2221:0 @!@!@
  ||||line 138, col 59 to line 138, col 67 of module gbnReceiver: 196
@!@!@ENDMSG 2221 @!@!@
@!@!@STARTMSG 2221:0 @!@!@
  |||line 138, col 71 to line 138, col 79 of module gbnReceiver: 132
@!@!@ENDMSG 2221 @!@!@
@!@!@STARTMSG 2221:0 @!@!@
  line 139, col 16 to line 139, col 32 of module gbnReceiver: 196
@!@!@ENDMSG 2221 @!@!@
@!@!@STARTMSG 2221:0 @!@!@
  line 140, col 16 to line 140, col 48 of module gbnReceiver: 196
@!@!@ENDMSG 2221 @!@!@
@!@!@STARTMSG 2221:0 @!@!@
  line 142, col 17 to line 142, col 33 of module gbnReceiver: 499
@!@!@ENDMSG 2221 @!@!@
@!@!@STARTMSG 2221:0 @!@!@
  |line 142, col 17 to line 142, col 26 of module gbnReceiver: 399
@!@!@ENDMSG 2221 @!@!@
@!@!@STARTMSG 2221:0 @!@!@
  |line 142, col 30 to line 142, col 33 of module gbnReceiver: 399
@!@!@ENDMSG 2221 @!@!@
@!@!@STARTMSG 2221:0 @!@!@
  line 143, col 17 to line 143, col 30 of module gbnReceiver: 271
@!@!@ENDMSG 2221 @!@!@
@!@!@STARTMSG 2221:0 @!@!@
  |line 143, col 17 to line 143, col 21 of module gbnReceiver: 171
@!@!@ENDMSG 2221 @!@!@
@!@!@STARTMSG 2221:0 @!@!@
  line 144, col 14 to line 144, col 53 of module gbnReceiver: 100
@!@!@ENDMSG 2221 @!@!@
@!@!@STARTMSG 2221:0 @!@!@
  line 145, col 14 to line 145, col 64 of module gbnReceiver: 100
@!@!@ENDMSG 2221 @!@!@
@!@!@STARTMSG 2221:0 @!@!@
  line 36, col 29 to line 36, col 98 of module ass3: 464
@!@!@ENDMSG 2221 @!@!@
@!@!@STARTMSG 2774:0 @!@!@
<Action line 49, col 21 to line 49, col 95 of module ass3>
@!@!@ENDMSG 2774 @!@!@
@!@!@STARTMSG 2221:0 @!@!@
  line 49, col 21 to line 49, col 95 of module ass3: 392
@!@!@ENDMSG 2221 @!@!@
@!@!@STARTMSG 2202:0 @!@!@
End of statistics.
@!@!@ENDMSG 2202 @!@!@
@!@!@STARTMSG 2200:0 @!@!@
Progress(14) at 2019-06-17 00:10:55: 1,632 states generated (50,630 s/min), 392 distinct states found (12,161 ds/min), 0 states left on queue.
@!@!@ENDMSG 2200 @!@!@
@!@!@STARTMSG 2199:0 @!@!@
1632 states generated, 392 distinct states found, 0 states left on queue.
@!@!@ENDMSG 2199 @!@!@
@!@!@STARTMSG 2186:0 @!@!@
Finished in 1937ms at (2019-06-17 00:10:55)
@!@!@ENDMSG 2186 @!@!@
