@!@!@STARTMSG 2262:0 @!@!@
TLC2 Version 2.13 of 18 July 2018
@!@!@ENDMSG 2262 @!@!@
@!@!@STARTMSG 2187:0 @!@!@
Running breadth-first search Model-Checking with fp 30 and seed -7573128657344541763 with 4 workers on 8 cores with 583MB heap and 1309MB offheap memory [pid: 3530] (Linux 5.1.7-arch1-1-ARCH amd64, AdoptOpenJDK 11.0.3 x86_64, OffHeapDiskFPSet, DiskStateQueue).
@!@!@ENDMSG 2187 @!@!@
@!@!@STARTMSG 2220:0 @!@!@
Starting SANY...
@!@!@ENDMSG 2220 @!@!@
Parsing file /home/jb567/projects/tla-go-back-n/goBackN.toolbox/Properties/MC.tla
Parsing file /home/jb567/projects/tla-go-back-n/goBackN.toolbox/Properties/ass3.tla
Parsing file /usr/share/java/tla-toolbox/plugins/org.lamport.tlatools_1.0.0.201905151637/tla2sany/StandardModules/TLC.tla
Parsing file /usr/share/java/tla-toolbox/plugins/org.lamport.tlatools_1.0.0.201905151637/tla2sany/StandardModules/Sequences.tla
Parsing file /usr/share/java/tla-toolbox/plugins/org.lamport.tlatools_1.0.0.201905151637/tla2sany/StandardModules/Naturals.tla
Parsing file /home/jb567/projects/tla-go-back-n/goBackN.toolbox/Properties/slidingSender.tla
Parsing file /home/jb567/projects/tla-go-back-n/goBackN.toolbox/Properties/dataWire.tla
Parsing file /home/jb567/projects/tla-go-back-n/goBackN.toolbox/Properties/gbnReceiver.tla
Parsing file /home/jb567/projects/tla-go-back-n/goBackN.toolbox/Properties/mpb.tla
Parsing file /home/jb567/projects/tla-go-back-n/goBackN.toolbox/Properties/tcp.tla
Parsing file /usr/share/java/tla-toolbox/plugins/org.lamport.tlatools_1.0.0.201905151637/tla2sany/StandardModules/FiniteSets.tla
Semantic processing of module Naturals
Semantic processing of module Sequences
Semantic processing of module FiniteSets
Semantic processing of module TLC
Semantic processing of module slidingSender
Semantic processing of module dataWire
Semantic processing of module gbnReceiver
Semantic processing of module mpb
Semantic processing of module tcp
Semantic processing of module ass3
Semantic processing of module MC
@!@!@STARTMSG 2219:0 @!@!@
SANY finished.
@!@!@ENDMSG 2219 @!@!@
@!@!@STARTMSG 2185:0 @!@!@
Starting... (2019-06-17 18:08:51)
@!@!@ENDMSG 2185 @!@!@
@!@!@STARTMSG 2212:0 @!@!@
Implied-temporal checking--satisfiability problem has 1 branches.
@!@!@ENDMSG 2212 @!@!@
@!@!@STARTMSG 2189:0 @!@!@
Computing initial states...
@!@!@ENDMSG 2189 @!@!@
@!@!@STARTMSG 2190:0 @!@!@
Finished computing initial states: 1 distinct state generated at 2019-06-17 18:08:52.
@!@!@ENDMSG 2190 @!@!@
@!@!@STARTMSG 2192:0 @!@!@
Checking temporal properties for the current state space with 10746 total distinct states at (2019-06-17 18:08:55)
@!@!@ENDMSG 2192 @!@!@
@!@!@STARTMSG 2116:1 @!@!@
Temporal properties were violated.

@!@!@ENDMSG 2116 @!@!@
@!@!@STARTMSG 2264:1 @!@!@
The following behavior constitutes a counter-example:

@!@!@ENDMSG 2264 @!@!@
@!@!@STARTMSG 2217:4 @!@!@
1: <Initial predicate>
/\ senderState = "WAITING"
/\ ackWireIn = <<>>
/\ ackWireOut = <<>>
/\ dataWireOut = <<>>
/\ n = 0
/\ dataWireIn = <<>>
/\ output = <<>>
/\ ackSeqNum = 0
/\ senderIdx = 1
/\ buffer = <<>>
/\ senderPc = [ SendSynAck |-> "A_S",
  ACK |-> "A",
  SynAck |-> "A_",
  ReceiveButFirst |-> "A_R",
  Sender |-> "A_s" ]
/\ receiverState = "WAITING"

@!@!@ENDMSG 2217 @!@!@
@!@!@STARTMSG 2217:4 @!@!@
2: <Next line 39, col 9 to line 43, col 34 of module ass3>
/\ senderState = "WAITING"
/\ ackWireIn = <<<<"SYN", 0>>>>
/\ ackWireOut = <<>>
/\ dataWireOut = <<>>
/\ n = 0
/\ dataWireIn = <<>>
/\ output = <<>>
/\ ackSeqNum = 0
/\ senderIdx = 1
/\ buffer = <<>>
/\ senderPc = [ SendSynAck |-> "A_S",
  ACK |-> "A",
  SynAck |-> "A_",
  ReceiveButFirst |-> "A_R",
  Sender |-> "A_s" ]
/\ receiverState = "WAITING"

@!@!@ENDMSG 2217 @!@!@
@!@!@STARTMSG 2217:4 @!@!@
3: <Next line 39, col 9 to line 43, col 34 of module ass3>
/\ senderState = "WAITING"
/\ ackWireIn = <<>>
/\ ackWireOut = <<<<"SYN", 0>>>>
/\ dataWireOut = <<>>
/\ n = 0
/\ dataWireIn = <<>>
/\ output = <<>>
/\ ackSeqNum = 0
/\ senderIdx = 1
/\ buffer = <<>>
/\ senderPc = [ SendSynAck |-> "A_S",
  ACK |-> "A",
  SynAck |-> "A_",
  ReceiveButFirst |-> "A_R",
  Sender |-> "A_s" ]
/\ receiverState = "WAITING"

@!@!@ENDMSG 2217 @!@!@
@!@!@STARTMSG 2217:4 @!@!@
4: <Next line 39, col 9 to line 43, col 34 of module ass3>
/\ senderState = "OPENING"
/\ ackWireIn = <<>>
/\ ackWireOut = <<>>
/\ dataWireOut = <<>>
/\ n = 0
/\ dataWireIn = <<>>
/\ output = <<>>
/\ ackSeqNum = 0
/\ senderIdx = 1
/\ buffer = <<>>
/\ senderPc = [ SendSynAck |-> "A_S",
  ACK |-> "A",
  SynAck |-> "A_",
  ReceiveButFirst |-> "A_R",
  Sender |-> "A_s" ]
/\ receiverState = "WAITING"

@!@!@ENDMSG 2217 @!@!@
@!@!@STARTMSG 2217:4 @!@!@
5: <Next line 39, col 9 to line 43, col 34 of module ass3>
/\ senderState = "OPENING"
/\ ackWireIn = <<>>
/\ ackWireOut = <<>>
/\ dataWireOut = <<>>
/\ n = 0
/\ dataWireIn = <<<<0, "SYNACK">>>>
/\ output = <<>>
/\ ackSeqNum = 0
/\ senderIdx = 1
/\ buffer = <<>>
/\ senderPc = [ SendSynAck |-> "A_S",
  ACK |-> "A",
  SynAck |-> "A_",
  ReceiveButFirst |-> "A_R",
  Sender |-> "A_s" ]
/\ receiverState = "WAITING"

@!@!@ENDMSG 2217 @!@!@
@!@!@STARTMSG 2217:4 @!@!@
6: <Next line 39, col 9 to line 43, col 34 of module ass3>
/\ senderState = "OPENING"
/\ ackWireIn = <<>>
/\ ackWireOut = <<>>
/\ dataWireOut = <<<<0, "SYNACK">>>>
/\ n = 0
/\ dataWireIn = <<>>
/\ output = <<>>
/\ ackSeqNum = 0
/\ senderIdx = 1
/\ buffer = <<>>
/\ senderPc = [ SendSynAck |-> "A_S",
  ACK |-> "A",
  SynAck |-> "A_",
  ReceiveButFirst |-> "A_R",
  Sender |-> "A_s" ]
/\ receiverState = "WAITING"

@!@!@ENDMSG 2217 @!@!@
@!@!@STARTMSG 2217:4 @!@!@
7: <Next line 39, col 9 to line 43, col 34 of module ass3>
/\ senderState = "OPENING"
/\ ackWireIn = <<>>
/\ ackWireOut = <<>>
/\ dataWireOut = <<>>
/\ n = 0
/\ dataWireIn = <<>>
/\ output = <<>>
/\ ackSeqNum = 0
/\ senderIdx = 1
/\ buffer = <<>>
/\ senderPc = [ SendSynAck |-> "A_S",
  ACK |-> "A",
  SynAck |-> "A_",
  ReceiveButFirst |-> "A_R",
  Sender |-> "A_s" ]
/\ receiverState = "OPEN"

@!@!@ENDMSG 2217 @!@!@
@!@!@STARTMSG 2217:4 @!@!@
8: <Next line 39, col 9 to line 43, col 34 of module ass3>
/\ senderState = "OPENING"
/\ ackWireIn = <<>>
/\ ackWireOut = <<>>
/\ dataWireOut = <<>>
/\ n = 0
/\ dataWireIn = <<>>
/\ output = <<>>
/\ ackSeqNum = 0
/\ senderIdx = 1
/\ buffer = <<>>
/\ senderPc = [ SendSynAck |-> "A_S",
  ACK |-> "A",
  SynAck |-> "Done",
  ReceiveButFirst |-> "A_R",
  Sender |-> "A_s" ]
/\ receiverState = "OPEN"

@!@!@ENDMSG 2217 @!@!@
@!@!@STARTMSG 2217:4 @!@!@
9: <Next line 39, col 9 to line 43, col 34 of module ass3>
/\ senderState = "OPENING"
/\ ackWireIn = <<<<"ACK", 0>>>>
/\ ackWireOut = <<>>
/\ dataWireOut = <<>>
/\ n = 0
/\ dataWireIn = <<>>
/\ output = <<>>
/\ ackSeqNum = 0
/\ senderIdx = 1
/\ buffer = <<>>
/\ senderPc = [ SendSynAck |-> "A_S",
  ACK |-> "A",
  SynAck |-> "Done",
  ReceiveButFirst |-> "A_R",
  Sender |-> "A_s" ]
/\ receiverState = "OPEN"

@!@!@ENDMSG 2217 @!@!@
@!@!@STARTMSG 2217:4 @!@!@
10: <Next line 39, col 9 to line 43, col 34 of module ass3>
/\ senderState = "OPENING"
/\ ackWireIn = <<>>
/\ ackWireOut = <<<<"ACK", 0>>>>
/\ dataWireOut = <<>>
/\ n = 0
/\ dataWireIn = <<>>
/\ output = <<>>
/\ ackSeqNum = 0
/\ senderIdx = 1
/\ buffer = <<>>
/\ senderPc = [ SendSynAck |-> "A_S",
  ACK |-> "A",
  SynAck |-> "Done",
  ReceiveButFirst |-> "A_R",
  Sender |-> "A_s" ]
/\ receiverState = "OPEN"

@!@!@ENDMSG 2217 @!@!@
@!@!@STARTMSG 2217:4 @!@!@
11: <Next line 39, col 9 to line 43, col 34 of module ass3>
/\ senderState = "OPEN"
/\ ackWireIn = <<>>
/\ ackWireOut = <<>>
/\ dataWireOut = <<>>
/\ n = 0
/\ dataWireIn = <<>>
/\ output = <<>>
/\ ackSeqNum = 0
/\ senderIdx = 1
/\ buffer = <<>>
/\ senderPc = [ SendSynAck |-> "A_S",
  ACK |-> "A",
  SynAck |-> "Done",
  ReceiveButFirst |-> "A_R",
  Sender |-> "A_s" ]
/\ receiverState = "OPEN"

@!@!@ENDMSG 2217 @!@!@
@!@!@STARTMSG 2217:4 @!@!@
12: <Next line 39, col 9 to line 43, col 34 of module ass3>
/\ senderState = "OPEN"
/\ ackWireIn = <<<<"ACK", 0>>>>
/\ ackWireOut = <<>>
/\ dataWireOut = <<>>
/\ n = 0
/\ dataWireIn = <<>>
/\ output = <<>>
/\ ackSeqNum = 0
/\ senderIdx = 1
/\ buffer = <<>>
/\ senderPc = [ SendSynAck |-> "A_S",
  ACK |-> "A",
  SynAck |-> "Done",
  ReceiveButFirst |-> "A_R",
  Sender |-> "A_s" ]
/\ receiverState = "OPEN"

@!@!@ENDMSG 2217 @!@!@
@!@!@STARTMSG 2217:4 @!@!@
13: <Next line 39, col 9 to line 43, col 34 of module ass3>
/\ senderState = "OPEN"
/\ ackWireIn = <<>>
/\ ackWireOut = <<CORRUPT_DATA>>
/\ dataWireOut = <<>>
/\ n = 0
/\ dataWireIn = <<>>
/\ output = <<>>
/\ ackSeqNum = 0
/\ senderIdx = 1
/\ buffer = <<>>
/\ senderPc = [ SendSynAck |-> "A_S",
  ACK |-> "A",
  SynAck |-> "Done",
  ReceiveButFirst |-> "A_R",
  Sender |-> "A_s" ]
/\ receiverState = "OPEN"

@!@!@ENDMSG 2217 @!@!@
@!@!@STARTMSG 2217:4 @!@!@
14: <Next line 39, col 9 to line 43, col 34 of module ass3>
/\ senderState = "OPEN"
/\ ackWireIn = <<<<"ACK", 0>>>>
/\ ackWireOut = <<CORRUPT_DATA>>
/\ dataWireOut = <<>>
/\ n = 0
/\ dataWireIn = <<>>
/\ output = <<>>
/\ ackSeqNum = 0
/\ senderIdx = 1
/\ buffer = <<>>
/\ senderPc = [ SendSynAck |-> "A_S",
  ACK |-> "A",
  SynAck |-> "Done",
  ReceiveButFirst |-> "A_R",
  Sender |-> "A_s" ]
/\ receiverState = "OPEN"

@!@!@ENDMSG 2217 @!@!@
@!@!@STARTMSG 2217:4 @!@!@
15: <Next line 39, col 9 to line 43, col 34 of module ass3>
/\ senderState = "OPEN"
/\ ackWireIn = <<>>
/\ ackWireOut = <<CORRUPT_DATA, <<"ACK", 0>>>>
/\ dataWireOut = <<>>
/\ n = 0
/\ dataWireIn = <<>>
/\ output = <<>>
/\ ackSeqNum = 0
/\ senderIdx = 1
/\ buffer = <<>>
/\ senderPc = [ SendSynAck |-> "A_S",
  ACK |-> "A",
  SynAck |-> "Done",
  ReceiveButFirst |-> "A_R",
  Sender |-> "A_s" ]
/\ receiverState = "OPEN"

@!@!@ENDMSG 2217 @!@!@
@!@!@STARTMSG 2217:4 @!@!@
16: <Next line 39, col 9 to line 43, col 34 of module ass3>
/\ senderState = "OPEN"
/\ ackWireIn = <<<<"ACK", 0>>>>
/\ ackWireOut = <<CORRUPT_DATA, <<"ACK", 0>>>>
/\ dataWireOut = <<>>
/\ n = 0
/\ dataWireIn = <<>>
/\ output = <<>>
/\ ackSeqNum = 0
/\ senderIdx = 1
/\ buffer = <<>>
/\ senderPc = [ SendSynAck |-> "A_S",
  ACK |-> "A",
  SynAck |-> "Done",
  ReceiveButFirst |-> "A_R",
  Sender |-> "A_s" ]
/\ receiverState = "OPEN"

@!@!@ENDMSG 2217 @!@!@
@!@!@STARTMSG 2217:4 @!@!@
17: <Next line 39, col 9 to line 43, col 34 of module ass3>
/\ senderState = "OPEN"
/\ ackWireIn = <<>>
/\ ackWireOut = <<CORRUPT_DATA, <<"ACK", 0>>>>
/\ dataWireOut = <<>>
/\ n = 0
/\ dataWireIn = <<>>
/\ output = <<>>
/\ ackSeqNum = 0
/\ senderIdx = 1
/\ buffer = <<>>
/\ senderPc = [ SendSynAck |-> "A_S",
  ACK |-> "A",
  SynAck |-> "Done",
  ReceiveButFirst |-> "A_R",
  Sender |-> "A_s" ]
/\ receiverState = "OPEN"

@!@!@ENDMSG 2217 @!@!@
@!@!@STARTMSG 2217:4 @!@!@
18: <Next line 39, col 9 to line 43, col 34 of module ass3>
/\ senderState = "OPEN"
/\ ackWireIn = <<>>
/\ ackWireOut = <<<<"ACK", 0>>>>
/\ dataWireOut = <<>>
/\ n = 0
/\ dataWireIn = <<>>
/\ output = <<>>
/\ ackSeqNum = 0
/\ senderIdx = 1
/\ buffer = <<>>
/\ senderPc = [ SendSynAck |-> "A_S",
  ACK |-> "A",
  SynAck |-> "Done",
  ReceiveButFirst |-> "A_R",
  Sender |-> "A_s" ]
/\ receiverState = "OPEN"

@!@!@ENDMSG 2217 @!@!@
@!@!@STARTMSG 2217:4 @!@!@
19: <Next line 39, col 9 to line 43, col 34 of module ass3>
/\ senderState = "OPEN"
/\ ackWireIn = <<>>
/\ ackWireOut = <<<<"ACK", 0>>>>
/\ dataWireOut = <<>>
/\ n = 0
/\ dataWireIn = <<<<1, 1>>, <<2, 2>>, <<3, 3>>>>
/\ output = <<>>
/\ ackSeqNum = 0
/\ senderIdx = 1
/\ buffer = <<>>
/\ senderPc = [ SendSynAck |-> "A_S",
  ACK |-> "A",
  SynAck |-> "Done",
  ReceiveButFirst |-> "A_R",
  Sender |-> "A_s" ]
/\ receiverState = "OPEN"

@!@!@ENDMSG 2217 @!@!@
@!@!@STARTMSG 2217:4 @!@!@
20: <Next line 39, col 9 to line 43, col 34 of module ass3>
/\ senderState = "OPEN"
/\ ackWireIn = <<>>
/\ ackWireOut = <<<<"ACK", 0>>>>
/\ dataWireOut = <<>>
/\ n = 0
/\ dataWireIn = <<<<2, 2>>, <<3, 3>>>>
/\ output = <<>>
/\ ackSeqNum = 0
/\ senderIdx = 1
/\ buffer = <<>>
/\ senderPc = [ SendSynAck |-> "A_S",
  ACK |-> "A",
  SynAck |-> "Done",
  ReceiveButFirst |-> "A_R",
  Sender |-> "A_s" ]
/\ receiverState = "OPEN"

@!@!@ENDMSG 2217 @!@!@
@!@!@STARTMSG 2217:4 @!@!@
21: <Next line 39, col 9 to line 43, col 34 of module ass3>
/\ senderState = "OPEN"
/\ ackWireIn = <<>>
/\ ackWireOut = <<<<"ACK", 0>>>>
/\ dataWireOut = <<<<2, 2>>>>
/\ n = 0
/\ dataWireIn = <<<<3, 3>>>>
/\ output = <<>>
/\ ackSeqNum = 0
/\ senderIdx = 1
/\ buffer = <<>>
/\ senderPc = [ SendSynAck |-> "A_S",
  ACK |-> "A",
  SynAck |-> "Done",
  ReceiveButFirst |-> "A_R",
  Sender |-> "A_s" ]
/\ receiverState = "OPEN"

@!@!@ENDMSG 2217 @!@!@
@!@!@STARTMSG 2217:4 @!@!@
22: <Next line 39, col 9 to line 43, col 34 of module ass3>
/\ senderState = "OPEN"
/\ ackWireIn = <<>>
/\ ackWireOut = <<>>
/\ dataWireOut = <<<<2, 2>>>>
/\ n = 0
/\ dataWireIn = <<<<3, 3>>>>
/\ output = <<>>
/\ ackSeqNum = 0
/\ senderIdx = 1
/\ buffer = <<>>
/\ senderPc = [ SendSynAck |-> "A_S",
  ACK |-> "A",
  SynAck |-> "Done",
  ReceiveButFirst |-> "A_R",
  Sender |-> "A_s" ]
/\ receiverState = "OPEN"

@!@!@ENDMSG 2217 @!@!@
@!@!@STARTMSG 2217:4 @!@!@
23: <Next line 39, col 9 to line 43, col 34 of module ass3>
/\ senderState = "OPEN"
/\ ackWireIn = <<>>
/\ ackWireOut = <<>>
/\ dataWireOut = <<<<2, 2>>, CORRUPT_DATA>>
/\ n = 0
/\ dataWireIn = <<>>
/\ output = <<>>
/\ ackSeqNum = 0
/\ senderIdx = 1
/\ buffer = <<>>
/\ senderPc = [ SendSynAck |-> "A_S",
  ACK |-> "A",
  SynAck |-> "Done",
  ReceiveButFirst |-> "A_R",
  Sender |-> "A_s" ]
/\ receiverState = "OPEN"

@!@!@ENDMSG 2217 @!@!@
@!@!@STARTMSG 2217:4 @!@!@
24: <Next line 39, col 9 to line 43, col 34 of module ass3>
/\ senderState = "OPEN"
/\ ackWireIn = <<<<"ACK", 0>>>>
/\ ackWireOut = <<>>
/\ dataWireOut = <<<<2, 2>>, CORRUPT_DATA>>
/\ n = 0
/\ dataWireIn = <<>>
/\ output = <<>>
/\ ackSeqNum = 0
/\ senderIdx = 1
/\ buffer = <<>>
/\ senderPc = [ SendSynAck |-> "A_S",
  ACK |-> "A",
  SynAck |-> "Done",
  ReceiveButFirst |-> "A_R",
  Sender |-> "A_s" ]
/\ receiverState = "OPEN"

@!@!@ENDMSG 2217 @!@!@
@!@!@STARTMSG 2217:4 @!@!@
25: <Next line 39, col 9 to line 43, col 34 of module ass3>
/\ senderState = "OPEN"
/\ ackWireIn = <<>>
/\ ackWireOut = <<<<"ACK", 0>>>>
/\ dataWireOut = <<<<2, 2>>, CORRUPT_DATA>>
/\ n = 0
/\ dataWireIn = <<>>
/\ output = <<>>
/\ ackSeqNum = 0
/\ senderIdx = 1
/\ buffer = <<>>
/\ senderPc = [ SendSynAck |-> "A_S",
  ACK |-> "A",
  SynAck |-> "Done",
  ReceiveButFirst |-> "A_R",
  Sender |-> "A_s" ]
/\ receiverState = "OPEN"

@!@!@ENDMSG 2217 @!@!@
@!@!@STARTMSG 2217:4 @!@!@
26: <Next line 39, col 9 to line 43, col 34 of module ass3>
/\ senderState = "OPEN"
/\ ackWireIn = <<>>
/\ ackWireOut = <<<<"ACK", 0>>>>
/\ dataWireOut = <<>>
/\ n = 0
/\ dataWireIn = <<>>
/\ output = <<>>
/\ ackSeqNum = 0
/\ senderIdx = 1
/\ buffer = <<>>
/\ senderPc = [ SendSynAck |-> "A_S",
  ACK |-> "A",
  SynAck |-> "Done",
  ReceiveButFirst |-> "A_R",
  Sender |-> "A_s" ]
/\ receiverState = "OPEN"

@!@!@ENDMSG 2217 @!@!@
@!@!@STARTMSG 2217:4 @!@!@
27: <Next line 39, col 9 to line 43, col 34 of module ass3>
/\ senderState = "OPEN"
/\ ackWireIn = <<<<"ACK", 0>>>>
/\ ackWireOut = <<<<"ACK", 0>>>>
/\ dataWireOut = <<>>
/\ n = 0
/\ dataWireIn = <<>>
/\ output = <<>>
/\ ackSeqNum = 0
/\ senderIdx = 1
/\ buffer = <<>>
/\ senderPc = [ SendSynAck |-> "A_S",
  ACK |-> "A",
  SynAck |-> "Done",
  ReceiveButFirst |-> "A_R",
  Sender |-> "A_s" ]
/\ receiverState = "OPEN"

@!@!@ENDMSG 2217 @!@!@
@!@!@STARTMSG 2217:4 @!@!@
28: <Next line 39, col 9 to line 43, col 34 of module ass3>
/\ senderState = "OPEN"
/\ ackWireIn = <<>>
/\ ackWireOut = <<<<"ACK", 0>>, CORRUPT_DATA>>
/\ dataWireOut = <<>>
/\ n = 0
/\ dataWireIn = <<>>
/\ output = <<>>
/\ ackSeqNum = 0
/\ senderIdx = 1
/\ buffer = <<>>
/\ senderPc = [ SendSynAck |-> "A_S",
  ACK |-> "A",
  SynAck |-> "Done",
  ReceiveButFirst |-> "A_R",
  Sender |-> "A_s" ]
/\ receiverState = "OPEN"

@!@!@ENDMSG 2217 @!@!@
@!@!@STARTMSG 2217:4 @!@!@
29: <Next line 39, col 9 to line 43, col 34 of module ass3>
/\ senderState = "OPEN"
/\ ackWireIn = <<>>
/\ ackWireOut = <<CORRUPT_DATA>>
/\ dataWireOut = <<>>
/\ n = 0
/\ dataWireIn = <<>>
/\ output = <<>>
/\ ackSeqNum = 0
/\ senderIdx = 1
/\ buffer = <<>>
/\ senderPc = [ SendSynAck |-> "A_S",
  ACK |-> "A",
  SynAck |-> "Done",
  ReceiveButFirst |-> "A_R",
  Sender |-> "A_s" ]
/\ receiverState = "OPEN"

@!@!@ENDMSG 2217 @!@!@
@!@!@STARTMSG 2217:4 @!@!@
30: <Next line 39, col 9 to line 43, col 34 of module ass3>
/\ senderState = "OPEN"
/\ ackWireIn = <<<<"ACK", 0>>>>
/\ ackWireOut = <<CORRUPT_DATA>>
/\ dataWireOut = <<>>
/\ n = 0
/\ dataWireIn = <<>>
/\ output = <<>>
/\ ackSeqNum = 0
/\ senderIdx = 1
/\ buffer = <<>>
/\ senderPc = [ SendSynAck |-> "A_S",
  ACK |-> "A",
  SynAck |-> "Done",
  ReceiveButFirst |-> "A_R",
  Sender |-> "A_s" ]
/\ receiverState = "OPEN"

@!@!@ENDMSG 2217 @!@!@
@!@!@STARTMSG 2217:4 @!@!@
31: <Next line 39, col 9 to line 43, col 34 of module ass3>
/\ senderState = "OPEN"
/\ ackWireIn = <<>>
/\ ackWireOut = <<CORRUPT_DATA, <<"ACK", 0>>>>
/\ dataWireOut = <<>>
/\ n = 0
/\ dataWireIn = <<>>
/\ output = <<>>
/\ ackSeqNum = 0
/\ senderIdx = 1
/\ buffer = <<>>
/\ senderPc = [ SendSynAck |-> "A_S",
  ACK |-> "A",
  SynAck |-> "Done",
  ReceiveButFirst |-> "A_R",
  Sender |-> "A_s" ]
/\ receiverState = "OPEN"

@!@!@ENDMSG 2217 @!@!@
@!@!@STARTMSG 2122:4 @!@!@
16: Back to state: <Next line 39, col 9 to line 43, col 34 of module ass3>

@!@!@ENDMSG 2122 @!@!@
@!@!@STARTMSG 2267:0 @!@!@
Finished checking temporal properties in 00s at 2019-06-17 18:08:55
@!@!@ENDMSG 2267 @!@!@
@!@!@STARTMSG 2201:0 @!@!@
The coverage statistics at 2019-06-17 18:08:55
@!@!@ENDMSG 2201 @!@!@
@!@!@STARTMSG 2773:0 @!@!@
<Init line 33, col 1 to line 33, col 4 of module ass3>: 2
@!@!@ENDMSG 2773 @!@!@
@!@!@STARTMSG 2221:0 @!@!@
  line 33, col 9 to line 37, col 26 of module ass3: 2
@!@!@ENDMSG 2221 @!@!@
@!@!@STARTMSG 2772:0 @!@!@
<Next line 39, col 1 to line 39, col 4 of module ass3>: 15394:57736
@!@!@ENDMSG 2772 @!@!@
@!@!@STARTMSG 2221:0 @!@!@
  line 22, col 1 to line 23, col 51 of module ass3: 8495
@!@!@ENDMSG 2221 @!@!@
@!@!@STARTMSG 2221:0 @!@!@
  line 22, col 1 to line 23, col 51 of module ass3: 6209
@!@!@ENDMSG 2221 @!@!@
@!@!@STARTMSG 2221:0 @!@!@
  line 22, col 1 to line 23, col 51 of module ass3: 1722
@!@!@ENDMSG 2221 @!@!@
@!@!@STARTMSG 2221:0 @!@!@
  line 22, col 52 to line 22, col 61 of module ass3: 38451
@!@!@ENDMSG 2221 @!@!@
@!@!@STARTMSG 2221:0 @!@!@
  line 22, col 79 to line 22, col 88 of module ass3: 15868
@!@!@ENDMSG 2221 @!@!@
@!@!@STARTMSG 2221:0 @!@!@
  line 22, col 100 to line 22, col 110 of module ass3: 44489
@!@!@ENDMSG 2221 @!@!@
@!@!@STARTMSG 2221:0 @!@!@
  line 23, col 27 to line 23, col 35 of module ass3: 8827
@!@!@ENDMSG 2221 @!@!@
@!@!@STARTMSG 2221:0 @!@!@
  line 23, col 44 to line 23, col 51 of module ass3: 72604
@!@!@ENDMSG 2221 @!@!@
@!@!@STARTMSG 2221:0 @!@!@
  line 143, col 10 to line 143, col 28 of module slidingSender: 16576
@!@!@ENDMSG 2221 @!@!@
@!@!@STARTMSG 2221:0 @!@!@
  |line 143, col 10 to line 143, col 21 of module slidingSender: 10777
@!@!@ENDMSG 2221 @!@!@
@!@!@STARTMSG 2221:0 @!@!@
  line 144, col 13 to line 144, col 29 of module slidingSender: 5803
@!@!@ENDMSG 2221 @!@!@
@!@!@STARTMSG 2221:0 @!@!@
  line 145, col 21 to line 145, col 36 of module slidingSender: 62
@!@!@ENDMSG 2221 @!@!@
@!@!@STARTMSG 2221:0 @!@!@
  |line 145, col 21 to line 145, col 29 of module slidingSender: 33
@!@!@ENDMSG 2221 @!@!@
@!@!@STARTMSG 2221:0 @!@!@
  |line 145, col 33 to line 145, col 36 of module slidingSender: 33
@!@!@ENDMSG 2221 @!@!@
@!@!@STARTMSG 2221:0 @!@!@
  line 146, col 24 to line 146, col 50 of module slidingSender: 29
@!@!@ENDMSG 2221 @!@!@
@!@!@STARTMSG 2221:0 @!@!@
  line 147, col 29 to line 147, col 49 of module slidingSender: 15
@!@!@ENDMSG 2221 @!@!@
@!@!@STARTMSG 2221:0 @!@!@
  line 148, col 29 to line 149, col 45 of module slidingSender: 14
@!@!@ENDMSG 2221 @!@!@
@!@!@STARTMSG 2221:0 @!@!@
  line 150, col 21 to line 150, col 48 of module slidingSender: 29
@!@!@ENDMSG 2221 @!@!@
@!@!@STARTMSG 2221:0 @!@!@
  line 151, col 21 to line 151, col 56 of module slidingSender: 29
@!@!@ENDMSG 2221 @!@!@
@!@!@STARTMSG 2221:0 @!@!@
  line 152, col 21 to line 152, col 58 of module slidingSender: 5770
@!@!@ENDMSG 2221 @!@!@
@!@!@STARTMSG 2221:0 @!@!@
  line 153, col 21 to line 153, col 52 of module slidingSender: 5770
@!@!@ENDMSG 2221 @!@!@
@!@!@STARTMSG 2221:0 @!@!@
  line 154, col 10 to line 154, col 47 of module slidingSender: 5799
@!@!@ENDMSG 2221 @!@!@
@!@!@STARTMSG 2221:0 @!@!@
  line 158, col 11 to line 158, col 34 of module slidingSender: 13509
@!@!@ENDMSG 2221 @!@!@
@!@!@STARTMSG 2221:0 @!@!@
  |line 158, col 11 to line 158, col 26 of module slidingSender: 10777
@!@!@ENDMSG 2221 @!@!@
@!@!@STARTMSG 2221:0 @!@!@
  line 159, col 11 to line 159, col 27 of module slidingSender: 13509
@!@!@ENDMSG 2221 @!@!@
@!@!@STARTMSG 2221:0 @!@!@
  |line 159, col 11 to line 159, col 15 of module slidingSender: 10777
@!@!@ENDMSG 2221 @!@!@
@!@!@STARTMSG 2221:0 @!@!@
  line 159, col 32 to line 159, col 48 of module slidingSender: 7823
@!@!@ENDMSG 2221 @!@!@
@!@!@STARTMSG 2221:0 @!@!@
  |line 159, col 32 to line 159, col 41 of module slidingSender: 5091
@!@!@ENDMSG 2221 @!@!@
@!@!@STARTMSG 2221:0 @!@!@
  |line 159, col 45 to line 159, col 48 of module slidingSender: 5091
@!@!@ENDMSG 2221 @!@!@
@!@!@STARTMSG 2221:0 @!@!@
  line 160, col 11 to line 160, col 43 of module slidingSender: 2732
@!@!@ENDMSG 2221 @!@!@
@!@!@STARTMSG 2221:0 @!@!@
  line 161, col 11 to line 161, col 51 of module slidingSender: 2732
@!@!@ENDMSG 2221 @!@!@
@!@!@STARTMSG 2221:0 @!@!@
  line 162, col 11 to line 162, col 54 of module slidingSender: 2732
@!@!@ENDMSG 2221 @!@!@
@!@!@STARTMSG 2221:0 @!@!@
  line 166, col 11 to line 166, col 39 of module slidingSender: 15562
@!@!@ENDMSG 2221 @!@!@
@!@!@STARTMSG 2221:0 @!@!@
  |line 166, col 11 to line 166, col 31 of module slidingSender: 10777
@!@!@ENDMSG 2221 @!@!@
@!@!@STARTMSG 2221:0 @!@!@
  line 167, col 11 to line 167, col 27 of module slidingSender: 15562
@!@!@ENDMSG 2221 @!@!@
@!@!@STARTMSG 2221:0 @!@!@
  |line 167, col 11 to line 167, col 15 of module slidingSender: 10777
@!@!@ENDMSG 2221 @!@!@
@!@!@STARTMSG 2221:0 @!@!@
  line 167, col 32 to line 167, col 47 of module slidingSender: 9876
@!@!@ENDMSG 2221 @!@!@
@!@!@STARTMSG 2221:0 @!@!@
  |line 167, col 32 to line 167, col 40 of module slidingSender: 5091
@!@!@ENDMSG 2221 @!@!@
@!@!@STARTMSG 2221:0 @!@!@
  |line 167, col 44 to line 167, col 47 of module slidingSender: 5091
@!@!@ENDMSG 2221 @!@!@
@!@!@STARTMSG 2221:0 @!@!@
  line 168, col 14 to line 168, col 110 of module slidingSender: 4785
@!@!@ENDMSG 2221 @!@!@
@!@!@STARTMSG 2221:0 @!@!@
  |line 168, col 14 to line 168, col 73 of module slidingSender: 4785
@!@!@ENDMSG 2221 @!@!@
@!@!@STARTMSG 2221:0 @!@!@
  ||line 168, col 14 to line 168, col 43 of module slidingSender: 4785
@!@!@ENDMSG 2221 @!@!@
@!@!@STARTMSG 2221:0 @!@!@
  ||line 168, col 48 to line 168, col 73 of module slidingSender: 2685
@!@!@ENDMSG 2221 @!@!@
@!@!@STARTMSG 2221:0 @!@!@
  |line 168, col 78 to line 168, col 110 of module slidingSender: 649
@!@!@ENDMSG 2221 @!@!@
@!@!@STARTMSG 2221:0 @!@!@
  line 169, col 19 to line 169, col 36 of module slidingSender: 649
@!@!@ENDMSG 2221 @!@!@
@!@!@STARTMSG 2221:0 @!@!@
  line 170, col 19 to line 171, col 35 of module slidingSender: 4136
@!@!@ENDMSG 2221 @!@!@
@!@!@STARTMSG 2221:0 @!@!@
  line 172, col 11 to line 172, col 38 of module slidingSender: 4785
@!@!@ENDMSG 2221 @!@!@
@!@!@STARTMSG 2221:0 @!@!@
  line 173, col 11 to line 173, col 56 of module slidingSender: 4785
@!@!@ENDMSG 2221 @!@!@
@!@!@STARTMSG 2221:0 @!@!@
  line 174, col 11 to line 174, col 48 of module slidingSender: 4785
@!@!@ENDMSG 2221 @!@!@
@!@!@STARTMSG 2221:0 @!@!@
  line 178, col 11 to line 178, col 30 of module slidingSender: 12499
@!@!@ENDMSG 2221 @!@!@
@!@!@STARTMSG 2221:0 @!@!@
  |line 178, col 11 to line 178, col 22 of module slidingSender: 10777
@!@!@ENDMSG 2221 @!@!@
@!@!@STARTMSG 2221:0 @!@!@
  line 179, col 14 to line 179, col 30 of module slidingSender: 12499
@!@!@ENDMSG 2221 @!@!@
@!@!@STARTMSG 2221:0 @!@!@
  |line 179, col 14 to line 179, col 23 of module slidingSender: 10777
@!@!@ENDMSG 2221 @!@!@
@!@!@STARTMSG 2221:0 @!@!@
  |line 179, col 27 to line 179, col 30 of module slidingSender: 10777
@!@!@ENDMSG 2221 @!@!@
@!@!@STARTMSG 2221:0 @!@!@
  line 180, col 14 to line 180, col 39 of module slidingSender: 1722
@!@!@ENDMSG 2221 @!@!@
@!@!@STARTMSG 2221:0 @!@!@
  |line 180, col 14 to line 180, col 23 of module slidingSender: 4487
@!@!@ENDMSG 2221 @!@!@
@!@!@STARTMSG 2221:0 @!@!@
  |line 180, col 28 to line 180, col 39 of module slidingSender: 4487
@!@!@ENDMSG 2221 @!@!@
@!@!@STARTMSG 2221:0 @!@!@
  line 181, col 14 to line 181, col 27 of module slidingSender: 6209
@!@!@ENDMSG 2221 @!@!@
@!@!@STARTMSG 2221:0 @!@!@
  |line 181, col 14 to line 181, col 18 of module slidingSender: 4487
@!@!@ENDMSG 2221 @!@!@
@!@!@STARTMSG 2221:0 @!@!@
  line 182, col 11 to line 182, col 55 of module slidingSender: 1722
@!@!@ENDMSG 2221 @!@!@
@!@!@STARTMSG 2221:0 @!@!@
  |line 182, col 25 to line 182, col 55 of module slidingSender: 1722
@!@!@ENDMSG 2221 @!@!@
@!@!@STARTMSG 2221:0 @!@!@
  ||line 121, col 26 to line 121, col 61 of module slidingSender: 1722
@!@!@ENDMSG 2221 @!@!@
@!@!@STARTMSG 2221:0 @!@!@
  |||line 123, col 34 to line 125, col 100 of module slidingSender: 6888
@!@!@ENDMSG 2221 @!@!@
@!@!@STARTMSG 2221:0 @!@!@
  ||||line 123, col 37 to line 123, col 64 of module slidingSender: 6888
@!@!@ENDMSG 2221 @!@!@
@!@!@STARTMSG 2221:0 @!@!@
  ||||line 124, col 39 to line 124, col 42 of module slidingSender: 1722
@!@!@ENDMSG 2221 @!@!@
@!@!@STARTMSG 2221:0 @!@!@
  ||||line 125, col 39 to line 125, col 100 of module slidingSender: 5166
@!@!@ENDMSG 2221 @!@!@
@!@!@STARTMSG 2221:0 @!@!@
  |||line 121, col 38 to line 121, col 42 of module slidingSender: 1722
@!@!@ENDMSG 2221 @!@!@
@!@!@STARTMSG 2221:0 @!@!@
  |||line 121, col 45 to line 121, col 47 of module slidingSender: 1722
@!@!@ENDMSG 2221 @!@!@
@!@!@STARTMSG 2221:0 @!@!@
  |||line 121, col 50 to line 121, col 60 of module slidingSender: 1722
@!@!@ENDMSG 2221 @!@!@
@!@!@STARTMSG 2221:0 @!@!@
  ||line 182, col 36 to line 182, col 42 of module slidingSender: 1722
@!@!@ENDMSG 2221 @!@!@
@!@!@STARTMSG 2221:0 @!@!@
  ||line 182, col 45 to line 182, col 54 of module slidingSender: 1722
@!@!@ENDMSG 2221 @!@!@
@!@!@STARTMSG 2221:0 @!@!@
  line 183, col 11 to line 183, col 47 of module slidingSender: 1722
@!@!@ENDMSG 2221 @!@!@
@!@!@STARTMSG 2221:0 @!@!@
  line 184, col 11 to line 184, col 54 of module slidingSender: 1722
@!@!@ENDMSG 2221 @!@!@
@!@!@STARTMSG 2221:0 @!@!@
  line 188, col 9 to line 188, col 23 of module slidingSender: 14458
@!@!@ENDMSG 2221 @!@!@
@!@!@STARTMSG 2221:0 @!@!@
  |line 188, col 9 to line 188, col 17 of module slidingSender: 10777
@!@!@ENDMSG 2221 @!@!@
@!@!@STARTMSG 2221:0 @!@!@
  line 189, col 12 to line 189, col 27 of module slidingSender: 14458
@!@!@ENDMSG 2221 @!@!@
@!@!@STARTMSG 2221:0 @!@!@
  |line 189, col 12 to line 189, col 20 of module slidingSender: 10777
@!@!@ENDMSG 2221 @!@!@
@!@!@STARTMSG 2221:0 @!@!@
  |line 189, col 24 to line 189, col 27 of module slidingSender: 10777
@!@!@ENDMSG 2221 @!@!@
@!@!@STARTMSG 2221:0 @!@!@
  line 190, col 12 to line 190, col 25 of module slidingSender: 12176
@!@!@ENDMSG 2221 @!@!@
@!@!@STARTMSG 2221:0 @!@!@
  |line 190, col 12 to line 190, col 16 of module slidingSender: 8495
@!@!@ENDMSG 2221 @!@!@
@!@!@STARTMSG 2221:0 @!@!@
  line 191, col 12 to line 191, col 77 of module slidingSender: 3681
@!@!@ENDMSG 2221 @!@!@
@!@!@STARTMSG 2221:0 @!@!@
  |line 191, col 12 to line 191, col 41 of module slidingSender: 3681
@!@!@ENDMSG 2221 @!@!@
@!@!@STARTMSG 2221:0 @!@!@
  |line 191, col 46 to line 191, col 77 of module slidingSender: 1969
@!@!@ENDMSG 2221 @!@!@
@!@!@STARTMSG 2221:0 @!@!@
  line 192, col 17 to line 192, col 55 of module slidingSender: 257
@!@!@ENDMSG 2221 @!@!@
@!@!@STARTMSG 2221:0 @!@!@
  line 193, col 20 to line 193, col 23 of module slidingSender: 3424
@!@!@ENDMSG 2221 @!@!@
@!@!@STARTMSG 2221:0 @!@!@
  line 194, col 20 to line 194, col 39 of module slidingSender: 3424
@!@!@ENDMSG 2221 @!@!@
@!@!@STARTMSG 2221:0 @!@!@
  line 195, col 9 to line 195, col 36 of module slidingSender: 3681
@!@!@ENDMSG 2221 @!@!@
@!@!@STARTMSG 2221:0 @!@!@
  line 196, col 9 to line 196, col 40 of module slidingSender: 3681
@!@!@ENDMSG 2221 @!@!@
@!@!@STARTMSG 2221:0 @!@!@
  line 197, col 9 to line 197, col 41 of module slidingSender: 3681
@!@!@ENDMSG 2221 @!@!@
@!@!@STARTMSG 2221:0 @!@!@
  line 39, col 30 to line 39, col 99 of module ass3: 18719
@!@!@ENDMSG 2221 @!@!@
@!@!@STARTMSG 2221:0 @!@!@
  line 25, col 67 to line 25, col 77 of module ass3: 345111
@!@!@ENDMSG 2221 @!@!@
@!@!@STARTMSG 2221:0 @!@!@
  line 25, col 1 to line 25, col 77 of module ass3: 56397
@!@!@ENDMSG 2221 @!@!@
@!@!@STARTMSG 2221:0 @!@!@
  line 25, col 1 to line 25, col 77 of module ass3: 183141
@!@!@ENDMSG 2221 @!@!@
@!@!@STARTMSG 2221:0 @!@!@
  line 25, col 45 to line 25, col 54 of module ass3: 473825
@!@!@ENDMSG 2221 @!@!@
@!@!@STARTMSG 2221:0 @!@!@
  line 52, col 12 to line 52, col 23 of module dataWire: 14978
@!@!@ENDMSG 2221 @!@!@
@!@!@STARTMSG 2221:0 @!@!@
  |line 52, col 12 to line 52, col 16 of module dataWire: 10777
@!@!@ENDMSG 2221 @!@!@
@!@!@STARTMSG 2221:0 @!@!@
  |line 52, col 20 to line 52, col 23 of module dataWire: 10777
@!@!@ENDMSG 2221 @!@!@
@!@!@STARTMSG 2221:0 @!@!@
  line 52, col 28 to line 52, col 52 of module dataWire: 4201
@!@!@ENDMSG 2221 @!@!@
@!@!@STARTMSG 2221:0 @!@!@
  |line 52, col 28 to line 52, col 38 of module dataWire: 6290
@!@!@ENDMSG 2221 @!@!@
@!@!@STARTMSG 2221:0 @!@!@
  |line 52, col 42 to line 52, col 52 of module dataWire: 6290
@!@!@ENDMSG 2221 @!@!@
@!@!@STARTMSG 2221:0 @!@!@
  line 53, col 12 to line 53, col 46 of module dataWire: 4201
@!@!@ENDMSG 2221 @!@!@
@!@!@STARTMSG 2221:0 @!@!@
  line 54, col 12 to line 54, col 31 of module dataWire: 4201
@!@!@ENDMSG 2221 @!@!@
@!@!@STARTMSG 2221:0 @!@!@
  line 56, col 12 to line 56, col 23 of module dataWire: 14978
@!@!@ENDMSG 2221 @!@!@
@!@!@STARTMSG 2221:0 @!@!@
  |line 56, col 12 to line 56, col 16 of module dataWire: 10777
@!@!@ENDMSG 2221 @!@!@
@!@!@STARTMSG 2221:0 @!@!@
  |line 56, col 20 to line 56, col 23 of module dataWire: 10777
@!@!@ENDMSG 2221 @!@!@
@!@!@STARTMSG 2221:0 @!@!@
  line 56, col 28 to line 56, col 52 of module dataWire: 4201
@!@!@ENDMSG 2221 @!@!@
@!@!@STARTMSG 2221:0 @!@!@
  |line 56, col 28 to line 56, col 38 of module dataWire: 6290
@!@!@ENDMSG 2221 @!@!@
@!@!@STARTMSG 2221:0 @!@!@
  |line 56, col 42 to line 56, col 52 of module dataWire: 6290
@!@!@ENDMSG 2221 @!@!@
@!@!@STARTMSG 2221:0 @!@!@
  line 57, col 12 to line 57, col 31 of module dataWire: 4201
@!@!@ENDMSG 2221 @!@!@
@!@!@STARTMSG 2221:0 @!@!@
  line 58, col 12 to line 58, col 27 of module dataWire: 4201
@!@!@ENDMSG 2221 @!@!@
@!@!@STARTMSG 2221:0 @!@!@
  line 60, col 15 to line 60, col 26 of module dataWire: 14978
@!@!@ENDMSG 2221 @!@!@
@!@!@STARTMSG 2221:0 @!@!@
  |line 60, col 15 to line 60, col 19 of module dataWire: 10777
@!@!@ENDMSG 2221 @!@!@
@!@!@STARTMSG 2221:0 @!@!@
  |line 60, col 23 to line 60, col 26 of module dataWire: 10777
@!@!@ENDMSG 2221 @!@!@
@!@!@STARTMSG 2221:0 @!@!@
  line 60, col 31 to line 60, col 55 of module dataWire: 4201
@!@!@ENDMSG 2221 @!@!@
@!@!@STARTMSG 2221:0 @!@!@
  |line 60, col 31 to line 60, col 41 of module dataWire: 6290
@!@!@ENDMSG 2221 @!@!@
@!@!@STARTMSG 2221:0 @!@!@
  |line 60, col 45 to line 60, col 55 of module dataWire: 6290
@!@!@ENDMSG 2221 @!@!@
@!@!@STARTMSG 2221:0 @!@!@
  line 61, col 15 to line 61, col 50 of module dataWire: 4201
@!@!@ENDMSG 2221 @!@!@
@!@!@STARTMSG 2221:0 @!@!@
  line 62, col 15 to line 62, col 34 of module dataWire: 4201
@!@!@ENDMSG 2221 @!@!@
@!@!@STARTMSG 2221:0 @!@!@
  line 40, col 32 to line 40, col 134 of module ass3: 12603
@!@!@ENDMSG 2221 @!@!@
@!@!@STARTMSG 2221:0 @!@!@
  line 26, col 65 to line 26, col 74 of module ass3: 22517
@!@!@ENDMSG 2221 @!@!@
@!@!@STARTMSG 2221:0 @!@!@
  line 26, col 1 to line 26, col 74 of module ass3: 3721
@!@!@ENDMSG 2221 @!@!@
@!@!@STARTMSG 2221:0 @!@!@
  line 26, col 1 to line 26, col 74 of module ass3: 15075
@!@!@ENDMSG 2221 @!@!@
@!@!@STARTMSG 2221:0 @!@!@
  line 26, col 44 to line 26, col 52 of module ass3: 47215
@!@!@ENDMSG 2221 @!@!@
@!@!@STARTMSG 2221:0 @!@!@
  line 52, col 12 to line 52, col 23 of module dataWire: 14498
@!@!@ENDMSG 2221 @!@!@
@!@!@STARTMSG 2221:0 @!@!@
  |line 52, col 12 to line 52, col 16 of module dataWire: 10777
@!@!@ENDMSG 2221 @!@!@
@!@!@STARTMSG 2221:0 @!@!@
  |line 52, col 20 to line 52, col 23 of module dataWire: 10777
@!@!@ENDMSG 2221 @!@!@
@!@!@STARTMSG 2221:0 @!@!@
  line 52, col 28 to line 52, col 52 of module dataWire: 3721
@!@!@ENDMSG 2221 @!@!@
@!@!@STARTMSG 2221:0 @!@!@
  |line 52, col 28 to line 52, col 38 of module dataWire: 5025
@!@!@ENDMSG 2221 @!@!@
@!@!@STARTMSG 2221:0 @!@!@
  |line 52, col 42 to line 52, col 52 of module dataWire: 5025
@!@!@ENDMSG 2221 @!@!@
@!@!@STARTMSG 2221:0 @!@!@
  line 53, col 12 to line 53, col 46 of module dataWire: 3721
@!@!@ENDMSG 2221 @!@!@
@!@!@STARTMSG 2221:0 @!@!@
  line 54, col 12 to line 54, col 31 of module dataWire: 3721
@!@!@ENDMSG 2221 @!@!@
@!@!@STARTMSG 2221:0 @!@!@
  line 56, col 12 to line 56, col 23 of module dataWire: 14498
@!@!@ENDMSG 2221 @!@!@
@!@!@STARTMSG 2221:0 @!@!@
  |line 56, col 12 to line 56, col 16 of module dataWire: 10777
@!@!@ENDMSG 2221 @!@!@
@!@!@STARTMSG 2221:0 @!@!@
  |line 56, col 20 to line 56, col 23 of module dataWire: 10777
@!@!@ENDMSG 2221 @!@!@
@!@!@STARTMSG 2221:0 @!@!@
  line 56, col 28 to line 56, col 52 of module dataWire: 3721
@!@!@ENDMSG 2221 @!@!@
@!@!@STARTMSG 2221:0 @!@!@
  |line 56, col 28 to line 56, col 38 of module dataWire: 5025
@!@!@ENDMSG 2221 @!@!@
@!@!@STARTMSG 2221:0 @!@!@
  |line 56, col 42 to line 56, col 52 of module dataWire: 5025
@!@!@ENDMSG 2221 @!@!@
@!@!@STARTMSG 2221:0 @!@!@
  line 57, col 12 to line 57, col 31 of module dataWire: 3721
@!@!@ENDMSG 2221 @!@!@
@!@!@STARTMSG 2221:0 @!@!@
  line 58, col 12 to line 58, col 27 of module dataWire: 3721
@!@!@ENDMSG 2221 @!@!@
@!@!@STARTMSG 2221:0 @!@!@
  line 60, col 15 to line 60, col 26 of module dataWire: 14498
@!@!@ENDMSG 2221 @!@!@
@!@!@STARTMSG 2221:0 @!@!@
  |line 60, col 15 to line 60, col 19 of module dataWire: 10777
@!@!@ENDMSG 2221 @!@!@
@!@!@STARTMSG 2221:0 @!@!@
  |line 60, col 23 to line 60, col 26 of module dataWire: 10777
@!@!@ENDMSG 2221 @!@!@
@!@!@STARTMSG 2221:0 @!@!@
  line 60, col 31 to line 60, col 55 of module dataWire: 3721
@!@!@ENDMSG 2221 @!@!@
@!@!@STARTMSG 2221:0 @!@!@
  |line 60, col 31 to line 60, col 41 of module dataWire: 5025
@!@!@ENDMSG 2221 @!@!@
@!@!@STARTMSG 2221:0 @!@!@
  |line 60, col 45 to line 60, col 55 of module dataWire: 5025
@!@!@ENDMSG 2221 @!@!@
@!@!@STARTMSG 2221:0 @!@!@
  line 61, col 15 to line 61, col 50 of module dataWire: 3721
@!@!@ENDMSG 2221 @!@!@
@!@!@STARTMSG 2221:0 @!@!@
  line 62, col 15 to line 62, col 34 of module dataWire: 3721
@!@!@ENDMSG 2221 @!@!@
@!@!@STARTMSG 2221:0 @!@!@
  line 41, col 31 to line 41, col 135 of module ass3: 11163
@!@!@ENDMSG 2221 @!@!@
@!@!@STARTMSG 2221:0 @!@!@
  line 28, col 1 to line 28, col 111 of module ass3: 7818
@!@!@ENDMSG 2221 @!@!@
@!@!@STARTMSG 2221:0 @!@!@
  line 28, col 1 to line 28, col 111 of module ass3: 26070
@!@!@ENDMSG 2221 @!@!@
@!@!@STARTMSG 2221:0 @!@!@
  line 28, col 1 to line 28, col 111 of module ass3: 51244
@!@!@ENDMSG 2221 @!@!@
@!@!@STARTMSG 2221:0 @!@!@
  line 28, col 52 to line 28, col 62 of module ass3: 38589
@!@!@ENDMSG 2221 @!@!@
@!@!@STARTMSG 2221:0 @!@!@
  line 28, col 79 to line 28, col 87 of module ass3: 12613
@!@!@ENDMSG 2221 @!@!@
@!@!@STARTMSG 2221:0 @!@!@
  line 28, col 99 to line 28, col 111 of module ass3: 37645
@!@!@ENDMSG 2221 @!@!@
@!@!@STARTMSG 2221:0 @!@!@
  line 151, col 14 to line 151, col 30 of module gbnReceiver: 11697
@!@!@ENDMSG 2221 @!@!@
@!@!@STARTMSG 2221:0 @!@!@
  |line 151, col 14 to line 151, col 18 of module gbnReceiver: 10777
@!@!@ENDMSG 2221 @!@!@
@!@!@STARTMSG 2221:0 @!@!@
  line 152, col 14 to line 152, col 30 of module gbnReceiver: 2756
@!@!@ENDMSG 2221 @!@!@
@!@!@STARTMSG 2221:0 @!@!@
  |line 152, col 14 to line 152, col 23 of module gbnReceiver: 1836
@!@!@ENDMSG 2221 @!@!@
@!@!@STARTMSG 2221:0 @!@!@
  |line 152, col 27 to line 152, col 30 of module gbnReceiver: 1836
@!@!@ENDMSG 2221 @!@!@
@!@!@STARTMSG 2221:0 @!@!@
  line 153, col 11 to line 153, col 48 of module gbnReceiver: 920
@!@!@ENDMSG 2221 @!@!@
@!@!@STARTMSG 2221:0 @!@!@
  line 154, col 11 to line 154, col 61 of module gbnReceiver: 920
@!@!@ENDMSG 2221 @!@!@
@!@!@STARTMSG 2221:0 @!@!@
  line 156, col 19 to line 156, col 35 of module gbnReceiver: 12458
@!@!@ENDMSG 2221 @!@!@
@!@!@STARTMSG 2221:0 @!@!@
  |line 156, col 19 to line 156, col 23 of module gbnReceiver: 10777
@!@!@ENDMSG 2221 @!@!@
@!@!@STARTMSG 2221:0 @!@!@
  line 157, col 19 to line 157, col 34 of module gbnReceiver: 3517
@!@!@ENDMSG 2221 @!@!@
@!@!@STARTMSG 2221:0 @!@!@
  |line 157, col 19 to line 157, col 27 of module gbnReceiver: 1836
@!@!@ENDMSG 2221 @!@!@
@!@!@STARTMSG 2221:0 @!@!@
  |line 157, col 31 to line 157, col 34 of module gbnReceiver: 1836
@!@!@ENDMSG 2221 @!@!@
@!@!@STARTMSG 2221:0 @!@!@
  line 158, col 19 to line 158, col 81 of module gbnReceiver: 1681
@!@!@ENDMSG 2221 @!@!@
@!@!@STARTMSG 2221:0 @!@!@
  |line 158, col 19 to line 158, col 48 of module gbnReceiver: 1681
@!@!@ENDMSG 2221 @!@!@
@!@!@STARTMSG 2221:0 @!@!@
  |line 158, col 53 to line 158, col 81 of module gbnReceiver: 841
@!@!@ENDMSG 2221 @!@!@
@!@!@STARTMSG 2221:0 @!@!@
  line 159, col 24 to line 159, col 41 of module gbnReceiver: 841
@!@!@ENDMSG 2221 @!@!@
@!@!@STARTMSG 2221:0 @!@!@
  line 160, col 24 to line 161, col 40 of module gbnReceiver: 840
@!@!@ENDMSG 2221 @!@!@
@!@!@STARTMSG 2221:0 @!@!@
  line 162, col 16 to line 162, col 32 of module gbnReceiver: 1681
@!@!@ENDMSG 2221 @!@!@
@!@!@STARTMSG 2221:0 @!@!@
  line 163, col 16 to line 163, col 60 of module gbnReceiver: 1681
@!@!@ENDMSG 2221 @!@!@
@!@!@STARTMSG 2221:0 @!@!@
  line 165, col 19 to line 165, col 34 of module gbnReceiver: 18595
@!@!@ENDMSG 2221 @!@!@
@!@!@STARTMSG 2221:0 @!@!@
  |line 165, col 19 to line 165, col 27 of module gbnReceiver: 10777
@!@!@ENDMSG 2221 @!@!@
@!@!@STARTMSG 2221:0 @!@!@
  |line 165, col 31 to line 165, col 34 of module gbnReceiver: 10777
@!@!@ENDMSG 2221 @!@!@
@!@!@STARTMSG 2221:0 @!@!@
  line 166, col 19 to line 166, col 32 of module gbnReceiver: 17317
@!@!@ENDMSG 2221 @!@!@
@!@!@STARTMSG 2221:0 @!@!@
  |line 166, col 19 to line 166, col 23 of module gbnReceiver: 9499
@!@!@ENDMSG 2221 @!@!@
@!@!@STARTMSG 2221:0 @!@!@
  line 167, col 16 to line 174, col 26 of module gbnReceiver: 7818
@!@!@ENDMSG 2221 @!@!@
@!@!@STARTMSG 2221:0 @!@!@
  |line 167, col 32 to line 174, col 26 of module gbnReceiver: 7818
@!@!@ENDMSG 2221 @!@!@
@!@!@STARTMSG 2221:0 @!@!@
  ||line 167, col 32 to line 167, col 37 of module gbnReceiver: 7818
@!@!@ENDMSG 2221 @!@!@
@!@!@STARTMSG 2221:0 @!@!@
  ||line 169, col 26 to line 174, col 26 of module gbnReceiver: 7818
@!@!@ENDMSG 2221 @!@!@
@!@!@STARTMSG 2221:0 @!@!@
  |||line 127, col 23 to line 128, col 69 of module gbnReceiver: 9633
@!@!@ENDMSG 2221 @!@!@
@!@!@STARTMSG 2221:0 @!@!@
  ||||line 127, col 26 to line 127, col 37 of module gbnReceiver: 9633
@!@!@ENDMSG 2221 @!@!@
@!@!@STARTMSG 2221:0 @!@!@
  ||||line 127, col 44 to line 127, col 47 of module gbnReceiver: 7818
@!@!@ENDMSG 2221 @!@!@
@!@!@STARTMSG 2221:0 @!@!@
  ||||line 128, col 28 to line 128, col 69 of module gbnReceiver: 1815
@!@!@ENDMSG 2221 @!@!@
@!@!@STARTMSG 2221:0 @!@!@
  |||line 131, col 17 to line 131, col 23 of module gbnReceiver: 1815
@!@!@ENDMSG 2221 @!@!@
@!@!@STARTMSG 2221:0 @!@!@
  |||line 172, col 30 to line 173, col 78 of module gbnReceiver: 7818
@!@!@ENDMSG 2221 @!@!@
@!@!@STARTMSG 2221:0 @!@!@
  ||||line 172, col 37 to line 172, col 58 of module gbnReceiver: 7818
@!@!@ENDMSG 2221 @!@!@
@!@!@STARTMSG 2221:0 @!@!@
  |||||line 120, col 25 to line 122, col 76 of module gbnReceiver: 24339
@!@!@ENDMSG 2221 @!@!@
@!@!@STARTMSG 2221:0 @!@!@
  ||||||line 120, col 28 to line 120, col 41 of module gbnReceiver: 24339
@!@!@ENDMSG 2221 @!@!@
@!@!@STARTMSG 2221:0 @!@!@
  ||||||line 120, col 48 to line 120, col 51 of module gbnReceiver: 7818
@!@!@ENDMSG 2221 @!@!@
@!@!@STARTMSG 2221:0 @!@!@
  ||||||line 121, col 30 to line 122, col 76 of module gbnReceiver: 16521
@!@!@ENDMSG 2221 @!@!@
@!@!@STARTMSG 2221:0 @!@!@
  |||||||line 121, col 33 to line 121, col 60 of module gbnReceiver: 16521
@!@!@ENDMSG 2221 @!@!@
@!@!@STARTMSG 2221:0 @!@!@
  |||||||line 121, col 67 to line 121, col 92 of module gbnReceiver: 7111
@!@!@ENDMSG 2221 @!@!@
@!@!@STARTMSG 2221:0 @!@!@
  |||||||line 122, col 30 to line 122, col 76 of module gbnReceiver: 9410
@!@!@ENDMSG 2221 @!@!@
@!@!@STARTMSG 2221:0 @!@!@
  |||||line 172, col 49 to line 172, col 57 of module gbnReceiver: 7818
@!@!@ENDMSG 2221 @!@!@
@!@!@STARTMSG 2221:0 @!@!@
  ||||line 173, col 34 to line 173, col 77 of module gbnReceiver: 7818
@!@!@ENDMSG 2221 @!@!@
@!@!@STARTMSG 2221:0 @!@!@
  |||||line 135, col 33 to line 137, col 34 of module gbnReceiver: 9633
@!@!@ENDMSG 2221 @!@!@
@!@!@STARTMSG 2221:0 @!@!@
  ||||||line 135, col 36 to line 135, col 49 of module gbnReceiver: 9633
@!@!@ENDMSG 2221 @!@!@
@!@!@STARTMSG 2221:0 @!@!@
  ||||||line 136, col 34 to line 137, col 34 of module gbnReceiver: 7006
@!@!@ENDMSG 2221 @!@!@
@!@!@STARTMSG 2221:0 @!@!@
  |||||||line 136, col 37 to line 136, col 68 of module gbnReceiver: 7006
@!@!@ENDMSG 2221 @!@!@
@!@!@STARTMSG 2221:0 @!@!@
  |||||||line 136, col 75 to line 136, col 117 of module gbnReceiver: 1815
@!@!@ENDMSG 2221 @!@!@
@!@!@STARTMSG 2221:0 @!@!@
  ||||||||line 136, col 79 to line 136, col 117 of module gbnReceiver: 1815
@!@!@ENDMSG 2221 @!@!@
@!@!@STARTMSG 2221:0 @!@!@
  |||||||||line 136, col 89 to line 136, col 99 of module gbnReceiver: 1815
@!@!@ENDMSG 2221 @!@!@
@!@!@STARTMSG 2221:0 @!@!@
  |||||||||line 136, col 102 to line 136, col 116 of module gbnReceiver: 756
@!@!@ENDMSG 2221 @!@!@
@!@!@STARTMSG 2221:0 @!@!@
  |||||line 173, col 44 to line 173, col 65 of module gbnReceiver: 7818
@!@!@ENDMSG 2221 @!@!@
@!@!@STARTMSG 2221:0 @!@!@
  ||||||line 120, col 25 to line 122, col 76 of module gbnReceiver: 24339
@!@!@ENDMSG 2221 @!@!@
@!@!@STARTMSG 2221:0 @!@!@
  |||||||line 120, col 28 to line 120, col 41 of module gbnReceiver: 24339
@!@!@ENDMSG 2221 @!@!@
@!@!@STARTMSG 2221:0 @!@!@
  |||||||line 120, col 48 to line 120, col 51 of module gbnReceiver: 7818
@!@!@ENDMSG 2221 @!@!@
@!@!@STARTMSG 2221:0 @!@!@
  |||||||line 121, col 30 to line 122, col 76 of module gbnReceiver: 16521
@!@!@ENDMSG 2221 @!@!@
@!@!@STARTMSG 2221:0 @!@!@
  ||||||||line 121, col 33 to line 121, col 60 of module gbnReceiver: 16521
@!@!@ENDMSG 2221 @!@!@
@!@!@STARTMSG 2221:0 @!@!@
  ||||||||line 121, col 67 to line 121, col 92 of module gbnReceiver: 7111
@!@!@ENDMSG 2221 @!@!@
@!@!@STARTMSG 2221:0 @!@!@
  ||||||||line 122, col 30 to line 122, col 76 of module gbnReceiver: 9410
@!@!@ENDMSG 2221 @!@!@
@!@!@STARTMSG 2221:0 @!@!@
  ||||||line 173, col 56 to line 173, col 64 of module gbnReceiver: 7818
@!@!@ENDMSG 2221 @!@!@
@!@!@STARTMSG 2221:0 @!@!@
  |||||line 173, col 68 to line 173, col 76 of module gbnReceiver: 6250
@!@!@ENDMSG 2221 @!@!@
@!@!@STARTMSG 2221:0 @!@!@
  line 175, col 16 to line 175, col 84 of module gbnReceiver: 7818
@!@!@ENDMSG 2221 @!@!@
@!@!@STARTMSG 2221:0 @!@!@
  |line 175, col 29 to line 175, col 84 of module gbnReceiver: 7818
@!@!@ENDMSG 2221 @!@!@
@!@!@STARTMSG 2221:0 @!@!@
  ||line 175, col 29 to line 175, col 37 of module gbnReceiver: 7818
@!@!@ENDMSG 2221 @!@!@
@!@!@STARTMSG 2221:0 @!@!@
  ||line 175, col 41 to line 175, col 84 of module gbnReceiver: 7818
@!@!@ENDMSG 2221 @!@!@
@!@!@STARTMSG 2221:0 @!@!@
  |||line 135, col 33 to line 137, col 34 of module gbnReceiver: 9633
@!@!@ENDMSG 2221 @!@!@
@!@!@STARTMSG 2221:0 @!@!@
  ||||line 135, col 36 to line 135, col 49 of module gbnReceiver: 9633
@!@!@ENDMSG 2221 @!@!@
@!@!@STARTMSG 2221:0 @!@!@
  ||||line 136, col 34 to line 137, col 34 of module gbnReceiver: 7006
@!@!@ENDMSG 2221 @!@!@
@!@!@STARTMSG 2221:0 @!@!@
  |||||line 136, col 37 to line 136, col 68 of module gbnReceiver: 7006
@!@!@ENDMSG 2221 @!@!@
@!@!@STARTMSG 2221:0 @!@!@
  |||||line 136, col 75 to line 136, col 117 of module gbnReceiver: 1815
@!@!@ENDMSG 2221 @!@!@
@!@!@STARTMSG 2221:0 @!@!@
  ||||||line 136, col 79 to line 136, col 117 of module gbnReceiver: 1815
@!@!@ENDMSG 2221 @!@!@
@!@!@STARTMSG 2221:0 @!@!@
  |||||||line 136, col 89 to line 136, col 99 of module gbnReceiver: 1815
@!@!@ENDMSG 2221 @!@!@
@!@!@STARTMSG 2221:0 @!@!@
  |||||||line 136, col 102 to line 136, col 116 of module gbnReceiver: 756
@!@!@ENDMSG 2221 @!@!@
@!@!@STARTMSG 2221:0 @!@!@
  |||line 175, col 51 to line 175, col 72 of module gbnReceiver: 7818
@!@!@ENDMSG 2221 @!@!@
@!@!@STARTMSG 2221:0 @!@!@
  ||||line 120, col 25 to line 122, col 76 of module gbnReceiver: 24339
@!@!@ENDMSG 2221 @!@!@
@!@!@STARTMSG 2221:0 @!@!@
  |||||line 120, col 28 to line 120, col 41 of module gbnReceiver: 24339
@!@!@ENDMSG 2221 @!@!@
@!@!@STARTMSG 2221:0 @!@!@
  |||||line 120, col 48 to line 120, col 51 of module gbnReceiver: 7818
@!@!@ENDMSG 2221 @!@!@
@!@!@STARTMSG 2221:0 @!@!@
  |||||line 121, col 30 to line 122, col 76 of module gbnReceiver: 16521
@!@!@ENDMSG 2221 @!@!@
@!@!@STARTMSG 2221:0 @!@!@
  ||||||line 121, col 33 to line 121, col 60 of module gbnReceiver: 16521
@!@!@ENDMSG 2221 @!@!@
@!@!@STARTMSG 2221:0 @!@!@
  ||||||line 121, col 67 to line 121, col 92 of module gbnReceiver: 7111
@!@!@ENDMSG 2221 @!@!@
@!@!@STARTMSG 2221:0 @!@!@
  ||||||line 122, col 30 to line 122, col 76 of module gbnReceiver: 9410
@!@!@ENDMSG 2221 @!@!@
@!@!@STARTMSG 2221:0 @!@!@
  ||||line 175, col 63 to line 175, col 71 of module gbnReceiver: 7818
@!@!@ENDMSG 2221 @!@!@
@!@!@STARTMSG 2221:0 @!@!@
  |||line 175, col 75 to line 175, col 83 of module gbnReceiver: 6250
@!@!@ENDMSG 2221 @!@!@
@!@!@STARTMSG 2221:0 @!@!@
  line 176, col 16 to line 176, col 32 of module gbnReceiver: 7818
@!@!@ENDMSG 2221 @!@!@
@!@!@STARTMSG 2221:0 @!@!@
  line 177, col 16 to line 177, col 48 of module gbnReceiver: 7818
@!@!@ENDMSG 2221 @!@!@
@!@!@STARTMSG 2221:0 @!@!@
  line 179, col 17 to line 179, col 33 of module gbnReceiver: 15609
@!@!@ENDMSG 2221 @!@!@
@!@!@STARTMSG 2221:0 @!@!@
  |line 179, col 17 to line 179, col 26 of module gbnReceiver: 10777
@!@!@ENDMSG 2221 @!@!@
@!@!@STARTMSG 2221:0 @!@!@
  |line 179, col 30 to line 179, col 33 of module gbnReceiver: 10777
@!@!@ENDMSG 2221 @!@!@
@!@!@STARTMSG 2221:0 @!@!@
  line 180, col 17 to line 180, col 30 of module gbnReceiver: 10584
@!@!@ENDMSG 2221 @!@!@
@!@!@STARTMSG 2221:0 @!@!@
  |line 180, col 17 to line 180, col 21 of module gbnReceiver: 5752
@!@!@ENDMSG 2221 @!@!@
@!@!@STARTMSG 2221:0 @!@!@
  line 181, col 14 to line 181, col 53 of module gbnReceiver: 4832
@!@!@ENDMSG 2221 @!@!@
@!@!@STARTMSG 2221:0 @!@!@
  line 182, col 14 to line 182, col 64 of module gbnReceiver: 4832
@!@!@ENDMSG 2221 @!@!@
@!@!@STARTMSG 2221:0 @!@!@
  line 42, col 32 to line 42, col 101 of module ass3: 15251
@!@!@ENDMSG 2221 @!@!@
@!@!@STARTMSG 2221:0 @!@!@
  line 43, col 12 to line 43, col 34 of module ass3: 57736
@!@!@ENDMSG 2221 @!@!@
@!@!@STARTMSG 2774:0 @!@!@
<Action line 62, col 21 to line 62, col 95 of module ass3>
@!@!@ENDMSG 2774 @!@!@
@!@!@STARTMSG 2221:0 @!@!@
  line 62, col 21 to line 62, col 95 of module ass3: 15395
@!@!@ENDMSG 2221 @!@!@
@!@!@STARTMSG 2221:0 @!@!@
  |line 62, col 21 to line 62, col 33 of module ass3: 15395
@!@!@ENDMSG 2221 @!@!@
@!@!@STARTMSG 2221:0 @!@!@
  |line 62, col 38 to line 62, col 95 of module ass3: 3912
@!@!@ENDMSG 2221 @!@!@
@!@!@STARTMSG 2221:0 @!@!@
  ||line 62, col 68 to line 62, col 95 of module ass3: 6388
@!@!@ENDMSG 2221 @!@!@
@!@!@STARTMSG 2221:0 @!@!@
  ||line 62, col 48 to line 62, col 64 of module ass3: 3912
@!@!@ENDMSG 2221 @!@!@
@!@!@STARTMSG 2202:0 @!@!@
End of statistics.
@!@!@ENDMSG 2202 @!@!@
@!@!@STARTMSG 2200:0 @!@!@
Progress(21) at 2019-06-17 18:08:55: 57,624 states generated (737,665 s/min), 15,395 distinct states found (197,077 ds/min), 4,649 states left on queue.
@!@!@ENDMSG 2200 @!@!@
@!@!@STARTMSG 2199:0 @!@!@
57624 states generated, 15395 distinct states found, 4649 states left on queue.
@!@!@ENDMSG 2199 @!@!@
@!@!@STARTMSG 2186:0 @!@!@
Finished in 4695ms at (2019-06-17 18:08:55)
@!@!@ENDMSG 2186 @!@!@
