@!@!@STARTMSG 2262:0 @!@!@
TLC2 Version 2.13 of 18 July 2018
@!@!@ENDMSG 2262 @!@!@
@!@!@STARTMSG 2187:0 @!@!@
Running breadth-first search Model-Checking with fp 118 and seed -612651767759390288 with 4 workers on 8 cores with 583MB heap and 1309MB offheap memory [pid: 7408] (Linux 5.1.7-arch1-1-ARCH amd64, AdoptOpenJDK 11.0.3 x86_64, OffHeapDiskFPSet, DiskStateQueue).
@!@!@ENDMSG 2187 @!@!@
@!@!@STARTMSG 2220:0 @!@!@
Starting SANY...
@!@!@ENDMSG 2220 @!@!@
Parsing file /home/jb567/projects/tla-go-back-n/goBackN.toolbox/Properties/MC.tla
Parsing file /home/jb567/projects/tla-go-back-n/goBackN.toolbox/Properties/ass3.tla
Parsing file /usr/share/java/tla-toolbox/plugins/org.lamport.tlatools_1.0.0.201905151637/tla2sany/StandardModules/TLC.tla
Parsing file /usr/share/java/tla-toolbox/plugins/org.lamport.tlatools_1.0.0.201905151637/tla2sany/StandardModules/Sequences.tla
Parsing file /usr/share/java/tla-toolbox/plugins/org.lamport.tlatools_1.0.0.201905151637/tla2sany/StandardModules/Naturals.tla
Parsing file /home/jb567/projects/tla-go-back-n/goBackN.toolbox/Properties/slidingSender.tla
Parsing file /home/jb567/projects/tla-go-back-n/goBackN.toolbox/Properties/Util.tla
Parsing file /home/jb567/projects/tla-go-back-n/goBackN.toolbox/Properties/dataWire.tla
Parsing file /home/jb567/projects/tla-go-back-n/goBackN.toolbox/Properties/gbnReceiver.tla
Parsing file /home/jb567/projects/tla-go-back-n/goBackN.toolbox/Properties/mpb.tla
Parsing file /home/jb567/projects/tla-go-back-n/goBackN.toolbox/Properties/tcp.tla
Parsing file /usr/share/java/tla-toolbox/plugins/org.lamport.tlatools_1.0.0.201905151637/tla2sany/StandardModules/FiniteSets.tla
Semantic processing of module Naturals
Semantic processing of module Sequences
Semantic processing of module FiniteSets
Semantic processing of module TLC
Semantic processing of module Util
Semantic processing of module slidingSender
Semantic processing of module dataWire
Semantic processing of module gbnReceiver
Semantic processing of module mpb
Semantic processing of module tcp
Semantic processing of module ass3
Semantic processing of module MC
@!@!@STARTMSG 2219:0 @!@!@
SANY finished.
@!@!@ENDMSG 2219 @!@!@
@!@!@STARTMSG 2185:0 @!@!@
Starting... (2019-06-18 21:57:57)
@!@!@ENDMSG 2185 @!@!@
@!@!@STARTMSG 2140:3 @!@!@
The subscript of the next-state relation specified by the specification
does not seem to contain the state variable senderStartNum
@!@!@ENDMSG 2140 @!@!@
@!@!@STARTMSG 2140:3 @!@!@
The subscript of the next-state relation specified by the specification
does not seem to contain the state variable receiverStartNum
@!@!@ENDMSG 2140 @!@!@
@!@!@STARTMSG 2140:3 @!@!@
The subscript of the next-state relation specified by the specification
does not seem to contain the state variable receiverDiff
@!@!@ENDMSG 2140 @!@!@
@!@!@STARTMSG 2140:3 @!@!@
The subscript of the next-state relation specified by the specification
does not seem to contain the state variable senderDiff
@!@!@ENDMSG 2140 @!@!@
@!@!@STARTMSG 2212:0 @!@!@
Implied-temporal checking--satisfiability problem has 1 branches.
@!@!@ENDMSG 2212 @!@!@
@!@!@STARTMSG 2189:0 @!@!@
Computing initial states...
@!@!@ENDMSG 2189 @!@!@
@!@!@STARTMSG 2102:1 @!@!@
current state is not a legal state
While working on the initial state:
/\ senderState = "WAITING"
/\ ackWireIn = <<>>
/\ ackWireOut = <<>>
/\ dataWireOut = <<>>
/\ n = 0
/\ senderStartNum = 1
/\ dataWireIn = <<>>
/\ output = <<>>
/\ ackSeqNum = 1
/\ senderIdx = 1
/\ receiverStartNum = 1
/\ buffer = <<>>
/\ receiverDiff = null
/\ senderPc = [ SendSynAck |-> "A_S",
  ACK |-> "A",
  SynAck |-> "A_",
  ReceiveButFirst |-> "A_R",
  Sender |-> "A_s" ]
/\ receiverState = "WAITING"
/\ senderDiff = null

@!@!@ENDMSG 2102 @!@!@
@!@!@STARTMSG 2186:0 @!@!@
Finished in 1710ms at (2019-06-18 21:57:58)
@!@!@ENDMSG 2186 @!@!@
